{"/Users/krisstoll/Documents/App Development/LaunchBird/app/error.tsx": {"path":"/Users/krisstoll/Documents/App Development/LaunchBird/app/error.tsx","statementMap":{"0":{"start":{"line":16,"column":24},"end":{"line":16,"column":30}},"1":{"start":{"line":3,"column":26},"end":{"line":3,"column":null}},"2":{"start":{"line":4,"column":23},"end":{"line":4,"column":null}},"3":{"start":{"line":5,"column":47},"end":{"line":5,"column":null}},"4":{"start":{"line":17,"column":2},"end":{"line":20,"column":null}},"5":{"start":{"line":19,"column":4},"end":{"line":19,"column":null}},"6":{"start":{"line":64,"column":27},"end":{"line":64,"column":null}}},"fnMap":{"0":{"name":"Error","decl":{"start":{"line":16,"column":24},"end":{"line":16,"column":30}},"loc":{"start":{"line":16,"column":58},"end":{"line":73,"column":null}}},"1":{"name":"(anonymous_2)","decl":{"start":{"line":17,"column":12},"end":{"line":17,"column":null}},"loc":{"start":{"line":17,"column":12},"end":{"line":20,"column":5}}},"2":{"name":"(anonymous_3)","decl":{"start":{"line":64,"column":21},"end":{"line":64,"column":27}},"loc":{"start":{"line":64,"column":27},"end":{"line":64,"column":null}}}},"branchMap":{"0":{"loc":{"start":{"line":37,"column":9},"end":{"line":37,"column":null}},"type":"binary-expr","locations":[{"start":{"line":37,"column":9},"end":{"line":37,"column":null}}]},"1":{"loc":{"start":{"line":45,"column":13},"end":{"line":45,"column":25}},"type":"binary-expr","locations":[{"start":{"line":45,"column":13},"end":{"line":45,"column":25}}]}},"s":{"0":0,"1":0,"2":0,"3":0,"4":0,"5":0,"6":0},"f":{"0":0,"1":0,"2":0},"b":{"0":[0],"1":[0]}}
,"/Users/krisstoll/Documents/App Development/LaunchBird/app/global-error.tsx": {"path":"/Users/krisstoll/Documents/App Development/LaunchBird/app/global-error.tsx","statementMap":{"0":{"start":{"line":16,"column":24},"end":{"line":16,"column":36}},"1":{"start":{"line":3,"column":26},"end":{"line":3,"column":null}},"2":{"start":{"line":4,"column":23},"end":{"line":4,"column":null}},"3":{"start":{"line":5,"column":47},"end":{"line":5,"column":null}},"4":{"start":{"line":17,"column":2},"end":{"line":20,"column":null}},"5":{"start":{"line":19,"column":4},"end":{"line":19,"column":null}},"6":{"start":{"line":66,"column":31},"end":{"line":66,"column":null}}},"fnMap":{"0":{"name":"GlobalError","decl":{"start":{"line":16,"column":24},"end":{"line":16,"column":36}},"loc":{"start":{"line":16,"column":70},"end":{"line":77,"column":null}}},"1":{"name":"(anonymous_2)","decl":{"start":{"line":17,"column":12},"end":{"line":17,"column":null}},"loc":{"start":{"line":17,"column":12},"end":{"line":20,"column":5}}},"2":{"name":"(anonymous_3)","decl":{"start":{"line":66,"column":25},"end":{"line":66,"column":31}},"loc":{"start":{"line":66,"column":31},"end":{"line":66,"column":null}}}},"branchMap":{"0":{"loc":{"start":{"line":39,"column":13},"end":{"line":39,"column":null}},"type":"binary-expr","locations":[{"start":{"line":39,"column":13},"end":{"line":39,"column":null}}]},"1":{"loc":{"start":{"line":47,"column":17},"end":{"line":47,"column":29}},"type":"binary-expr","locations":[{"start":{"line":47,"column":17},"end":{"line":47,"column":29}}]}},"s":{"0":0,"1":0,"2":0,"3":0,"4":0,"5":0,"6":0},"f":{"0":0,"1":0,"2":0},"b":{"0":[0],"1":[0]}}
,"/Users/krisstoll/Documents/App Development/LaunchBird/app/layout.tsx": {"path":"/Users/krisstoll/Documents/App Development/LaunchBird/app/layout.tsx","statementMap":{"0":{"start":{"line":32,"column":24},"end":{"line":32,"column":35}},"1":{"start":{"line":3,"column":43},"end":{"line":3,"column":null}},"2":{"start":{"line":4,"column":39},"end":{"line":4,"column":null}},"3":{"start":{"line":5,"column":49},"end":{"line":5,"column":null}},"4":{"start":{"line":22,"column":7},"end":{"line":22,"column":null}},"5":{"start":{"line":23,"column":23},"end":{"line":23,"column":null}},"6":{"start":{"line":24,"column":25},"end":{"line":24,"column":null}},"7":{"start":{"line":26,"column":7},"end":{"line":26,"column":null}},"8":{"start":{"line":37,"column":17},"end":{"line":37,"column":null}},"9":{"start":{"line":38,"column":19},"end":{"line":38,"column":null}},"10":{"start":{"line":39,"column":40},"end":{"line":39,"column":null}},"11":{"start":{"line":40,"column":32},"end":{"line":40,"column":null}},"12":{"start":{"line":41,"column":20},"end":{"line":41,"column":null}},"13":{"start":{"line":44,"column":28},"end":{"line":44,"column":null}},"14":{"start":{"line":45,"column":32},"end":{"line":45,"column":null}},"15":{"start":{"line":48,"column":50},"end":{"line":48,"column":null}},"16":{"start":{"line":49,"column":44},"end":{"line":49,"column":null}},"17":{"start":{"line":52,"column":2},"end":{"line":64,"column":null}},"18":{"start":{"line":53,"column":4},"end":{"line":63,"column":null}},"19":{"start":{"line":54,"column":6},"end":{"line":54,"column":null}},"20":{"start":{"line":55,"column":11},"end":{"line":63,"column":null}},"21":{"start":{"line":56,"column":6},"end":{"line":56,"column":null}},"22":{"start":{"line":57,"column":11},"end":{"line":63,"column":null}},"23":{"start":{"line":58,"column":6},"end":{"line":58,"column":null}},"24":{"start":{"line":59,"column":11},"end":{"line":63,"column":null}},"25":{"start":{"line":60,"column":6},"end":{"line":60,"column":null}},"26":{"start":{"line":61,"column":11},"end":{"line":63,"column":null}},"27":{"start":{"line":62,"column":6},"end":{"line":62,"column":null}},"28":{"start":{"line":67,"column":2},"end":{"line":80,"column":null}},"29":{"start":{"line":68,"column":28},"end":{"line":77,"column":null}},"30":{"start":{"line":69,"column":6},"end":{"line":76,"column":null}},"31":{"start":{"line":70,"column":24},"end":{"line":70,"column":null}},"32":{"start":{"line":71,"column":8},"end":{"line":71,"column":null}},"33":{"start":{"line":73,"column":8},"end":{"line":73,"column":null}},"34":{"start":{"line":75,"column":8},"end":{"line":75,"column":null}},"35":{"start":{"line":79,"column":4},"end":{"line":79,"column":null}},"36":{"start":{"line":83,"column":2},"end":{"line":89,"column":null}},"37":{"start":{"line":84,"column":4},"end":{"line":84,"column":null}},"38":{"start":{"line":85,"column":23},"end":{"line":85,"column":null}},"39":{"start":{"line":86,"column":4},"end":{"line":88,"column":null}},"40":{"start":{"line":87,"column":6},"end":{"line":87,"column":null}},"41":{"start":{"line":91,"column":2},"end":{"line":105,"column":null}},"42":{"start":{"line":92,"column":4},"end":{"line":92,"column":null}},"43":{"start":{"line":92,"column":18},"end":{"line":92,"column":null}},"44":{"start":{"line":94,"column":17},"end":{"line":94,"column":48}},"45":{"start":{"line":95,"column":4},"end":{"line":95,"column":null}},"46":{"start":{"line":97,"column":4},"end":{"line":102,"column":null}},"47":{"start":{"line":98,"column":26},"end":{"line":98,"column":null}},"48":{"start":{"line":99,"column":6},"end":{"line":99,"column":null}},"49":{"start":{"line":101,"column":6},"end":{"line":101,"column":null}},"50":{"start":{"line":104,"column":4},"end":{"line":104,"column":null}},"51":{"start":{"line":108,"column":30},"end":{"line":129,"column":null}},"52":{"start":{"line":109,"column":4},"end":{"line":109,"column":null}},"53":{"start":{"line":112,"column":4},"end":{"line":128,"column":null}},"54":{"start":{"line":114,"column":8},"end":{"line":114,"column":null}},"55":{"start":{"line":115,"column":8},"end":{"line":115,"column":null}},"56":{"start":{"line":117,"column":8},"end":{"line":117,"column":null}},"57":{"start":{"line":118,"column":8},"end":{"line":118,"column":null}},"58":{"start":{"line":120,"column":8},"end":{"line":120,"column":null}},"59":{"start":{"line":121,"column":8},"end":{"line":121,"column":null}},"60":{"start":{"line":123,"column":8},"end":{"line":123,"column":null}},"61":{"start":{"line":124,"column":8},"end":{"line":124,"column":null}},"62":{"start":{"line":126,"column":8},"end":{"line":126,"column":null}},"63":{"start":{"line":127,"column":8},"end":{"line":127,"column":null}},"64":{"start":{"line":132,"column":21},"end":{"line":132,"column":null}},"65":{"start":{"line":134,"column":2},"end":{"line":142,"column":null}},"66":{"start":{"line":144,"column":2},"end":{"line":178,"column":null}},"67":{"start":{"line":155,"column":18},"end":{"line":155,"column":36}},"68":{"start":{"line":215,"column":31},"end":{"line":215,"column":null}},"69":{"start":{"line":228,"column":31},"end":{"line":228,"column":null}},"70":{"start":{"line":251,"column":31},"end":{"line":251,"column":null}},"71":{"start":{"line":265,"column":33},"end":{"line":265,"column":null}},"72":{"start":{"line":279,"column":31},"end":{"line":279,"column":null}},"73":{"start":{"line":344,"column":35},"end":{"line":344,"column":null}},"74":{"start":{"line":352,"column":35},"end":{"line":352,"column":null}},"75":{"start":{"line":360,"column":35},"end":{"line":360,"column":null}}},"fnMap":{"0":{"name":"RootLayout","decl":{"start":{"line":32,"column":24},"end":{"line":32,"column":35}},"loc":{"start":{"line":36,"column":1},"end":{"line":396,"column":null}}},"1":{"name":"(anonymous_5)","decl":{"start":{"line":52,"column":12},"end":{"line":52,"column":null}},"loc":{"start":{"line":52,"column":12},"end":{"line":64,"column":5}}},"2":{"name":"(anonymous_6)","decl":{"start":{"line":67,"column":12},"end":{"line":67,"column":null}},"loc":{"start":{"line":67,"column":12},"end":{"line":80,"column":5}}},"3":{"name":"(anonymous_7)","decl":{"start":{"line":68,"column":28},"end":{"line":68,"column":null}},"loc":{"start":{"line":68,"column":28},"end":{"line":77,"column":null}}},"4":{"name":"(anonymous_8)","decl":{"start":{"line":83,"column":12},"end":{"line":83,"column":null}},"loc":{"start":{"line":83,"column":12},"end":{"line":89,"column":5}}},"5":{"name":"(anonymous_9)","decl":{"start":{"line":91,"column":12},"end":{"line":91,"column":null}},"loc":{"start":{"line":91,"column":12},"end":{"line":105,"column":5}}},"6":{"name":"(anonymous_10)","decl":{"start":{"line":108,"column":30},"end":{"line":108,"column":31}},"loc":{"start":{"line":108,"column":31},"end":{"line":129,"column":null}}},"7":{"name":"(anonymous_11)","decl":{"start":{"line":154,"column":35},"end":{"line":154,"column":36}},"loc":{"start":{"line":155,"column":18},"end":{"line":155,"column":36}}},"8":{"name":"(anonymous_12)","decl":{"start":{"line":215,"column":25},"end":{"line":215,"column":31}},"loc":{"start":{"line":215,"column":31},"end":{"line":215,"column":null}}},"9":{"name":"(anonymous_13)","decl":{"start":{"line":228,"column":25},"end":{"line":228,"column":31}},"loc":{"start":{"line":228,"column":31},"end":{"line":228,"column":null}}},"10":{"name":"(anonymous_14)","decl":{"start":{"line":251,"column":25},"end":{"line":251,"column":31}},"loc":{"start":{"line":251,"column":31},"end":{"line":251,"column":null}}},"11":{"name":"(anonymous_15)","decl":{"start":{"line":265,"column":27},"end":{"line":265,"column":33}},"loc":{"start":{"line":265,"column":33},"end":{"line":265,"column":null}}},"12":{"name":"(anonymous_16)","decl":{"start":{"line":279,"column":25},"end":{"line":279,"column":31}},"loc":{"start":{"line":279,"column":31},"end":{"line":279,"column":null}}},"13":{"name":"(anonymous_17)","decl":{"start":{"line":344,"column":29},"end":{"line":344,"column":35}},"loc":{"start":{"line":344,"column":35},"end":{"line":344,"column":null}}},"14":{"name":"(anonymous_18)","decl":{"start":{"line":352,"column":29},"end":{"line":352,"column":35}},"loc":{"start":{"line":352,"column":35},"end":{"line":352,"column":null}}},"15":{"name":"(anonymous_19)","decl":{"start":{"line":360,"column":29},"end":{"line":360,"column":35}},"loc":{"start":{"line":360,"column":35},"end":{"line":360,"column":null}}}},"branchMap":{"0":{"loc":{"start":{"line":53,"column":4},"end":{"line":63,"column":null}},"type":"if","locations":[{"start":{"line":53,"column":4},"end":{"line":63,"column":null}},{"start":{"line":55,"column":11},"end":{"line":63,"column":null}}]},"1":{"loc":{"start":{"line":53,"column":8},"end":{"line":53,"column":55}},"type":"binary-expr","locations":[{"start":{"line":53,"column":8},"end":{"line":53,"column":37}},{"start":{"line":53,"column":37},"end":{"line":53,"column":55}}]},"2":{"loc":{"start":{"line":55,"column":11},"end":{"line":63,"column":null}},"type":"if","locations":[{"start":{"line":55,"column":11},"end":{"line":63,"column":null}},{"start":{"line":57,"column":11},"end":{"line":63,"column":null}}]},"3":{"loc":{"start":{"line":57,"column":11},"end":{"line":63,"column":null}},"type":"if","locations":[{"start":{"line":57,"column":11},"end":{"line":63,"column":null}},{"start":{"line":59,"column":11},"end":{"line":63,"column":null}}]},"4":{"loc":{"start":{"line":59,"column":11},"end":{"line":63,"column":null}},"type":"if","locations":[{"start":{"line":59,"column":11},"end":{"line":63,"column":null}},{"start":{"line":61,"column":11},"end":{"line":63,"column":null}}]},"5":{"loc":{"start":{"line":61,"column":11},"end":{"line":63,"column":null}},"type":"if","locations":[{"start":{"line":61,"column":11},"end":{"line":63,"column":null}}]},"6":{"loc":{"start":{"line":86,"column":4},"end":{"line":88,"column":null}},"type":"if","locations":[{"start":{"line":86,"column":4},"end":{"line":88,"column":null}}]},"7":{"loc":{"start":{"line":92,"column":4},"end":{"line":92,"column":null}},"type":"if","locations":[{"start":{"line":92,"column":4},"end":{"line":92,"column":null}}]},"8":{"loc":{"start":{"line":97,"column":4},"end":{"line":102,"column":null}},"type":"if","locations":[{"start":{"line":97,"column":4},"end":{"line":102,"column":null}},{"start":{"line":100,"column":11},"end":{"line":102,"column":null}}]},"9":{"loc":{"start":{"line":98,"column":26},"end":{"line":98,"column":null}},"type":"cond-expr","locations":[{"start":{"line":98,"column":86},"end":{"line":98,"column":95}},{"start":{"line":98,"column":95},"end":{"line":98,"column":null}}]},"10":{"loc":{"start":{"line":112,"column":4},"end":{"line":128,"column":null}},"type":"switch","locations":[{"start":{"line":113,"column":6},"end":{"line":115,"column":null}},{"start":{"line":116,"column":6},"end":{"line":118,"column":null}},{"start":{"line":119,"column":6},"end":{"line":121,"column":null}},{"start":{"line":122,"column":6},"end":{"line":124,"column":null}},{"start":{"line":125,"column":6},"end":{"line":127,"column":null}}]},"11":{"loc":{"start":{"line":132,"column":21},"end":{"line":132,"column":null}},"type":"binary-expr","locations":[{"start":{"line":132,"column":21},"end":{"line":132,"column":46}},{"start":{"line":132,"column":46},"end":{"line":132,"column":72}},{"start":{"line":132,"column":72},"end":{"line":132,"column":null}}]},"12":{"loc":{"start":{"line":134,"column":2},"end":{"line":142,"column":null}},"type":"if","locations":[{"start":{"line":134,"column":2},"end":{"line":142,"column":null}}]},"13":{"loc":{"start":{"line":144,"column":2},"end":{"line":178,"column":null}},"type":"if","locations":[{"start":{"line":144,"column":2},"end":{"line":178,"column":null}}]},"14":{"loc":{"start":{"line":185,"column":29},"end":{"line":185,"column":64}},"type":"cond-expr","locations":[{"start":{"line":185,"column":48},"end":{"line":185,"column":57}},{"start":{"line":185,"column":57},"end":{"line":185,"column":64}}]},"15":{"loc":{"start":{"line":192,"column":17},"end":{"line":192,"column":null}},"type":"binary-expr","locations":[{"start":{"line":192,"column":17},"end":{"line":192,"column":null}}]},"16":{"loc":{"start":{"line":199,"column":13},"end":{"line":199,"column":null}},"type":"binary-expr","locations":[{"start":{"line":199,"column":13},"end":{"line":199,"column":null}}]},"17":{"loc":{"start":{"line":218,"column":18},"end":{"line":220,"column":null}},"type":"cond-expr","locations":[{"start":{"line":219,"column":22},"end":{"line":219,"column":null}},{"start":{"line":220,"column":22},"end":{"line":220,"column":null}}]},"18":{"loc":{"start":{"line":224,"column":17},"end":{"line":224,"column":38}},"type":"binary-expr","locations":[{"start":{"line":224,"column":17},"end":{"line":224,"column":38}}]},"19":{"loc":{"start":{"line":231,"column":18},"end":{"line":233,"column":null}},"type":"cond-expr","locations":[{"start":{"line":232,"column":22},"end":{"line":232,"column":null}},{"start":{"line":233,"column":22},"end":{"line":233,"column":null}}]},"20":{"loc":{"start":{"line":238,"column":19},"end":{"line":238,"column":40}},"type":"binary-expr","locations":[{"start":{"line":238,"column":19},"end":{"line":238,"column":40}}]},"21":{"loc":{"start":{"line":240,"column":17},"end":{"line":240,"column":null}},"type":"binary-expr","locations":[{"start":{"line":240,"column":17},"end":{"line":240,"column":null}}]},"22":{"loc":{"start":{"line":254,"column":18},"end":{"line":256,"column":null}},"type":"cond-expr","locations":[{"start":{"line":255,"column":22},"end":{"line":255,"column":null}},{"start":{"line":256,"column":22},"end":{"line":256,"column":null}}]},"23":{"loc":{"start":{"line":260,"column":17},"end":{"line":260,"column":38}},"type":"binary-expr","locations":[{"start":{"line":260,"column":17},"end":{"line":260,"column":38}}]},"24":{"loc":{"start":{"line":263,"column":15},"end":{"line":263,"column":null}},"type":"binary-expr","locations":[{"start":{"line":263,"column":15},"end":{"line":263,"column":null}}]},"25":{"loc":{"start":{"line":268,"column":20},"end":{"line":270,"column":null}},"type":"cond-expr","locations":[{"start":{"line":269,"column":24},"end":{"line":269,"column":null}},{"start":{"line":270,"column":24},"end":{"line":270,"column":null}}]},"26":{"loc":{"start":{"line":274,"column":19},"end":{"line":274,"column":40}},"type":"binary-expr","locations":[{"start":{"line":274,"column":19},"end":{"line":274,"column":40}}]},"27":{"loc":{"start":{"line":282,"column":18},"end":{"line":284,"column":null}},"type":"cond-expr","locations":[{"start":{"line":283,"column":22},"end":{"line":283,"column":null}},{"start":{"line":284,"column":22},"end":{"line":284,"column":null}}]},"28":{"loc":{"start":{"line":288,"column":17},"end":{"line":288,"column":38}},"type":"binary-expr","locations":[{"start":{"line":288,"column":17},"end":{"line":288,"column":38}}]},"29":{"loc":{"start":{"line":299,"column":23},"end":{"line":299,"column":null}},"type":"binary-expr","locations":[{"start":{"line":299,"column":23},"end":{"line":299,"column":56}},{"start":{"line":299,"column":56},"end":{"line":299,"column":null}}]},"30":{"loc":{"start":{"line":302,"column":19},"end":{"line":302,"column":null}},"type":"binary-expr","locations":[{"start":{"line":302,"column":19},"end":{"line":302,"column":null}}]},"31":{"loc":{"start":{"line":305,"column":25},"end":{"line":305,"column":79}},"type":"binary-expr","locations":[{"start":{"line":305,"column":25},"end":{"line":305,"column":47}},{"start":{"line":305,"column":47},"end":{"line":305,"column":79}}]},"32":{"loc":{"start":{"line":309,"column":27},"end":{"line":309,"column":null}},"type":"cond-expr","locations":[{"start":{"line":309,"column":59},"end":{"line":309,"column":67}},{"start":{"line":309,"column":67},"end":{"line":309,"column":null}}]},"33":{"loc":{"start":{"line":320,"column":50},"end":{"line":320,"column":87}},"type":"cond-expr","locations":[{"start":{"line":320,"column":69},"end":{"line":320,"column":79}},{"start":{"line":320,"column":79},"end":{"line":320,"column":87}}]},"34":{"loc":{"start":{"line":325,"column":19},"end":{"line":325,"column":null}},"type":"binary-expr","locations":[{"start":{"line":325,"column":19},"end":{"line":325,"column":47}},{"start":{"line":325,"column":47},"end":{"line":325,"column":null}}]},"35":{"loc":{"start":{"line":326,"column":19},"end":{"line":326,"column":null}},"type":"binary-expr","locations":[{"start":{"line":326,"column":19},"end":{"line":326,"column":50}},{"start":{"line":326,"column":50},"end":{"line":326,"column":null}}]},"36":{"loc":{"start":{"line":327,"column":19},"end":{"line":327,"column":null}},"type":"binary-expr","locations":[{"start":{"line":327,"column":19},"end":{"line":327,"column":51}},{"start":{"line":327,"column":51},"end":{"line":327,"column":null}}]},"37":{"loc":{"start":{"line":328,"column":19},"end":{"line":328,"column":null}},"type":"binary-expr","locations":[{"start":{"line":328,"column":19},"end":{"line":328,"column":47}},{"start":{"line":328,"column":47},"end":{"line":328,"column":null}}]},"38":{"loc":{"start":{"line":329,"column":19},"end":{"line":329,"column":null}},"type":"binary-expr","locations":[{"start":{"line":329,"column":19},"end":{"line":329,"column":51}},{"start":{"line":329,"column":51},"end":{"line":329,"column":null}}]},"39":{"loc":{"start":{"line":331,"column":17},"end":{"line":331,"column":null}},"type":"binary-expr","locations":[{"start":{"line":331,"column":17},"end":{"line":331,"column":null}}]},"40":{"loc":{"start":{"line":345,"column":46},"end":{"line":345,"column":157}},"type":"cond-expr","locations":[{"start":{"line":345,"column":66},"end":{"line":345,"column":113}},{"start":{"line":345,"column":113},"end":{"line":345,"column":157}}]},"41":{"loc":{"start":{"line":353,"column":46},"end":{"line":353,"column":158}},"type":"cond-expr","locations":[{"start":{"line":353,"column":67},"end":{"line":353,"column":114}},{"start":{"line":353,"column":114},"end":{"line":353,"column":158}}]},"42":{"loc":{"start":{"line":361,"column":46},"end":{"line":361,"column":156}},"type":"cond-expr","locations":[{"start":{"line":361,"column":65},"end":{"line":361,"column":112}},{"start":{"line":361,"column":112},"end":{"line":361,"column":156}}]}},"s":{"0":0,"1":0,"2":0,"3":0,"4":0,"5":0,"6":0,"7":0,"8":0,"9":0,"10":0,"11":0,"12":0,"13":0,"14":0,"15":0,"16":0,"17":0,"18":0,"19":0,"20":0,"21":0,"22":0,"23":0,"24":0,"25":0,"26":0,"27":0,"28":0,"29":0,"30":0,"31":0,"32":0,"33":0,"34":0,"35":0,"36":0,"37":0,"38":0,"39":0,"40":0,"41":0,"42":0,"43":0,"44":0,"45":0,"46":0,"47":0,"48":0,"49":0,"50":0,"51":0,"52":0,"53":0,"54":0,"55":0,"56":0,"57":0,"58":0,"59":0,"60":0,"61":0,"62":0,"63":0,"64":0,"65":0,"66":0,"67":0,"68":0,"69":0,"70":0,"71":0,"72":0,"73":0,"74":0,"75":0},"f":{"0":0,"1":0,"2":0,"3":0,"4":0,"5":0,"6":0,"7":0,"8":0,"9":0,"10":0,"11":0,"12":0,"13":0,"14":0,"15":0},"b":{"0":[0,0],"1":[0,0],"2":[0,0],"3":[0,0],"4":[0,0],"5":[0],"6":[0],"7":[0],"8":[0,0],"9":[0,0],"10":[0,0,0,0,0],"11":[0,0,0],"12":[0],"13":[0],"14":[0,0],"15":[0],"16":[0],"17":[0,0],"18":[0],"19":[0,0],"20":[0],"21":[0],"22":[0,0],"23":[0],"24":[0],"25":[0,0],"26":[0],"27":[0,0],"28":[0],"29":[0,0],"30":[0],"31":[0,0],"32":[0,0],"33":[0,0],"34":[0,0],"35":[0,0],"36":[0,0],"37":[0,0],"38":[0,0],"39":[0],"40":[0,0],"41":[0,0],"42":[0,0]}}
,"/Users/krisstoll/Documents/App Development/LaunchBird/app/loading.tsx": {"path":"/Users/krisstoll/Documents/App Development/LaunchBird/app/loading.tsx","statementMap":{"0":{"start":{"line":8,"column":24},"end":{"line":8,"column":null}},"1":{"start":{"line":1,"column":25},"end":{"line":1,"column":null}},"2":{"start":{"line":2,"column":24},"end":{"line":2,"column":null}}},"fnMap":{"0":{"name":"Loading","decl":{"start":{"line":8,"column":24},"end":{"line":8,"column":null}},"loc":{"start":{"line":8,"column":24},"end":{"line":32,"column":null}}}},"branchMap":{},"s":{"0":0,"1":0,"2":0},"f":{"0":0},"b":{}}
,"/Users/krisstoll/Documents/App Development/LaunchBird/app/not-found.tsx": {"path":"/Users/krisstoll/Documents/App Development/LaunchBird/app/not-found.tsx","statementMap":{"0":{"start":{"line":11,"column":24},"end":{"line":11,"column":null}},"1":{"start":{"line":3,"column":17},"end":{"line":3,"column":null}},"2":{"start":{"line":4,"column":23},"end":{"line":4,"column":null}},"3":{"start":{"line":5,"column":40},"end":{"line":5,"column":null}},"4":{"start":{"line":29,"column":27},"end":{"line":29,"column":null}}},"fnMap":{"0":{"name":"NotFound","decl":{"start":{"line":11,"column":24},"end":{"line":11,"column":null}},"loc":{"start":{"line":11,"column":24},"end":{"line":70,"column":null}}},"1":{"name":"(anonymous_3)","decl":{"start":{"line":29,"column":21},"end":{"line":29,"column":27}},"loc":{"start":{"line":29,"column":27},"end":{"line":29,"column":null}}}},"branchMap":{},"s":{"0":0,"1":0,"2":0,"3":0,"4":0},"f":{"0":0,"1":0},"b":{}}
,"/Users/krisstoll/Documents/App Development/LaunchBird/app/page.tsx": {"path":"/Users/krisstoll/Documents/App Development/LaunchBird/app/page.tsx","statementMap":{"0":{"start":{"line":13,"column":24},"end":{"line":13,"column":null}},"1":{"start":{"line":3,"column":33},"end":{"line":3,"column":null}},"2":{"start":{"line":4,"column":17},"end":{"line":4,"column":null}},"3":{"start":{"line":5,"column":26},"end":{"line":5,"column":null}},"4":{"start":{"line":6,"column":23},"end":{"line":6,"column":null}},"5":{"start":{"line":7,"column":26},"end":{"line":7,"column":null}},"6":{"start":{"line":14,"column":17},"end":{"line":14,"column":null}},"7":{"start":{"line":16,"column":2},"end":{"line":21,"column":null}},"8":{"start":{"line":18,"column":4},"end":{"line":20,"column":null}},"9":{"start":{"line":19,"column":6},"end":{"line":19,"column":null}},"10":{"start":{"line":24,"column":2},"end":{"line":33,"column":null}}},"fnMap":{"0":{"name":"HomePage","decl":{"start":{"line":13,"column":24},"end":{"line":13,"column":null}},"loc":{"start":{"line":13,"column":24},"end":{"line":121,"column":null}}},"1":{"name":"(anonymous_6)","decl":{"start":{"line":16,"column":12},"end":{"line":16,"column":null}},"loc":{"start":{"line":16,"column":12},"end":{"line":21,"column":5}}}},"branchMap":{"0":{"loc":{"start":{"line":18,"column":4},"end":{"line":20,"column":null}},"type":"if","locations":[{"start":{"line":18,"column":4},"end":{"line":20,"column":null}}]},"1":{"loc":{"start":{"line":24,"column":2},"end":{"line":33,"column":null}},"type":"if","locations":[{"start":{"line":24,"column":2},"end":{"line":33,"column":null}}]}},"s":{"0":0,"1":0,"2":0,"3":0,"4":0,"5":0,"6":0,"7":0,"8":0,"9":0,"10":0},"f":{"0":0,"1":0},"b":{"0":[0],"1":[0]}}
,"/Users/krisstoll/Documents/App Development/LaunchBird/app/admin/layout.tsx": {"path":"/Users/krisstoll/Documents/App Development/LaunchBird/app/admin/layout.tsx","statementMap":{"0":{"start":{"line":5,"column":30},"end":{"line":5,"column":42}},"1":{"start":{"line":1,"column":18},"end":{"line":1,"column":null}},"2":{"start":{"line":2,"column":25},"end":{"line":2,"column":null}},"3":{"start":{"line":3,"column":38},"end":{"line":3,"column":null}},"4":{"start":{"line":7,"column":15},"end":{"line":7,"column":null}},"5":{"start":{"line":8,"column":2},"end":{"line":10,"column":null}},"6":{"start":{"line":9,"column":4},"end":{"line":9,"column":null}}},"fnMap":{"0":{"name":"AdminLayout","decl":{"start":{"line":5,"column":30},"end":{"line":5,"column":42}},"loc":{"start":{"line":5,"column":85},"end":{"line":17,"column":null}}}},"branchMap":{"0":{"loc":{"start":{"line":8,"column":2},"end":{"line":10,"column":null}},"type":"if","locations":[{"start":{"line":8,"column":2},"end":{"line":10,"column":null}}]},"1":{"loc":{"start":{"line":8,"column":6},"end":{"line":8,"column":38}},"type":"binary-expr","locations":[{"start":{"line":8,"column":6},"end":{"line":8,"column":15}},{"start":{"line":8,"column":15},"end":{"line":8,"column":38}}]}},"s":{"0":0,"1":0,"2":0,"3":0,"4":0,"5":0,"6":0},"f":{"0":0},"b":{"0":[0],"1":[0,0]}}
,"/Users/krisstoll/Documents/App Development/LaunchBird/app/admin/page.tsx": {"path":"/Users/krisstoll/Documents/App Development/LaunchBird/app/admin/page.tsx","statementMap":{"0":{"start":{"line":54,"column":24},"end":{"line":54,"column":null}},"1":{"start":{"line":3,"column":43},"end":{"line":3,"column":null}},"2":{"start":{"line":4,"column":17},"end":{"line":4,"column":null}},"3":{"start":{"line":5,"column":49},"end":{"line":5,"column":null}},"4":{"start":{"line":11,"column":7},"end":{"line":11,"column":null}},"5":{"start":{"line":20,"column":23},"end":{"line":20,"column":null}},"6":{"start":{"line":21,"column":57},"end":{"line":21,"column":null}},"7":{"start":{"line":48,"column":7},"end":{"line":48,"column":null}},"8":{"start":{"line":55,"column":40},"end":{"line":55,"column":null}},"9":{"start":{"line":56,"column":32},"end":{"line":56,"column":null}},"10":{"start":{"line":57,"column":20},"end":{"line":57,"column":null}},"11":{"start":{"line":58,"column":32},"end":{"line":58,"column":null}},"12":{"start":{"line":61,"column":36},"end":{"line":61,"column":null}},"13":{"start":{"line":62,"column":44},"end":{"line":62,"column":null}},"14":{"start":{"line":63,"column":28},"end":{"line":63,"column":null}},"15":{"start":{"line":66,"column":28},"end":{"line":66,"column":null}},"16":{"start":{"line":67,"column":32},"end":{"line":67,"column":null}},"17":{"start":{"line":70,"column":2},"end":{"line":75,"column":null}},"18":{"start":{"line":71,"column":4},"end":{"line":74,"column":null}},"19":{"start":{"line":72,"column":6},"end":{"line":72,"column":null}},"20":{"start":{"line":73,"column":6},"end":{"line":73,"column":null}},"21":{"start":{"line":78,"column":2},"end":{"line":107,"column":null}},"22":{"start":{"line":79,"column":28},"end":{"line":104,"column":null}},"23":{"start":{"line":80,"column":6},"end":{"line":103,"column":null}},"24":{"start":{"line":81,"column":24},"end":{"line":81,"column":null}},"25":{"start":{"line":82,"column":8},"end":{"line":82,"column":null}},"26":{"start":{"line":85,"column":8},"end":{"line":93,"column":null}},"27":{"start":{"line":86,"column":30},"end":{"line":86,"column":null}},"28":{"start":{"line":87,"column":10},"end":{"line":87,"column":null}},"29":{"start":{"line":89,"column":10},"end":{"line":92,"column":null}},"30":{"start":{"line":91,"column":12},"end":{"line":91,"column":null}},"31":{"start":{"line":95,"column":8},"end":{"line":95,"column":null}},"32":{"start":{"line":97,"column":8},"end":{"line":100,"column":null}},"33":{"start":{"line":98,"column":10},"end":{"line":98,"column":null}},"34":{"start":{"line":99,"column":10},"end":{"line":99,"column":null}},"35":{"start":{"line":102,"column":8},"end":{"line":102,"column":null}},"36":{"start":{"line":106,"column":4},"end":{"line":106,"column":null}},"37":{"start":{"line":110,"column":24},"end":{"line":124,"column":null}},"38":{"start":{"line":111,"column":4},"end":{"line":123,"column":null}},"39":{"start":{"line":112,"column":60},"end":{"line":116,"column":null}},"40":{"start":{"line":118,"column":6},"end":{"line":118,"column":null}},"41":{"start":{"line":119,"column":6},"end":{"line":119,"column":null}},"42":{"start":{"line":120,"column":6},"end":{"line":120,"column":null}},"43":{"start":{"line":122,"column":6},"end":{"line":122,"column":null}},"44":{"start":{"line":127,"column":2},"end":{"line":135,"column":null}},"45":{"start":{"line":128,"column":4},"end":{"line":128,"column":null}},"46":{"start":{"line":129,"column":4},"end":{"line":134,"column":null}},"47":{"start":{"line":130,"column":25},"end":{"line":130,"column":null}},"48":{"start":{"line":131,"column":6},"end":{"line":133,"column":null}},"49":{"start":{"line":132,"column":8},"end":{"line":132,"column":null}},"50":{"start":{"line":137,"column":2},"end":{"line":151,"column":null}},"51":{"start":{"line":138,"column":4},"end":{"line":138,"column":null}},"52":{"start":{"line":138,"column":51},"end":{"line":138,"column":null}},"53":{"start":{"line":140,"column":17},"end":{"line":140,"column":48}},"54":{"start":{"line":141,"column":4},"end":{"line":141,"column":null}},"55":{"start":{"line":143,"column":4},"end":{"line":148,"column":null}},"56":{"start":{"line":144,"column":26},"end":{"line":144,"column":null}},"57":{"start":{"line":145,"column":6},"end":{"line":145,"column":null}},"58":{"start":{"line":147,"column":6},"end":{"line":147,"column":null}},"59":{"start":{"line":150,"column":4},"end":{"line":150,"column":null}},"60":{"start":{"line":154,"column":25},"end":{"line":161,"column":null}},"61":{"start":{"line":163,"column":22},"end":{"line":170,"column":null}},"62":{"start":{"line":172,"column":27},"end":{"line":176,"column":null}},"63":{"start":{"line":179,"column":2},"end":{"line":277,"column":null}},"64":{"start":{"line":265,"column":18},"end":{"line":265,"column":31}},"65":{"start":{"line":279,"column":2},"end":{"line":291,"column":null}},"66":{"start":{"line":293,"column":2},"end":{"line":302,"column":null}},"67":{"start":{"line":412,"column":31},"end":{"line":412,"column":null}},"68":{"start":{"line":420,"column":31},"end":{"line":420,"column":null}},"69":{"start":{"line":428,"column":31},"end":{"line":428,"column":null}},"70":{"start":{"line":549,"column":39},"end":{"line":549,"column":null}},"71":{"start":{"line":549,"column":75},"end":{"line":549,"column":82}},"72":{"start":{"line":551,"column":22},"end":{"line":552,"column":41}},"73":{"start":{"line":588,"column":22},"end":{"line":588,"column":43}},"74":{"start":{"line":609,"column":64},"end":{"line":609,"column":80}},"75":{"start":{"line":630,"column":20},"end":{"line":630,"column":33}}},"fnMap":{"0":{"name":"AdminPage","decl":{"start":{"line":54,"column":24},"end":{"line":54,"column":null}},"loc":{"start":{"line":54,"column":24},"end":{"line":651,"column":null}}},"1":{"name":"(anonymous_6)","decl":{"start":{"line":70,"column":12},"end":{"line":70,"column":null}},"loc":{"start":{"line":70,"column":12},"end":{"line":75,"column":5}}},"2":{"name":"(anonymous_7)","decl":{"start":{"line":78,"column":12},"end":{"line":78,"column":null}},"loc":{"start":{"line":78,"column":12},"end":{"line":107,"column":5}}},"3":{"name":"(anonymous_8)","decl":{"start":{"line":79,"column":28},"end":{"line":79,"column":null}},"loc":{"start":{"line":79,"column":28},"end":{"line":104,"column":null}}},"4":{"name":"(anonymous_9)","decl":{"start":{"line":110,"column":24},"end":{"line":110,"column":null}},"loc":{"start":{"line":110,"column":24},"end":{"line":124,"column":null}}},"5":{"name":"(anonymous_10)","decl":{"start":{"line":127,"column":12},"end":{"line":127,"column":null}},"loc":{"start":{"line":127,"column":12},"end":{"line":135,"column":5}}},"6":{"name":"(anonymous_11)","decl":{"start":{"line":137,"column":12},"end":{"line":137,"column":null}},"loc":{"start":{"line":137,"column":12},"end":{"line":151,"column":5}}},"7":{"name":"(anonymous_12)","decl":{"start":{"line":264,"column":35},"end":{"line":264,"column":36}},"loc":{"start":{"line":265,"column":18},"end":{"line":265,"column":31}}},"8":{"name":"(anonymous_13)","decl":{"start":{"line":412,"column":25},"end":{"line":412,"column":31}},"loc":{"start":{"line":412,"column":31},"end":{"line":412,"column":null}}},"9":{"name":"(anonymous_14)","decl":{"start":{"line":420,"column":25},"end":{"line":420,"column":31}},"loc":{"start":{"line":420,"column":31},"end":{"line":420,"column":null}}},"10":{"name":"(anonymous_15)","decl":{"start":{"line":428,"column":25},"end":{"line":428,"column":31}},"loc":{"start":{"line":428,"column":31},"end":{"line":428,"column":null}}},"11":{"name":"(anonymous_16)","decl":{"start":{"line":548,"column":40},"end":{"line":548,"column":41}},"loc":{"start":{"line":548,"column":47},"end":{"line":567,"column":null}}},"12":{"name":"(anonymous_17)","decl":{"start":{"line":549,"column":70},"end":{"line":549,"column":75}},"loc":{"start":{"line":549,"column":75},"end":{"line":549,"column":82}}},"13":{"name":"(anonymous_18)","decl":{"start":{"line":587,"column":42},"end":{"line":587,"column":43}},"loc":{"start":{"line":588,"column":22},"end":{"line":588,"column":43}}},"14":{"name":"(anonymous_19)","decl":{"start":{"line":609,"column":49},"end":{"line":609,"column":50}},"loc":{"start":{"line":609,"column":64},"end":{"line":609,"column":80}}},"15":{"name":"(anonymous_20)","decl":{"start":{"line":629,"column":37},"end":{"line":629,"column":38}},"loc":{"start":{"line":630,"column":20},"end":{"line":630,"column":33}}}},"branchMap":{"0":{"loc":{"start":{"line":71,"column":4},"end":{"line":74,"column":null}},"type":"if","locations":[{"start":{"line":71,"column":4},"end":{"line":74,"column":null}}]},"1":{"loc":{"start":{"line":85,"column":8},"end":{"line":93,"column":null}},"type":"if","locations":[{"start":{"line":85,"column":8},"end":{"line":93,"column":null}}]},"2":{"loc":{"start":{"line":85,"column":12},"end":{"line":85,"column":32}},"type":"binary-expr","locations":[{"start":{"line":85,"column":12},"end":{"line":85,"column":23}},{"start":{"line":85,"column":23},"end":{"line":85,"column":32}}]},"3":{"loc":{"start":{"line":86,"column":47},"end":{"line":86,"column":null}},"type":"binary-expr","locations":[{"start":{"line":86,"column":47},"end":{"line":86,"column":63}},{"start":{"line":86,"column":63},"end":{"line":86,"column":null}}]},"4":{"loc":{"start":{"line":89,"column":10},"end":{"line":92,"column":null}},"type":"if","locations":[{"start":{"line":89,"column":10},"end":{"line":92,"column":null}}]},"5":{"loc":{"start":{"line":97,"column":8},"end":{"line":100,"column":null}},"type":"if","locations":[{"start":{"line":97,"column":8},"end":{"line":100,"column":null}}]},"6":{"loc":{"start":{"line":129,"column":4},"end":{"line":134,"column":null}},"type":"if","locations":[{"start":{"line":129,"column":4},"end":{"line":134,"column":null}}]},"7":{"loc":{"start":{"line":131,"column":6},"end":{"line":133,"column":null}},"type":"if","locations":[{"start":{"line":131,"column":6},"end":{"line":133,"column":null}}]},"8":{"loc":{"start":{"line":138,"column":4},"end":{"line":138,"column":null}},"type":"if","locations":[{"start":{"line":138,"column":4},"end":{"line":138,"column":null}}]},"9":{"loc":{"start":{"line":138,"column":8},"end":{"line":138,"column":51}},"type":"binary-expr","locations":[{"start":{"line":138,"column":8},"end":{"line":138,"column":20}},{"start":{"line":138,"column":20},"end":{"line":138,"column":51}}]},"10":{"loc":{"start":{"line":143,"column":4},"end":{"line":148,"column":null}},"type":"if","locations":[{"start":{"line":143,"column":4},"end":{"line":148,"column":null}},{"start":{"line":146,"column":11},"end":{"line":148,"column":null}}]},"11":{"loc":{"start":{"line":144,"column":26},"end":{"line":144,"column":null}},"type":"cond-expr","locations":[{"start":{"line":144,"column":86},"end":{"line":144,"column":95}},{"start":{"line":144,"column":95},"end":{"line":144,"column":null}}]},"12":{"loc":{"start":{"line":179,"column":2},"end":{"line":277,"column":null}},"type":"if","locations":[{"start":{"line":179,"column":2},"end":{"line":277,"column":null}}]},"13":{"loc":{"start":{"line":179,"column":6},"end":{"line":179,"column":27}},"type":"binary-expr","locations":[{"start":{"line":179,"column":6},"end":{"line":179,"column":17}},{"start":{"line":179,"column":17},"end":{"line":179,"column":27}}]},"14":{"loc":{"start":{"line":279,"column":2},"end":{"line":291,"column":null}},"type":"if","locations":[{"start":{"line":279,"column":2},"end":{"line":291,"column":null}}]},"15":{"loc":{"start":{"line":279,"column":6},"end":{"line":279,"column":28}},"type":"binary-expr","locations":[{"start":{"line":279,"column":6},"end":{"line":279,"column":18}},{"start":{"line":279,"column":18},"end":{"line":279,"column":28}}]},"16":{"loc":{"start":{"line":293,"column":2},"end":{"line":302,"column":null}},"type":"if","locations":[{"start":{"line":293,"column":2},"end":{"line":302,"column":null}}]},"17":{"loc":{"start":{"line":293,"column":6},"end":{"line":293,"column":32}},"type":"binary-expr","locations":[{"start":{"line":293,"column":6},"end":{"line":293,"column":22}},{"start":{"line":293,"column":22},"end":{"line":293,"column":32}}]},"18":{"loc":{"start":{"line":376,"column":17},"end":{"line":376,"column":null}},"type":"binary-expr","locations":[{"start":{"line":376,"column":17},"end":{"line":376,"column":50}},{"start":{"line":376,"column":50},"end":{"line":376,"column":98}},{"start":{"line":376,"column":98},"end":{"line":376,"column":null}}]},"19":{"loc":{"start":{"line":381,"column":17},"end":{"line":381,"column":null}},"type":"binary-expr","locations":[{"start":{"line":381,"column":17},"end":{"line":381,"column":39}},{"start":{"line":381,"column":39},"end":{"line":381,"column":72}},{"start":{"line":381,"column":76},"end":{"line":381,"column":null}}]},"20":{"loc":{"start":{"line":399,"column":13},"end":{"line":399,"column":null}},"type":"binary-expr","locations":[{"start":{"line":399,"column":13},"end":{"line":399,"column":null}}]},"21":{"loc":{"start":{"line":413,"column":42},"end":{"line":413,"column":127}},"type":"cond-expr","locations":[{"start":{"line":413,"column":62},"end":{"line":413,"column":109}},{"start":{"line":413,"column":109},"end":{"line":413,"column":127}}]},"22":{"loc":{"start":{"line":421,"column":42},"end":{"line":421,"column":128}},"type":"cond-expr","locations":[{"start":{"line":421,"column":63},"end":{"line":421,"column":110}},{"start":{"line":421,"column":110},"end":{"line":421,"column":128}}]},"23":{"loc":{"start":{"line":429,"column":42},"end":{"line":429,"column":126}},"type":"cond-expr","locations":[{"start":{"line":429,"column":61},"end":{"line":429,"column":108}},{"start":{"line":429,"column":108},"end":{"line":429,"column":126}}]},"24":{"loc":{"start":{"line":452,"column":83},"end":{"line":452,"column":113}},"type":"binary-expr","locations":[{"start":{"line":452,"column":83},"end":{"line":452,"column":105}},{"start":{"line":452,"column":105},"end":{"line":452,"column":113}}]},"25":{"loc":{"start":{"line":464,"column":71},"end":{"line":464,"column":null}},"type":"binary-expr","locations":[{"start":{"line":464,"column":71},"end":{"line":464,"column":113}},{"start":{"line":464,"column":113},"end":{"line":464,"column":null}}]},"26":{"loc":{"start":{"line":467,"column":65},"end":{"line":467,"column":99}},"type":"binary-expr","locations":[{"start":{"line":467,"column":65},"end":{"line":467,"column":96}},{"start":{"line":467,"column":96},"end":{"line":467,"column":99}}]},"27":{"loc":{"start":{"line":483,"column":72},"end":{"line":483,"column":null}},"type":"binary-expr","locations":[{"start":{"line":483,"column":72},"end":{"line":483,"column":111}},{"start":{"line":483,"column":111},"end":{"line":483,"column":null}}]},"28":{"loc":{"start":{"line":502,"column":71},"end":{"line":502,"column":null}},"type":"binary-expr","locations":[{"start":{"line":502,"column":71},"end":{"line":502,"column":121}},{"start":{"line":502,"column":121},"end":{"line":502,"column":null}}]},"29":{"loc":{"start":{"line":505,"column":64},"end":{"line":505,"column":102}},"type":"binary-expr","locations":[{"start":{"line":505,"column":64},"end":{"line":505,"column":98}},{"start":{"line":505,"column":98},"end":{"line":505,"column":102}}]},"30":{"loc":{"start":{"line":521,"column":71},"end":{"line":521,"column":null}},"type":"binary-expr","locations":[{"start":{"line":521,"column":71},"end":{"line":521,"column":116}},{"start":{"line":521,"column":116},"end":{"line":521,"column":null}}]},"31":{"loc":{"start":{"line":524,"column":63},"end":{"line":524,"column":93}},"type":"binary-expr","locations":[{"start":{"line":524,"column":63},"end":{"line":524,"column":88}},{"start":{"line":524,"column":88},"end":{"line":524,"column":93}}]},"32":{"loc":{"start":{"line":593,"column":47},"end":{"line":593,"column":null}},"type":"cond-expr","locations":[{"start":{"line":593,"column":61},"end":{"line":593,"column":73}},{"start":{"line":593,"column":73},"end":{"line":593,"column":null}}]},"33":{"loc":{"start":{"line":593,"column":73},"end":{"line":593,"column":null}},"type":"cond-expr","locations":[{"start":{"line":593,"column":87},"end":{"line":593,"column":99}},{"start":{"line":593,"column":99},"end":{"line":593,"column":null}}]},"34":{"loc":{"start":{"line":639,"column":39},"end":{"line":639,"column":58}},"type":"cond-expr","locations":[{"start":{"line":639,"column":49},"end":{"line":639,"column":55}},{"start":{"line":639,"column":55},"end":{"line":639,"column":58}}]}},"s":{"0":0,"1":0,"2":0,"3":0,"4":0,"5":0,"6":0,"7":0,"8":0,"9":0,"10":0,"11":0,"12":0,"13":0,"14":0,"15":0,"16":0,"17":0,"18":0,"19":0,"20":0,"21":0,"22":0,"23":0,"24":0,"25":0,"26":0,"27":0,"28":0,"29":0,"30":0,"31":0,"32":0,"33":0,"34":0,"35":0,"36":0,"37":0,"38":0,"39":0,"40":0,"41":0,"42":0,"43":0,"44":0,"45":0,"46":0,"47":0,"48":0,"49":0,"50":0,"51":0,"52":0,"53":0,"54":0,"55":0,"56":0,"57":0,"58":0,"59":0,"60":0,"61":0,"62":0,"63":0,"64":0,"65":0,"66":0,"67":0,"68":0,"69":0,"70":0,"71":0,"72":0,"73":0,"74":0,"75":0},"f":{"0":0,"1":0,"2":0,"3":0,"4":0,"5":0,"6":0,"7":0,"8":0,"9":0,"10":0,"11":0,"12":0,"13":0,"14":0,"15":0},"b":{"0":[0],"1":[0],"2":[0,0],"3":[0,0],"4":[0],"5":[0],"6":[0],"7":[0],"8":[0],"9":[0,0],"10":[0,0],"11":[0,0],"12":[0],"13":[0,0],"14":[0],"15":[0,0],"16":[0],"17":[0,0],"18":[0,0,0],"19":[0,0,0],"20":[0],"21":[0,0],"22":[0,0],"23":[0,0],"24":[0,0],"25":[0,0],"26":[0,0],"27":[0,0],"28":[0,0],"29":[0,0],"30":[0,0],"31":[0,0],"32":[0,0],"33":[0,0],"34":[0,0]}}
,"/Users/krisstoll/Documents/App Development/LaunchBird/app/admin/analytics/page.tsx": {"path":"/Users/krisstoll/Documents/App Development/LaunchBird/app/admin/analytics/page.tsx","statementMap":{"0":{"start":{"line":54,"column":24},"end":{"line":54,"column":null}},"1":{"start":{"line":3,"column":43},"end":{"line":3,"column":null}},"2":{"start":{"line":4,"column":17},"end":{"line":4,"column":null}},"3":{"start":{"line":5,"column":49},"end":{"line":5,"column":null}},"4":{"start":{"line":11,"column":7},"end":{"line":11,"column":null}},"5":{"start":{"line":20,"column":23},"end":{"line":20,"column":null}},"6":{"start":{"line":21,"column":57},"end":{"line":21,"column":null}},"7":{"start":{"line":48,"column":7},"end":{"line":48,"column":null}},"8":{"start":{"line":55,"column":40},"end":{"line":55,"column":null}},"9":{"start":{"line":56,"column":32},"end":{"line":56,"column":null}},"10":{"start":{"line":57,"column":20},"end":{"line":57,"column":null}},"11":{"start":{"line":58,"column":32},"end":{"line":58,"column":null}},"12":{"start":{"line":61,"column":36},"end":{"line":61,"column":null}},"13":{"start":{"line":62,"column":44},"end":{"line":62,"column":null}},"14":{"start":{"line":63,"column":28},"end":{"line":63,"column":null}},"15":{"start":{"line":66,"column":28},"end":{"line":66,"column":null}},"16":{"start":{"line":67,"column":32},"end":{"line":67,"column":null}},"17":{"start":{"line":70,"column":36},"end":{"line":70,"column":null}},"18":{"start":{"line":71,"column":40},"end":{"line":71,"column":null}},"19":{"start":{"line":74,"column":2},"end":{"line":103,"column":null}},"20":{"start":{"line":75,"column":28},"end":{"line":100,"column":null}},"21":{"start":{"line":76,"column":6},"end":{"line":99,"column":null}},"22":{"start":{"line":77,"column":24},"end":{"line":77,"column":null}},"23":{"start":{"line":78,"column":8},"end":{"line":78,"column":null}},"24":{"start":{"line":81,"column":8},"end":{"line":89,"column":null}},"25":{"start":{"line":82,"column":30},"end":{"line":82,"column":null}},"26":{"start":{"line":83,"column":10},"end":{"line":83,"column":null}},"27":{"start":{"line":85,"column":10},"end":{"line":88,"column":null}},"28":{"start":{"line":87,"column":12},"end":{"line":87,"column":null}},"29":{"start":{"line":91,"column":8},"end":{"line":91,"column":null}},"30":{"start":{"line":93,"column":8},"end":{"line":96,"column":null}},"31":{"start":{"line":94,"column":10},"end":{"line":94,"column":null}},"32":{"start":{"line":95,"column":10},"end":{"line":95,"column":null}},"33":{"start":{"line":98,"column":8},"end":{"line":98,"column":null}},"34":{"start":{"line":102,"column":4},"end":{"line":102,"column":null}},"35":{"start":{"line":106,"column":24},"end":{"line":120,"column":null}},"36":{"start":{"line":107,"column":4},"end":{"line":119,"column":null}},"37":{"start":{"line":108,"column":60},"end":{"line":112,"column":null}},"38":{"start":{"line":114,"column":6},"end":{"line":114,"column":null}},"39":{"start":{"line":115,"column":6},"end":{"line":115,"column":null}},"40":{"start":{"line":116,"column":6},"end":{"line":116,"column":null}},"41":{"start":{"line":118,"column":6},"end":{"line":118,"column":null}},"42":{"start":{"line":123,"column":2},"end":{"line":131,"column":null}},"43":{"start":{"line":124,"column":4},"end":{"line":124,"column":null}},"44":{"start":{"line":125,"column":4},"end":{"line":130,"column":null}},"45":{"start":{"line":126,"column":25},"end":{"line":126,"column":null}},"46":{"start":{"line":127,"column":6},"end":{"line":129,"column":null}},"47":{"start":{"line":128,"column":8},"end":{"line":128,"column":null}},"48":{"start":{"line":133,"column":2},"end":{"line":147,"column":null}},"49":{"start":{"line":134,"column":4},"end":{"line":134,"column":null}},"50":{"start":{"line":134,"column":51},"end":{"line":134,"column":null}},"51":{"start":{"line":136,"column":17},"end":{"line":136,"column":48}},"52":{"start":{"line":137,"column":4},"end":{"line":137,"column":null}},"53":{"start":{"line":139,"column":4},"end":{"line":144,"column":null}},"54":{"start":{"line":140,"column":26},"end":{"line":140,"column":null}},"55":{"start":{"line":141,"column":6},"end":{"line":141,"column":null}},"56":{"start":{"line":143,"column":6},"end":{"line":143,"column":null}},"57":{"start":{"line":146,"column":4},"end":{"line":146,"column":null}},"58":{"start":{"line":150,"column":42},"end":{"line":157,"column":null}},"59":{"start":{"line":159,"column":39},"end":{"line":166,"column":null}},"60":{"start":{"line":170,"column":27},"end":{"line":174,"column":null}},"61":{"start":{"line":177,"column":2},"end":{"line":270,"column":null}},"62":{"start":{"line":272,"column":2},"end":{"line":284,"column":null}},"63":{"start":{"line":286,"column":2},"end":{"line":295,"column":null}},"64":{"start":{"line":405,"column":31},"end":{"line":405,"column":null}},"65":{"start":{"line":413,"column":31},"end":{"line":413,"column":null}},"66":{"start":{"line":421,"column":31},"end":{"line":421,"column":null}},"67":{"start":{"line":433,"column":33},"end":{"line":433,"column":null}},"68":{"start":{"line":553,"column":39},"end":{"line":553,"column":null}},"69":{"start":{"line":560,"column":39},"end":{"line":560,"column":null}},"70":{"start":{"line":570,"column":36},"end":{"line":570,"column":75}},"71":{"start":{"line":571,"column":39},"end":{"line":571,"column":null}},"72":{"start":{"line":571,"column":105},"end":{"line":571,"column":null}},"73":{"start":{"line":573,"column":22},"end":{"line":574,"column":41}},"74":{"start":{"line":612,"column":22},"end":{"line":612,"column":43}},"75":{"start":{"line":633,"column":64},"end":{"line":633,"column":80}},"76":{"start":{"line":731,"column":20},"end":{"line":731,"column":33}}},"fnMap":{"0":{"name":"AdminAnalyticsPage","decl":{"start":{"line":54,"column":24},"end":{"line":54,"column":null}},"loc":{"start":{"line":54,"column":24},"end":{"line":752,"column":null}}},"1":{"name":"(anonymous_6)","decl":{"start":{"line":74,"column":12},"end":{"line":74,"column":null}},"loc":{"start":{"line":74,"column":12},"end":{"line":103,"column":5}}},"2":{"name":"(anonymous_7)","decl":{"start":{"line":75,"column":28},"end":{"line":75,"column":null}},"loc":{"start":{"line":75,"column":28},"end":{"line":100,"column":null}}},"3":{"name":"(anonymous_8)","decl":{"start":{"line":106,"column":24},"end":{"line":106,"column":null}},"loc":{"start":{"line":106,"column":24},"end":{"line":120,"column":null}}},"4":{"name":"(anonymous_9)","decl":{"start":{"line":123,"column":12},"end":{"line":123,"column":null}},"loc":{"start":{"line":123,"column":12},"end":{"line":131,"column":5}}},"5":{"name":"(anonymous_10)","decl":{"start":{"line":133,"column":12},"end":{"line":133,"column":null}},"loc":{"start":{"line":133,"column":12},"end":{"line":147,"column":5}}},"6":{"name":"(anonymous_11)","decl":{"start":{"line":405,"column":25},"end":{"line":405,"column":31}},"loc":{"start":{"line":405,"column":31},"end":{"line":405,"column":null}}},"7":{"name":"(anonymous_12)","decl":{"start":{"line":413,"column":25},"end":{"line":413,"column":31}},"loc":{"start":{"line":413,"column":31},"end":{"line":413,"column":null}}},"8":{"name":"(anonymous_13)","decl":{"start":{"line":421,"column":25},"end":{"line":421,"column":31}},"loc":{"start":{"line":421,"column":31},"end":{"line":421,"column":null}}},"9":{"name":"(anonymous_14)","decl":{"start":{"line":433,"column":26},"end":{"line":433,"column":27}},"loc":{"start":{"line":433,"column":33},"end":{"line":433,"column":null}}},"10":{"name":"(anonymous_15)","decl":{"start":{"line":553,"column":33},"end":{"line":553,"column":39}},"loc":{"start":{"line":553,"column":39},"end":{"line":553,"column":null}}},"11":{"name":"(anonymous_16)","decl":{"start":{"line":560,"column":33},"end":{"line":560,"column":39}},"loc":{"start":{"line":560,"column":39},"end":{"line":560,"column":null}}},"12":{"name":"(anonymous_17)","decl":{"start":{"line":569,"column":70},"end":{"line":569,"column":71}},"loc":{"start":{"line":569,"column":77},"end":{"line":589,"column":null}}},"13":{"name":"(anonymous_18)","decl":{"start":{"line":571,"column":100},"end":{"line":571,"column":105}},"loc":{"start":{"line":571,"column":105},"end":{"line":571,"column":null}}},"14":{"name":"(anonymous_19)","decl":{"start":{"line":611,"column":42},"end":{"line":611,"column":43}},"loc":{"start":{"line":612,"column":22},"end":{"line":612,"column":43}}},"15":{"name":"(anonymous_20)","decl":{"start":{"line":633,"column":49},"end":{"line":633,"column":50}},"loc":{"start":{"line":633,"column":64},"end":{"line":633,"column":80}}},"16":{"name":"(anonymous_21)","decl":{"start":{"line":730,"column":38},"end":{"line":730,"column":39}},"loc":{"start":{"line":731,"column":20},"end":{"line":731,"column":33}}}},"branchMap":{"0":{"loc":{"start":{"line":81,"column":8},"end":{"line":89,"column":null}},"type":"if","locations":[{"start":{"line":81,"column":8},"end":{"line":89,"column":null}}]},"1":{"loc":{"start":{"line":81,"column":12},"end":{"line":81,"column":32}},"type":"binary-expr","locations":[{"start":{"line":81,"column":12},"end":{"line":81,"column":23}},{"start":{"line":81,"column":23},"end":{"line":81,"column":32}}]},"2":{"loc":{"start":{"line":82,"column":47},"end":{"line":82,"column":null}},"type":"binary-expr","locations":[{"start":{"line":82,"column":47},"end":{"line":82,"column":63}},{"start":{"line":82,"column":63},"end":{"line":82,"column":null}}]},"3":{"loc":{"start":{"line":85,"column":10},"end":{"line":88,"column":null}},"type":"if","locations":[{"start":{"line":85,"column":10},"end":{"line":88,"column":null}}]},"4":{"loc":{"start":{"line":93,"column":8},"end":{"line":96,"column":null}},"type":"if","locations":[{"start":{"line":93,"column":8},"end":{"line":96,"column":null}}]},"5":{"loc":{"start":{"line":125,"column":4},"end":{"line":130,"column":null}},"type":"if","locations":[{"start":{"line":125,"column":4},"end":{"line":130,"column":null}}]},"6":{"loc":{"start":{"line":127,"column":6},"end":{"line":129,"column":null}},"type":"if","locations":[{"start":{"line":127,"column":6},"end":{"line":129,"column":null}}]},"7":{"loc":{"start":{"line":134,"column":4},"end":{"line":134,"column":null}},"type":"if","locations":[{"start":{"line":134,"column":4},"end":{"line":134,"column":null}}]},"8":{"loc":{"start":{"line":134,"column":8},"end":{"line":134,"column":51}},"type":"binary-expr","locations":[{"start":{"line":134,"column":8},"end":{"line":134,"column":20}},{"start":{"line":134,"column":20},"end":{"line":134,"column":51}}]},"9":{"loc":{"start":{"line":139,"column":4},"end":{"line":144,"column":null}},"type":"if","locations":[{"start":{"line":139,"column":4},"end":{"line":144,"column":null}},{"start":{"line":142,"column":11},"end":{"line":144,"column":null}}]},"10":{"loc":{"start":{"line":140,"column":26},"end":{"line":140,"column":null}},"type":"cond-expr","locations":[{"start":{"line":140,"column":86},"end":{"line":140,"column":95}},{"start":{"line":140,"column":95},"end":{"line":140,"column":null}}]},"11":{"loc":{"start":{"line":177,"column":2},"end":{"line":270,"column":null}},"type":"if","locations":[{"start":{"line":177,"column":2},"end":{"line":270,"column":null}}]},"12":{"loc":{"start":{"line":272,"column":2},"end":{"line":284,"column":null}},"type":"if","locations":[{"start":{"line":272,"column":2},"end":{"line":284,"column":null}}]},"13":{"loc":{"start":{"line":286,"column":2},"end":{"line":295,"column":null}},"type":"if","locations":[{"start":{"line":286,"column":2},"end":{"line":295,"column":null}}]},"14":{"loc":{"start":{"line":286,"column":6},"end":{"line":286,"column":32}},"type":"binary-expr","locations":[{"start":{"line":286,"column":6},"end":{"line":286,"column":22}},{"start":{"line":286,"column":22},"end":{"line":286,"column":32}}]},"15":{"loc":{"start":{"line":369,"column":17},"end":{"line":369,"column":null}},"type":"binary-expr","locations":[{"start":{"line":369,"column":17},"end":{"line":369,"column":50}},{"start":{"line":369,"column":50},"end":{"line":369,"column":98}},{"start":{"line":369,"column":98},"end":{"line":369,"column":null}}]},"16":{"loc":{"start":{"line":374,"column":17},"end":{"line":374,"column":null}},"type":"binary-expr","locations":[{"start":{"line":374,"column":17},"end":{"line":374,"column":39}},{"start":{"line":374,"column":39},"end":{"line":374,"column":72}},{"start":{"line":374,"column":76},"end":{"line":374,"column":null}}]},"17":{"loc":{"start":{"line":392,"column":13},"end":{"line":392,"column":null}},"type":"binary-expr","locations":[{"start":{"line":392,"column":13},"end":{"line":392,"column":null}}]},"18":{"loc":{"start":{"line":406,"column":42},"end":{"line":406,"column":127}},"type":"cond-expr","locations":[{"start":{"line":406,"column":62},"end":{"line":406,"column":109}},{"start":{"line":406,"column":109},"end":{"line":406,"column":127}}]},"19":{"loc":{"start":{"line":414,"column":42},"end":{"line":414,"column":128}},"type":"cond-expr","locations":[{"start":{"line":414,"column":63},"end":{"line":414,"column":110}},{"start":{"line":414,"column":110},"end":{"line":414,"column":128}}]},"20":{"loc":{"start":{"line":422,"column":42},"end":{"line":422,"column":126}},"type":"cond-expr","locations":[{"start":{"line":422,"column":61},"end":{"line":422,"column":108}},{"start":{"line":422,"column":108},"end":{"line":422,"column":126}}]},"21":{"loc":{"start":{"line":467,"column":71},"end":{"line":467,"column":null}},"type":"binary-expr","locations":[{"start":{"line":467,"column":71},"end":{"line":467,"column":113}},{"start":{"line":467,"column":113},"end":{"line":467,"column":null}}]},"22":{"loc":{"start":{"line":470,"column":65},"end":{"line":470,"column":99}},"type":"binary-expr","locations":[{"start":{"line":470,"column":65},"end":{"line":470,"column":96}},{"start":{"line":470,"column":96},"end":{"line":470,"column":99}}]},"23":{"loc":{"start":{"line":486,"column":72},"end":{"line":486,"column":null}},"type":"binary-expr","locations":[{"start":{"line":486,"column":72},"end":{"line":486,"column":111}},{"start":{"line":486,"column":111},"end":{"line":486,"column":null}}]},"24":{"loc":{"start":{"line":505,"column":71},"end":{"line":505,"column":null}},"type":"binary-expr","locations":[{"start":{"line":505,"column":71},"end":{"line":505,"column":121}},{"start":{"line":505,"column":121},"end":{"line":505,"column":null}}]},"25":{"loc":{"start":{"line":508,"column":64},"end":{"line":508,"column":102}},"type":"binary-expr","locations":[{"start":{"line":508,"column":64},"end":{"line":508,"column":98}},{"start":{"line":508,"column":98},"end":{"line":508,"column":102}}]},"26":{"loc":{"start":{"line":524,"column":71},"end":{"line":524,"column":null}},"type":"binary-expr","locations":[{"start":{"line":524,"column":71},"end":{"line":524,"column":116}},{"start":{"line":524,"column":116},"end":{"line":524,"column":null}}]},"27":{"loc":{"start":{"line":527,"column":63},"end":{"line":527,"column":93}},"type":"binary-expr","locations":[{"start":{"line":527,"column":63},"end":{"line":527,"column":88}},{"start":{"line":527,"column":88},"end":{"line":527,"column":93}}]},"28":{"loc":{"start":{"line":551,"column":33},"end":{"line":551,"column":null}},"type":"cond-expr","locations":[{"start":{"line":551,"column":47},"end":{"line":551,"column":59}},{"start":{"line":551,"column":59},"end":{"line":551,"column":null}}]},"29":{"loc":{"start":{"line":558,"column":33},"end":{"line":558,"column":null}},"type":"cond-expr","locations":[{"start":{"line":558,"column":48},"end":{"line":558,"column":60}},{"start":{"line":558,"column":60},"end":{"line":558,"column":null}}]},"30":{"loc":{"start":{"line":569,"column":22},"end":{"line":569,"column":63}},"type":"cond-expr","locations":[{"start":{"line":569,"column":36},"end":{"line":569,"column":50}},{"start":{"line":569,"column":50},"end":{"line":569,"column":63}}]},"31":{"loc":{"start":{"line":570,"column":36},"end":{"line":570,"column":75}},"type":"cond-expr","locations":[{"start":{"line":570,"column":50},"end":{"line":570,"column":62}},{"start":{"line":570,"column":65},"end":{"line":570,"column":75}}]},"32":{"loc":{"start":{"line":571,"column":52},"end":{"line":571,"column":93}},"type":"cond-expr","locations":[{"start":{"line":571,"column":66},"end":{"line":571,"column":80}},{"start":{"line":571,"column":80},"end":{"line":571,"column":93}}]},"33":{"loc":{"start":{"line":571,"column":105},"end":{"line":571,"column":null}},"type":"binary-expr","locations":[{"start":{"line":571,"column":106},"end":{"line":571,"column":138}},{"start":{"line":571,"column":144},"end":{"line":571,"column":null}}]},"34":{"loc":{"start":{"line":571,"column":106},"end":{"line":571,"column":138}},"type":"cond-expr","locations":[{"start":{"line":571,"column":120},"end":{"line":571,"column":129}},{"start":{"line":571,"column":132},"end":{"line":571,"column":138}}]},"35":{"loc":{"start":{"line":579,"column":45},"end":{"line":579,"column":59}},"type":"binary-expr","locations":[{"start":{"line":579,"column":45},"end":{"line":579,"column":54}},{"start":{"line":579,"column":54},"end":{"line":579,"column":59}}]},"36":{"loc":{"start":{"line":583,"column":31},"end":{"line":583,"column":null}},"type":"cond-expr","locations":[{"start":{"line":583,"column":45},"end":{"line":583,"column":80}},{"start":{"line":583,"column":83},"end":{"line":583,"column":null}}]},"37":{"loc":{"start":{"line":583,"column":50},"end":{"line":583,"column":62}},"type":"binary-expr","locations":[{"start":{"line":583,"column":50},"end":{"line":583,"column":59}},{"start":{"line":583,"column":59},"end":{"line":583,"column":62}}]},"38":{"loc":{"start":{"line":583,"column":84},"end":{"line":583,"column":96}},"type":"binary-expr","locations":[{"start":{"line":583,"column":84},"end":{"line":583,"column":93}},{"start":{"line":583,"column":93},"end":{"line":583,"column":96}}]},"39":{"loc":{"start":{"line":593,"column":23},"end":{"line":593,"column":null}},"type":"cond-expr","locations":[{"start":{"line":593,"column":37},"end":{"line":593,"column":64}},{"start":{"line":593,"column":64},"end":{"line":593,"column":null}}]},"40":{"loc":{"start":{"line":617,"column":47},"end":{"line":617,"column":null}},"type":"cond-expr","locations":[{"start":{"line":617,"column":61},"end":{"line":617,"column":73}},{"start":{"line":617,"column":73},"end":{"line":617,"column":null}}]},"41":{"loc":{"start":{"line":617,"column":73},"end":{"line":617,"column":null}},"type":"cond-expr","locations":[{"start":{"line":617,"column":87},"end":{"line":617,"column":99}},{"start":{"line":617,"column":99},"end":{"line":617,"column":null}}]},"42":{"loc":{"start":{"line":660,"column":35},"end":{"line":660,"column":65}},"type":"binary-expr","locations":[{"start":{"line":660,"column":35},"end":{"line":660,"column":60}},{"start":{"line":660,"column":60},"end":{"line":660,"column":65}}]},"43":{"loc":{"start":{"line":669,"column":24},"end":{"line":669,"column":null}},"type":"binary-expr","locations":[{"start":{"line":669,"column":24},"end":{"line":669,"column":55}},{"start":{"line":669,"column":55},"end":{"line":669,"column":null}}]},"44":{"loc":{"start":{"line":740,"column":39},"end":{"line":740,"column":58}},"type":"cond-expr","locations":[{"start":{"line":740,"column":49},"end":{"line":740,"column":55}},{"start":{"line":740,"column":55},"end":{"line":740,"column":58}}]}},"s":{"0":0,"1":0,"2":0,"3":0,"4":0,"5":0,"6":0,"7":0,"8":0,"9":0,"10":0,"11":0,"12":0,"13":0,"14":0,"15":0,"16":0,"17":0,"18":0,"19":0,"20":0,"21":0,"22":0,"23":0,"24":0,"25":0,"26":0,"27":0,"28":0,"29":0,"30":0,"31":0,"32":0,"33":0,"34":0,"35":0,"36":0,"37":0,"38":0,"39":0,"40":0,"41":0,"42":0,"43":0,"44":0,"45":0,"46":0,"47":0,"48":0,"49":0,"50":0,"51":0,"52":0,"53":0,"54":0,"55":0,"56":0,"57":0,"58":0,"59":0,"60":0,"61":0,"62":0,"63":0,"64":0,"65":0,"66":0,"67":0,"68":0,"69":0,"70":0,"71":0,"72":0,"73":0,"74":0,"75":0,"76":0},"f":{"0":0,"1":0,"2":0,"3":0,"4":0,"5":0,"6":0,"7":0,"8":0,"9":0,"10":0,"11":0,"12":0,"13":0,"14":0,"15":0,"16":0},"b":{"0":[0],"1":[0,0],"2":[0,0],"3":[0],"4":[0],"5":[0],"6":[0],"7":[0],"8":[0,0],"9":[0,0],"10":[0,0],"11":[0],"12":[0],"13":[0],"14":[0,0],"15":[0,0,0],"16":[0,0,0],"17":[0],"18":[0,0],"19":[0,0],"20":[0,0],"21":[0,0],"22":[0,0],"23":[0,0],"24":[0,0],"25":[0,0],"26":[0,0],"27":[0,0],"28":[0,0],"29":[0,0],"30":[0,0],"31":[0,0],"32":[0,0],"33":[0,0],"34":[0,0],"35":[0,0],"36":[0,0],"37":[0,0],"38":[0,0],"39":[0,0],"40":[0,0],"41":[0,0],"42":[0,0],"43":[0,0],"44":[0,0]}}
,"/Users/krisstoll/Documents/App Development/LaunchBird/app/admin/organizations/OrganizationActions.tsx": {"path":"/Users/krisstoll/Documents/App Development/LaunchBird/app/admin/organizations/OrganizationActions.tsx","statementMap":{"0":{"start":{"line":11,"column":16},"end":{"line":11,"column":36}},"1":{"start":{"line":3,"column":25},"end":{"line":3,"column":null}},"2":{"start":{"line":4,"column":84},"end":{"line":4,"column":null}},"3":{"start":{"line":12,"column":36},"end":{"line":12,"column":null}},"4":{"start":{"line":13,"column":44},"end":{"line":13,"column":null}},"5":{"start":{"line":14,"column":50},"end":{"line":14,"column":null}},"6":{"start":{"line":15,"column":44},"end":{"line":15,"column":null}},"7":{"start":{"line":17,"column":24},"end":{"line":30,"column":null}},"8":{"start":{"line":18,"column":4},"end":{"line":18,"column":null}},"9":{"start":{"line":18,"column":31},"end":{"line":18,"column":null}},"10":{"start":{"line":19,"column":4},"end":{"line":19,"column":null}},"11":{"start":{"line":20,"column":4},"end":{"line":29,"column":null}},"12":{"start":{"line":21,"column":6},"end":{"line":21,"column":null}},"13":{"start":{"line":22,"column":6},"end":{"line":22,"column":null}},"14":{"start":{"line":23,"column":6},"end":{"line":23,"column":null}},"15":{"start":{"line":24,"column":6},"end":{"line":24,"column":null}},"16":{"start":{"line":26,"column":6},"end":{"line":26,"column":null}},"17":{"start":{"line":28,"column":6},"end":{"line":28,"column":null}},"18":{"start":{"line":32,"column":27},"end":{"line":42,"column":null}},"19":{"start":{"line":33,"column":4},"end":{"line":33,"column":null}},"20":{"start":{"line":34,"column":4},"end":{"line":41,"column":null}},"21":{"start":{"line":35,"column":6},"end":{"line":35,"column":null}},"22":{"start":{"line":36,"column":6},"end":{"line":36,"column":null}},"23":{"start":{"line":38,"column":6},"end":{"line":38,"column":null}},"24":{"start":{"line":40,"column":6},"end":{"line":40,"column":null}},"25":{"start":{"line":44,"column":27},"end":{"line":55,"column":null}},"26":{"start":{"line":45,"column":4},"end":{"line":45,"column":null}},"27":{"start":{"line":46,"column":4},"end":{"line":54,"column":null}},"28":{"start":{"line":47,"column":6},"end":{"line":47,"column":null}},"29":{"start":{"line":48,"column":6},"end":{"line":48,"column":null}},"30":{"start":{"line":49,"column":6},"end":{"line":49,"column":null}},"31":{"start":{"line":51,"column":6},"end":{"line":51,"column":null}},"32":{"start":{"line":53,"column":6},"end":{"line":53,"column":null}},"33":{"start":{"line":57,"column":17},"end":{"line":57,"column":null}},"34":{"start":{"line":58,"column":22},"end":{"line":58,"column":null}},"35":{"start":{"line":72,"column":25},"end":{"line":72,"column":null}},"36":{"start":{"line":80,"column":23},"end":{"line":80,"column":null}},"37":{"start":{"line":95,"column":31},"end":{"line":95,"column":null}},"38":{"start":{"line":102,"column":31},"end":{"line":102,"column":null}},"39":{"start":{"line":127,"column":16},"end":{"line":128,"column":null}},"40":{"start":{"line":129,"column":33},"end":{"line":129,"column":null}},"41":{"start":{"line":148,"column":31},"end":{"line":148,"column":null}}},"fnMap":{"0":{"name":"OrganizationActions","decl":{"start":{"line":11,"column":16},"end":{"line":11,"column":36}},"loc":{"start":{"line":11,"column":78},"end":{"line":159,"column":null}}},"1":{"name":"(anonymous_2)","decl":{"start":{"line":17,"column":24},"end":{"line":17,"column":null}},"loc":{"start":{"line":17,"column":24},"end":{"line":30,"column":null}}},"2":{"name":"(anonymous_3)","decl":{"start":{"line":32,"column":27},"end":{"line":32,"column":null}},"loc":{"start":{"line":32,"column":27},"end":{"line":42,"column":null}}},"3":{"name":"(anonymous_4)","decl":{"start":{"line":44,"column":27},"end":{"line":44,"column":34}},"loc":{"start":{"line":44,"column":34},"end":{"line":55,"column":null}}},"4":{"name":"(anonymous_5)","decl":{"start":{"line":72,"column":19},"end":{"line":72,"column":25}},"loc":{"start":{"line":72,"column":25},"end":{"line":72,"column":null}}},"5":{"name":"(anonymous_6)","decl":{"start":{"line":80,"column":17},"end":{"line":80,"column":23}},"loc":{"start":{"line":80,"column":23},"end":{"line":80,"column":null}}},"6":{"name":"(anonymous_7)","decl":{"start":{"line":95,"column":24},"end":{"line":95,"column":25}},"loc":{"start":{"line":95,"column":31},"end":{"line":95,"column":null}}},"7":{"name":"(anonymous_8)","decl":{"start":{"line":102,"column":25},"end":{"line":102,"column":31}},"loc":{"start":{"line":102,"column":31},"end":{"line":102,"column":null}}},"8":{"name":"(anonymous_9)","decl":{"start":{"line":126,"column":60},"end":{"line":126,"column":61}},"loc":{"start":{"line":127,"column":16},"end":{"line":128,"column":null}}},"9":{"name":"(anonymous_10)","decl":{"start":{"line":129,"column":27},"end":{"line":129,"column":33}},"loc":{"start":{"line":129,"column":33},"end":{"line":129,"column":null}}},"10":{"name":"(anonymous_11)","decl":{"start":{"line":148,"column":25},"end":{"line":148,"column":31}},"loc":{"start":{"line":148,"column":31},"end":{"line":148,"column":null}}}},"branchMap":{"0":{"loc":{"start":{"line":18,"column":4},"end":{"line":18,"column":null}},"type":"if","locations":[{"start":{"line":18,"column":4},"end":{"line":18,"column":null}}]},"1":{"loc":{"start":{"line":57,"column":17},"end":{"line":57,"column":null}},"type":"binary-expr","locations":[{"start":{"line":57,"column":17},"end":{"line":57,"column":36}},{"start":{"line":57,"column":40},"end":{"line":57,"column":null}}]},"2":{"loc":{"start":{"line":63,"column":8},"end":{"line":71,"column":9}},"type":"cond-expr","locations":[{"start":{"line":63,"column":8},"end":{"line":71,"column":9}}]},"3":{"loc":{"start":{"line":68,"column":11},"end":{"line":68,"column":null}},"type":"cond-expr","locations":[{"start":{"line":68,"column":23},"end":{"line":68,"column":43}},{"start":{"line":68,"column":43},"end":{"line":68,"column":null}}]},"4":{"loc":{"start":{"line":88,"column":7},"end":{"line":88,"column":null}},"type":"binary-expr","locations":[{"start":{"line":88,"column":7},"end":{"line":88,"column":null}}]},"5":{"loc":{"start":{"line":109,"column":26},"end":{"line":109,"column":null}},"type":"binary-expr","locations":[{"start":{"line":109,"column":26},"end":{"line":109,"column":39}},{"start":{"line":109,"column":39},"end":{"line":109,"column":null}}]},"6":{"loc":{"start":{"line":112,"column":17},"end":{"line":112,"column":null}},"type":"cond-expr","locations":[{"start":{"line":112,"column":29},"end":{"line":112,"column":47}},{"start":{"line":112,"column":47},"end":{"line":112,"column":null}}]},"7":{"loc":{"start":{"line":120,"column":7},"end":{"line":120,"column":null}},"type":"binary-expr","locations":[{"start":{"line":120,"column":7},"end":{"line":120,"column":null}}]},"8":{"loc":{"start":{"line":130,"column":28},"end":{"line":130,"column":null}},"type":"binary-expr","locations":[{"start":{"line":130,"column":28},"end":{"line":130,"column":41}},{"start":{"line":130,"column":41},"end":{"line":130,"column":null}}]},"9":{"loc":{"start":{"line":132,"column":20},"end":{"line":134,"column":null}},"type":"cond-expr","locations":[{"start":{"line":133,"column":24},"end":{"line":133,"column":null}},{"start":{"line":134,"column":24},"end":{"line":134,"column":null}}]},"10":{"loc":{"start":{"line":139,"column":21},"end":{"line":139,"column":null}},"type":"binary-expr","locations":[{"start":{"line":139,"column":21},"end":{"line":139,"column":40}},{"start":{"line":139,"column":40},"end":{"line":139,"column":null}}]},"11":{"loc":{"start":{"line":140,"column":21},"end":{"line":140,"column":null}},"type":"binary-expr","locations":[{"start":{"line":140,"column":21},"end":{"line":140,"column":39}},{"start":{"line":140,"column":39},"end":{"line":140,"column":null}}]},"12":{"loc":{"start":{"line":141,"column":21},"end":{"line":141,"column":null}},"type":"binary-expr","locations":[{"start":{"line":141,"column":21},"end":{"line":141,"column":46}},{"start":{"line":141,"column":46},"end":{"line":141,"column":null}}]}},"s":{"0":0,"1":0,"2":0,"3":0,"4":0,"5":0,"6":0,"7":0,"8":0,"9":0,"10":0,"11":0,"12":0,"13":0,"14":0,"15":0,"16":0,"17":0,"18":0,"19":0,"20":0,"21":0,"22":0,"23":0,"24":0,"25":0,"26":0,"27":0,"28":0,"29":0,"30":0,"31":0,"32":0,"33":0,"34":0,"35":0,"36":0,"37":0,"38":0,"39":0,"40":0,"41":0},"f":{"0":0,"1":0,"2":0,"3":0,"4":0,"5":0,"6":0,"7":0,"8":0,"9":0,"10":0},"b":{"0":[0],"1":[0,0],"2":[0],"3":[0,0],"4":[0],"5":[0,0],"6":[0,0],"7":[0],"8":[0,0],"9":[0,0],"10":[0,0],"11":[0,0],"12":[0,0]}}
,"/Users/krisstoll/Documents/App Development/LaunchBird/app/admin/organizations/page.tsx": {"path":"/Users/krisstoll/Documents/App Development/LaunchBird/app/admin/organizations/page.tsx","statementMap":{"0":{"start":{"line":27,"column":24},"end":{"line":27,"column":null}},"1":{"start":{"line":3,"column":43},"end":{"line":3,"column":null}},"2":{"start":{"line":4,"column":17},"end":{"line":4,"column":null}},"3":{"start":{"line":5,"column":105},"end":{"line":5,"column":null}},"4":{"start":{"line":6,"column":36},"end":{"line":6,"column":null}},"5":{"start":{"line":15,"column":7},"end":{"line":15,"column":null}},"6":{"start":{"line":18,"column":2},"end":{"line":18,"column":null}},"7":{"start":{"line":18,"column":13},"end":{"line":18,"column":null}},"8":{"start":{"line":19,"column":2},"end":{"line":19,"column":null}},"9":{"start":{"line":19,"column":41},"end":{"line":19,"column":null}},"10":{"start":{"line":20,"column":2},"end":{"line":24,"column":null}},"11":{"start":{"line":21,"column":4},"end":{"line":21,"column":null}},"12":{"start":{"line":23,"column":4},"end":{"line":23,"column":null}},"13":{"start":{"line":28,"column":44},"end":{"line":28,"column":null}},"14":{"start":{"line":29,"column":32},"end":{"line":29,"column":null}},"15":{"start":{"line":31,"column":2},"end":{"line":44,"column":null}},"16":{"start":{"line":32,"column":30},"end":{"line":41,"column":null}},"17":{"start":{"line":33,"column":6},"end":{"line":40,"column":null}},"18":{"start":{"line":34,"column":21},"end":{"line":34,"column":null}},"19":{"start":{"line":35,"column":8},"end":{"line":35,"column":null}},"20":{"start":{"line":37,"column":8},"end":{"line":37,"column":null}},"21":{"start":{"line":39,"column":8},"end":{"line":39,"column":null}},"22":{"start":{"line":43,"column":4},"end":{"line":43,"column":null}},"23":{"start":{"line":46,"column":2},"end":{"line":136,"column":null}},"24":{"start":{"line":254,"column":20},"end":{"line":254,"column":37}}},"fnMap":{"0":{"name":"formatDate","decl":{"start":{"line":17,"column":9},"end":{"line":17,"column":20}},"loc":{"start":{"line":17,"column":29},"end":{"line":25,"column":null}}},"1":{"name":"AdminOrganizationsPage","decl":{"start":{"line":27,"column":24},"end":{"line":27,"column":null}},"loc":{"start":{"line":27,"column":24},"end":{"line":273,"column":null}}},"2":{"name":"(anonymous_7)","decl":{"start":{"line":31,"column":12},"end":{"line":31,"column":null}},"loc":{"start":{"line":31,"column":12},"end":{"line":44,"column":5}}},"3":{"name":"(anonymous_8)","decl":{"start":{"line":32,"column":30},"end":{"line":32,"column":null}},"loc":{"start":{"line":32,"column":30},"end":{"line":41,"column":null}}},"4":{"name":"(anonymous_9)","decl":{"start":{"line":253,"column":36},"end":{"line":253,"column":null}},"loc":{"start":{"line":254,"column":20},"end":{"line":254,"column":37}}}},"branchMap":{"0":{"loc":{"start":{"line":18,"column":2},"end":{"line":18,"column":null}},"type":"if","locations":[{"start":{"line":18,"column":2},"end":{"line":18,"column":null}}]},"1":{"loc":{"start":{"line":19,"column":2},"end":{"line":19,"column":null}},"type":"if","locations":[{"start":{"line":19,"column":2},"end":{"line":19,"column":null}}]},"2":{"loc":{"start":{"line":46,"column":2},"end":{"line":136,"column":null}},"type":"if","locations":[{"start":{"line":46,"column":2},"end":{"line":136,"column":null}}]},"3":{"loc":{"start":{"line":248,"column":17},"end":{"line":254,"column":37}},"type":"cond-expr","locations":[{"start":{"line":249,"column":18},"end":{"line":253,"column":32}},{"start":{"line":253,"column":18},"end":{"line":254,"column":37}}]},"4":{"loc":{"start":{"line":257,"column":49},"end":{"line":257,"column":null}},"type":"binary-expr","locations":[{"start":{"line":257,"column":49},"end":{"line":257,"column":72}},{"start":{"line":257,"column":72},"end":{"line":257,"column":null}}]},"5":{"loc":{"start":{"line":259,"column":49},"end":{"line":259,"column":null}},"type":"binary-expr","locations":[{"start":{"line":259,"column":49},"end":{"line":259,"column":59}},{"start":{"line":259,"column":63},"end":{"line":259,"column":null}}]}},"s":{"0":0,"1":0,"2":0,"3":0,"4":0,"5":0,"6":0,"7":0,"8":0,"9":0,"10":0,"11":0,"12":0,"13":0,"14":0,"15":0,"16":0,"17":0,"18":0,"19":0,"20":0,"21":0,"22":0,"23":0,"24":0},"f":{"0":0,"1":0,"2":0,"3":0,"4":0},"b":{"0":[0],"1":[0],"2":[0],"3":[0,0],"4":[0,0],"5":[0,0]}}
,"/Users/krisstoll/Documents/App Development/LaunchBird/app/admin/system/page.tsx": {"path":"/Users/krisstoll/Documents/App Development/LaunchBird/app/admin/system/page.tsx","statementMap":{"0":{"start":{"line":21,"column":24},"end":{"line":21,"column":null}},"1":{"start":{"line":3,"column":43},"end":{"line":3,"column":null}},"2":{"start":{"line":4,"column":17},"end":{"line":4,"column":null}},"3":{"start":{"line":5,"column":50},"end":{"line":5,"column":null}},"4":{"start":{"line":6,"column":19},"end":{"line":6,"column":null}},"5":{"start":{"line":14,"column":7},"end":{"line":14,"column":null}},"6":{"start":{"line":22,"column":30},"end":{"line":22,"column":null}},"7":{"start":{"line":23,"column":32},"end":{"line":23,"column":null}},"8":{"start":{"line":25,"column":2},"end":{"line":47,"column":null}},"9":{"start":{"line":26,"column":28},"end":{"line":44,"column":null}},"10":{"start":{"line":27,"column":21},"end":{"line":27,"column":null}},"11":{"start":{"line":28,"column":26},"end":{"line":28,"column":null}},"12":{"start":{"line":30,"column":6},"end":{"line":34,"column":null}},"13":{"start":{"line":31,"column":8},"end":{"line":31,"column":null}},"14":{"start":{"line":33,"column":8},"end":{"line":33,"column":null}},"15":{"start":{"line":36,"column":6},"end":{"line":40,"column":null}},"16":{"start":{"line":37,"column":18},"end":{"line":37,"column":null}},"17":{"start":{"line":38,"column":25},"end":{"line":38,"column":null}},"18":{"start":{"line":39,"column":8},"end":{"line":39,"column":null}},"19":{"start":{"line":42,"column":6},"end":{"line":42,"column":null}},"20":{"start":{"line":43,"column":6},"end":{"line":43,"column":null}},"21":{"start":{"line":46,"column":4},"end":{"line":46,"column":null}},"22":{"start":{"line":49,"column":2},"end":{"line":142,"column":null}}},"fnMap":{"0":{"name":"AdminSystemPage","decl":{"start":{"line":21,"column":24},"end":{"line":21,"column":null}},"loc":{"start":{"line":21,"column":24},"end":{"line":259,"column":null}}},"1":{"name":"(anonymous_6)","decl":{"start":{"line":25,"column":12},"end":{"line":25,"column":null}},"loc":{"start":{"line":25,"column":12},"end":{"line":47,"column":5}}},"2":{"name":"(anonymous_7)","decl":{"start":{"line":26,"column":28},"end":{"line"
[...]
e":190,"column":34},"end":{"line":190,"column":null}},"loc":{"start":{"line":192,"column":2},"end":{"line":207,"column":null}}},"5":{"name":"(anonymous_18)","decl":{"start":{"line":216,"column":37},"end":{"line":216,"column":null}},"loc":{"start":{"line":219,"column":35},"end":{"line":242,"column":null}}},"6":{"name":"(anonymous_19)","decl":{"start":{"line":250,"column":40},"end":{"line":250,"column":null}},"loc":{"start":{"line":252,"column":2},"end":{"line":280,"column":null}}},"7":{"name":"(anonymous_20)","decl":{"start":{"line":263,"column":49},"end":{"line":263,"column":50}},"loc":{"start":{"line":263,"column":65},"end":{"line":263,"column":null}}},"8":{"name":"(anonymous_21)","decl":{"start":{"line":291,"column":44},"end":{"line":291,"column":null}},"loc":{"start":{"line":296,"column":2},"end":{"line":323,"column":null}}},"9":{"name":"(anonymous_22)","decl":{"start":{"line":330,"column":42},"end":{"line":330,"column":null}},"loc":{"start":{"line":331,"column":2},"end":{"line":352,"column":null}}},"10":{"name":"(anonymous_23)","decl":{"start":{"line":347,"column":29},"end":{"line":347,"column":37}},"loc":{"start":{"line":347,"column":37},"end":{"line":347,"column":null}}},"11":{"name":"(anonymous_24)","decl":{"start":{"line":360,"column":44},"end":{"line":360,"column":null}},"loc":{"start":{"line":362,"column":2},"end":{"line":401,"column":null}}},"12":{"name":"(anonymous_25)","decl":{"start":{"line":409,"column":39},"end":{"line":409,"column":null}},"loc":{"start":{"line":411,"column":2},"end":{"line":433,"column":null}}},"13":{"name":"(anonymous_26)","decl":{"start":{"line":416,"column":11},"end":{"line":416,"column":18}},"loc":{"start":{"line":416,"column":11},"end":{"line":416,"column":null}}},"14":{"name":"(anonymous_27)","decl":{"start":{"line":421,"column":4},"end":{"line":421,"column":5}},"loc":{"start":{"line":421,"column":5},"end":{"line":427,"column":null}}},"15":{"name":"(anonymous_28)","decl":{"start":{"line":428,"column":4},"end":{"line":428,"column":5}},"loc":{"start":{"line":428,"column":5},"end":{"line":431,"column":null}}},"16":{"name":"(anonymous_29)","decl":{"start":{"line":442,"column":41},"end":{"line":442,"column":null}},"loc":{"start":{"line":445,"column":43},"end":{"line":479,"column":null}}}},"branchMap":{"0":{"loc":{"start":{"line":37,"column":2},"end":{"line":39,"column":null}},"type":"if","locations":[{"start":{"line":37,"column":2},"end":{"line":39,"column":null}}]},"1":{"loc":{"start":{"line":101,"column":2},"end":{"line":104,"column":null}},"type":"if","locations":[{"start":{"line":101,"column":2},"end":{"line":104,"column":null}}]},"2":{"loc":{"start":{"line":109,"column":4},"end":{"line":111,"column":null}},"type":"if","locations":[{"start":{"line":109,"column":4},"end":{"line":111,"column":null}}]},"3":{"loc":{"start":{"line":126,"column":2},"end":{"line":129,"column":null}},"type":"if","locations":[{"start":{"line":126,"column":2},"end":{"line":129,"column":null}}]},"4":{"loc":{"start":{"line":139,"column":4},"end":{"line":142,"column":null}},"type":"if","locations":[{"start":{"line":139,"column":4},"end":{"line":142,"column":null}}]},"5":{"loc":{"start":{"line":157,"column":2},"end":{"line":160,"column":null}},"type":"if","locations":[{"start":{"line":157,"column":2},"end":{"line":160,"column":null}}]},"6":{"loc":{"start":{"line":166,"column":4},"end":{"line":168,"column":null}},"type":"if","locations":[{"start":{"line":166,"column":4},"end":{"line":168,"column":null}}]},"7":{"loc":{"start":{"line":173,"column":4},"end":{"line":175,"column":null}},"type":"if","locations":[{"start":{"line":173,"column":4},"end":{"line":175,"column":null}}]},"8":{"loc":{"start":{"line":194,"column":2},"end":{"line":196,"column":null}},"type":"if","locations":[{"start":{"line":194,"column":2},"end":{"line":196,"column":null}}]},"9":{"loc":{"start":{"line":219,"column":2},"end":{"line":219,"column":35}},"type":"default-arg","locations":[{"start":{"line":219,"column":27},"end":{"line":219,"column":35}}]},"10":{"loc":{"start":{"line":221,"column":2},"end":{"line":223,"column":null}},"type":"if","locations":[{"start":{"line":221,"column":2},"end":{"line":223,"column":null}}]},"11":{"loc":{"start":{"line":229,"column":19},"end":{"line":229,"column":63}},"type":"binary-expr","locations":[{"start":{"line":229,"column":19},"end":{"line":229,"column":61}},{"start":{"line":229,"column":61},"end":{"line":229,"column":63}}]},"12":{"loc":{"start":{"line":254,"column":2},"end":{"line":256,"column":null}},"type":"if","locations":[{"start":{"line":254,"column":2},"end":{"line":256,"column":null}}]},"13":{"loc":{"start":{"line":262,"column":27},"end":{"line":262,"column":55}},"type":"binary-expr","locations":[{"start":{"line":262,"column":27},"end":{"line":262,"column":53}},{"start":{"line":262,"column":53},"end":{"line":262,"column":55}}]},"14":{"loc":{"start":{"line":298,"column":2},"end":{"line":300,"column":null}},"type":"if","locations":[{"start":{"line":298,"column":2},"end":{"line":300,"column":null}}]},"15":{"loc":{"start":{"line":333,"column":2},"end":{"line":336,"column":null}},"type":"if","locations":[{"start":{"line":333,"column":2},"end":{"line":336,"column":null}}]},"16":{"loc":{"start":{"line":364,"column":2},"end":{"line":366,"column":null}},"type":"if","locations":[{"start":{"line":364,"column":2},"end":{"line":366,"column":null}}]},"17":{"loc":{"start":{"line":372,"column":4},"end":{"line":374,"column":null}},"type":"if","locations":[{"start":{"line":372,"column":4},"end":{"line":374,"column":null}}]},"18":{"loc":{"start":{"line":380,"column":24},"end":{"line":380,"column":null}},"type":"cond-expr","locations":[{"start":{"line":380,"column":44},"end":{"line":380,"column":65}},{"start":{"line":380,"column":65},"end":{"line":380,"column":null}}]},"19":{"loc":{"start":{"line":382,"column":4},"end":{"line":384,"column":null}},"type":"if","locations":[{"start":{"line":382,"column":4},"end":{"line":384,"column":null}}]},"20":{"loc":{"start":{"line":413,"column":2},"end":{"line":417,"column":null}},"type":"if","locations":[{"start":{"line":413,"column":2},"end":{"line":417,"column":null}}]},"21":{"loc":{"start":{"line":422,"column":6},"end":{"line":426,"column":null}},"type":"if","locations":[{"start":{"line":422,"column":6},"end":{"line":426,"column":null}},{"start":{"line":424,"column":13},"end":{"line":426,"column":null}}]},"22":{"loc":{"start":{"line":445,"column":2},"end":{"line":445,"column":43}},"type":"default-arg","locations":[{"start":{"line":445,"column":35},"end":{"line":445,"column":43}}]},"23":{"loc":{"start":{"line":447,"column":2},"end":{"line":449,"column":null}},"type":"if","locations":[{"start":{"line":447,"column":2},"end":{"line":449,"column":null}}]},"24":{"loc":{"start":{"line":454,"column":4},"end":{"line":456,"column":null}},"type":"if","locations":[{"start":{"line":454,"column":4},"end":{"line":456,"column":null}}]},"25":{"loc":{"start":{"line":460,"column":4},"end":{"line":462,"column":null}},"type":"if","locations":[{"start":{"line":460,"column":4},"end":{"line":462,"column":null}}]},"26":{"loc":{"start":{"line":471,"column":26},"end":{"line":471,"column":null}},"type":"binary-expr","locations":[{"start":{"line":471,"column":26},"end":{"line":471,"column":86}},{"start":{"line":471,"column":90},"end":{"line":471,"column":null}}]},"27":{"loc":{"start":{"line":472,"column":30},"end":{"line":472,"column":null}},"type":"binary-expr","locations":[{"start":{"line":472,"column":30},"end":{"line":472,"column":57}},{"start":{"line":472,"column":61},"end":{"line":472,"column":null}}]}},"s":{"0":0,"1":0,"2":0,"3":0,"4":0,"5":0,"6":0,"7":0,"8":0,"9":0,"10":0,"11":0,"12":0,"13":0,"14":0,"15":0,"16":0,"17":0,"18":0,"19":0,"20":0,"21":0,"22":0,"23":0,"24":0,"25":0,"26":0,"27":0,"28":0,"29":0,"30":0,"31":0,"32":0,"33":0,"34":0,"35":0,"36":0,"37":0,"38":0,"39":0,"40":0,"41":0,"42":0,"43":0,"44":0,"45":0,"46":0,"47":0,"48":0,"49":0,"50":0,"51":0,"52":0,"53":0,"54":0,"55":0,"56":0,"57":0,"58":0,"59":0,"60":0,"61":0,"62":0,"63":0,"64":0,"65":0,"66":0,"67":0,"68":0,"69":0,"70":0,"71":0,"72":0,"73":0,"74":0,"75":0,"76":0,"77":0,"78":0,"79":0,"80":0,"81":0,"82":0,"83":0,"84":0,"85":0,"86":0,"87":0,"88":0,"89":0,"90":0,"91":0,"92":0,"93":0,"94":0,"95":0,"96":0,"97":0,"98":0,"99":0,"100":0,"101":0,"102":0,"103":0,"104":0,"105":0,"106":0,"107":0,"108":0,"109":0,"110":0,"111":0,"112":0,"113":0,"114":0,"115":0,"116":0,"117":0,"118":0,"119":0,"120":0,"121":0,"122":0,"123":0,"124":0,"125":0,"126":0,"127":0,"128":0,"129":0,"130":0,"131":0,"132":0,"133":0,"134":0,"135":0,"136":0,"137":0,"138":0,"139":0,"140":0,"141":0,"142":0,"143":0,"144":0,"145":0,"146":0,"147":0,"148":0,"149":0,"150":0,"151":0,"152":0,"153":0,"154":0,"155":0,"156":0,"157":0,"158":0},"f":{"0":0,"1":0,"2":0,"3":0,"4":0,"5":0,"6":0,"7":0,"8":0,"9":0,"10":0,"11":0,"12":0,"13":0,"14":0,"15":0,"16":0},"b":{"0":[0],"1":[0],"2":[0],"3":[0],"4":[0],"5":[0],"6":[0],"7":[0],"8":[0],"9":[0],"10":[0],"11":[0,0],"12":[0],"13":[0,0],"14":[0],"15":[0],"16":[0],"17":[0],"18":[0,0],"19":[0],"20":[0],"21":[0,0],"22":[0],"23":[0],"24":[0],"25":[0],"26":[0,0],"27":[0,0]}}
,"/Users/krisstoll/Documents/App Development/LaunchBird/lib/useAuth.ts": {"path":"/Users/krisstoll/Documents/App Development/LaunchBird/lib/useAuth.ts","statementMap":{"0":{"start":{"line":10,"column":13},"end":{"line":10,"column":23}},"1":{"start":{"line":3,"column":36},"end":{"line":3,"column":null}},"2":{"start":{"line":4,"column":56},"end":{"line":4,"column":null}},"3":{"start":{"line":10,"column":23},"end":{"line":31,"column":null}},"4":{"start":{"line":11,"column":26},"end":{"line":11,"column":null}},"5":{"start":{"line":12,"column":32},"end":{"line":12,"column":null}},"6":{"start":{"line":14,"column":2},"end":{"line":28,"column":null}},"7":{"start":{"line":15,"column":21},"end":{"line":25,"column":null}},"8":{"start":{"line":16,"column":6},"end":{"line":24,"column":null}},"9":{"start":{"line":17,"column":28},"end":{"line":17,"column":null}},"10":{"start":{"line":18,"column":8},"end":{"line":18,"column":null}},"11":{"start":{"line":20,"column":8},"end":{"line":20,"column":null}},"12":{"start":{"line":21,"column":8},"end":{"line":21,"column":null}},"13":{"start":{"line":23,"column":8},"end":{"line":23,"column":null}},"14":{"start":{"line":27,"column":4},"end":{"line":27,"column":null}},"15":{"start":{"line":30,"column":2},"end":{"line":30,"column":null}}},"fnMap":{"0":{"name":"(anonymous_1)","decl":{"start":{"line":10,"column":23},"end":{"line":10,"column":null}},"loc":{"start":{"line":10,"column":23},"end":{"line":31,"column":null}}},"1":{"name":"(anonymous_2)","decl":{"start":{"line":14,"column":12},"end":{"line":14,"column":null}},"loc":{"start":{"line":14,"column":12},"end":{"line":28,"column":5}}},"2":{"name":"(anonymous_3)","decl":{"start":{"line":15,"column":21},"end":{"line":15,"column":null}},"loc":{"start":{"line":15,"column":21},"end":{"line":25,"column":null}}}},"branchMap":{},"s":{"0":0,"1":0,"2":0,"3":0,"4":0,"5":0,"6":0,"7":0,"8":0,"9":0,"10":0,"11":0,"12":0,"13":0,"14":0,"15":0},"f":{"0":0,"1":0,"2":0},"b":{}}
,"/Users/krisstoll/Documents/App Development/LaunchBird/lib/utils.ts": {"path":"/Users/krisstoll/Documents/App Development/LaunchBird/lib/utils.ts","statementMap":{"0":{"start":{"line":9,"column":16},"end":{"line":9,"column":19}},"1":{"start":{"line":1,"column":38},"end":{"line":1,"column":null}},"2":{"start":{"line":2,"column":24},"end":{"line":2,"column":null}},"3":{"start":{"line":10,"column":2},"end":{"line":10,"column":null}}},"fnMap":{"0":{"name":"cn","decl":{"start":{"line":9,"column":16},"end":{"line":9,"column":19}},"loc":{"start":{"line":9,"column":42},"end":{"line":11,"column":null}}}},"branchMap":{},"s":{"0":0,"1":0,"2":0,"3":0},"f":{"0":0},"b":{}}
,"/Users/krisstoll/Documents/App Development/LaunchBird/lib/weather.ts": {"path":"/Users/krisstoll/Documents/App Development/LaunchBird/lib/weather.ts","statementMap":{"0":{"start":{"line":15,"column":13},"end":{"line":15,"column":31}},"1":{"start":{"line":124,"column":13},"end":{"line":124,"column":30}},"2":{"start":{"line":47,"column":13},"end":{"line":47,"column":30}},"3":{"start":{"line":186,"column":13},"end":{"line":186,"column":26}},"4":{"start":{"line":78,"column":13},"end":{"line":78,"column":27}},"5":{"start":{"line":159,"column":13},"end":{"line":159,"column":28}},"6":{"start":{"line":150,"column":13},"end":{"line":150,"column":30}},"7":{"start":{"line":8,"column":28},"end":{"line":8,"column":null}},"8":{"start":{"line":9,"column":29},"end":{"line":9,"column":null}},"9":{"start":{"line":15,"column":34},"end":{"line":41,"column":null}},"10":{"start":{"line":16,"column":2},"end":{"line":40,"column":null}},"11":{"start":{"line":17,"column":4},"end":{"line":20,"column":null}},"12":{"start":{"line":18,"column":6},"end":{"line":18,"column":null}},"13":{"start":{"line":19,"column":6},"end":{"line":19,"column":null}},"14":{"start":{"line":22,"column":4},"end":{"line":38,"column":null}},"15":{"start":{"line":24,"column":8},"end":{"line":29,"column":null}},"16":{"start":{"line":32,"column":8},"end":{"line":32,"column":null}},"17":{"start":{"line":47,"column":33},"end":{"line":70,"column":null}},"18":{"start":{"line":48,"column":2},"end":{"line":69,"column":null}},"19":{"start":{"line":50,"column":21},"end":{"line":50,"column":null}},"20":{"start":{"line":51,"column":17},"end":{"line":51,"column":null}},"21":{"start":{"line":53,"column":4},"end":{"line":55,"column":null}},"22":{"start":{"line":54,"column":6},"end":{"line":54,"column":null}},"23":{"start":{"line":57,"column":4},"end":{"line":61,"column":null}},"24":{"start":{"line":64,"column":4},"end":{"line":68,"column":null}},"25":{"start":{"line":78,"column":30},"end":{"line":118,"column":null}},"26":{"start":{"line":82,"column":2},"end":{"line":117,"column":null}},"27":{"start":{"line":83,"column":21},"end":{"line":84,"column":null}},"28":{"start":{"line":87,"column":4},"end":{"line":89,"column":null}},"29":{"start":{"line":88,"column":6},"end":{"line":88,"column":null}},"30":{"start":{"line":91,"column":17},"end":{"line":91,"column":null}},"31":{"start":{"line":93,"column":4},"end":{"line":102,"column":null}},"32":{"start":{"line":104,"column":4},"end":{"line":104,"column":null}},"33":{"start":{"line":107,"column":4},"end":{"line":116,"column":null}},"34":{"start":{"line":124,"column":33},"end":{"line":143,"column":null}},"35":{"start":{"line":125,"column":2},"end":{"line":142,"column":null}},"36":{"start":{"line":127,"column":21},"end":{"line":127,"column":null}},"37":{"start":{"line":128,"column":4},"end":{"line":128,"column":null}},"38":{"start":{"line":130,"column":4},"end":{"line":130,"column":null}},"39":{"start":{"line":132,"column":4},"end":{"line":141,"column":null}},"40":{"start":{"line":134,"column":23},"end":{"line":134,"column":null}},"41":{"start":{"line":135,"column":6},"end":{"line":135,"column":null}},"42":{"start":{"line":137,"column":6},"end":{"line":137,"column":null}},"43":{"start":{"line":140,"column":6},"end":{"line":140,"column":null}},"44":{"start":{"line":150,"column":33},"end":{"line":152,"column":null}},"45":{"start":{"line":151,"column":2},"end":{"line":151,"column":null}},"46":{"start":{"line":159,"column":31},"end":{"line":179,"column":null}},"47":{"start":{"line":160,"column":43},"end":{"line":176,"column":null}},"48":{"start":{"line":178,"column":2},"end":{"line":178,"column":null}},"49":{"start":{"line":186,"column":29},"end":{"line":229,"column":null}},"50":{"start":{"line":187,"column":24},"end":{"line":187,"column":null}},"51":{"start":{"line":190,"column":43},"end":{"line":211,"column":null}},"52":{"start":{"line":214,"column":2},"end":{"line":218,"column":null}},"53":{"start":{"line":215,"column":4},"end":{"line":217,"column":null}},"54":{"start":{"line":216,"column":6},"end":{"line":216,"column":null}},"55":{"start":{"line":221,"column":2},"end":{"line":225,"column":null}},"56":{"start":{"line":222,"column":4},"end":{"line":224,"column":null}},"57":{"start":{"line":223,"column":6},"end":{"line":223,"column":null}},"58":{"start":{"line":228,"column":2},"end":{"line":228,"column":null}}},"fnMap":{"0":{"name":"(anonymous_8)","decl":{"start":{"line":15,"column":34},"end":{"line":15,"column":null}},"loc":{"start":{"line":15,"column":34},"end":{"line":41,"column":null}}},"1":{"name":"(anonymous_9)","decl":{"start":{"line":16,"column":21},"end":{"line":16,"column":22}},"loc":{"start":{"line":16,"column":31},"end":{"line":40,"column":null}}},"2":{"name":"(anonymous_10)","decl":{"start":{"line":23,"column":6},"end":{"line":23,"column":7}},"loc":{"start":{"line":23,"column":7},"end":{"line":30,"column":null}}},"3":{"name":"(anonymous_11)","decl":{"start":{"line":31,"column":6},"end":{"line":31,"column":7}},"loc":{"start":{"line":31,"column":7},"end":{"line":33,"column":null}}},"4":{"name":"(anonymous_12)","decl":{"start":{"line":47,"column":33},"end":{"line":47,"column":null}},"loc":{"start":{"line":47,"column":33},"end":{"line":70,"column":null}}},"5":{"name":"(anonymous_13)","decl":{"start":{"line":78,"column":30},"end":{"line":78,"column":null}},"loc":{"start":{"line":80,"column":2},"end":{"line":118,"column":null}}},"6":{"name":"(anonymous_14)","decl":{"start":{"line":124,"column":33},"end":{"line":124,"column":null}},"loc":{"start":{"line":124,"column":33},"end":{"line":143,"column":null}}},"7":{"name":"(anonymous_15)","decl":{"start":{"line":150,"column":33},"end":{"line":150,"column":34}},"loc":{"start":{"line":150,"column":34},"end":{"line":152,"column":null}}},"8":{"name":"(anonymous_16)","decl":{"start":{"line":159,"column":31},"end":{"line":159,"column":32}},"loc":{"start":{"line":159,"column":32},"end":{"line":179,"column":null}}},"9":{"name":"(anonymous_17)","decl":{"start":{"line":186,"column":29},"end":{"line":186,"column":30}},"loc":{"start":{"line":186,"column":30},"end":{"line":229,"column":null}}}},"branchMap":{"0":{"loc":{"start":{"line":8,"column":28},"end":{"line":8,"column":null}},"type":"binary-expr","locations":[{"start":{"line":8,"column":28},"end":{"line":8,"column":71}},{"start":{"line":8,"column":75},"end":{"line":8,"column":null}}]},"1":{"loc":{"start":{"line":17,"column":4},"end":{"line":20,"column":null}},"type":"if","locations":[{"start":{"line":17,"column":4},"end":{"line":20,"column":null}}]},"2":{"loc":{"start":{"line":53,"column":4},"end":{"line":55,"column":null}},"type":"if","locations":[{"start":{"line":53,"column":4},"end":{"line":55,"column":null}}]},"3":{"loc":{"start":{"line":87,"column":4},"end":{"line":89,"column":null}},"type":"if","locations":[{"start":{"line":87,"column":4},"end":{"line":89,"column":null}}]},"4":{"loc":{"start":{"line":178,"column":9},"end":{"line":178,"column":null}},"type":"binary-expr","locations":[{"start":{"line":178,"column":9},"end":{"line":178,"column":28}},{"start":{"line":178,"column":32},"end":{"line":178,"column":null}}]},"5":{"loc":{"start":{"line":215,"column":4},"end":{"line":217,"column":null}},"type":"if","locations":[{"start":{"line":215,"column":4},"end":{"line":217,"column":null}}]},"6":{"loc":{"start":{"line":222,"column":4},"end":{"line":224,"column":null}},"type":"if","locations":[{"start":{"line":222,"column":4},"end":{"line":224,"column":null}}]},"7":{"loc":{"start":{"line":222,"column":8},"end":{"line":222,"column":70}},"type":"binary-expr","locations":[{"start":{"line":222,"column":8},"end":{"line":222,"column":40}},{"start":{"line":222,"column":40},"end":{"line":222,"column":70}}]}},"s":{"0":0,"1":0,"2":0,"3":0,"4":0,"5":0,"6":0,"7":0,"8":0,"9":0,"10":0,"11":0,"12":0,"13":0,"14":0,"15":0,"16":0,"17":0,"18":0,"19":0,"20":0,"21":0,"22":0,"23":0,"24":0,"25":0,"26":0,"27":0,"28":0,"29":0,"30":0,"31":0,"32":0,"33":0,"34":0,"35":0,"36":0,"37":0,"38":0,"39":0,"40":0,"41":0,"42":0,"43":0,"44":0,"45":0,"46":0,"47":0,"48":0,"49":0,"50":0,"51":0,"52":0,"53":0,"54":0,"55":0,"56":0,"57":0,"58":0},"f":{"0":0,"1":0,"2":0,"3":0,"4":0,"5":0,"6":0,"7":0,"8":0,"9":0},"b":{"0":[0,0],"1":[0],"2":[0],"3":[0],"4":[0,0],"5":[0],"6":[0],"7":[0,0]}}
}
