TN:
SF:app/error.tsx
FN:16,Error
FN:17,(anonymous_2)
FN:64,(anonymous_3)
FNF:3
FNH:0
FNDA:0,Error
FNDA:0,(anonymous_2)
FNDA:0,(anonymous_3)
DA:3,0
DA:4,0
DA:5,0
DA:16,0
DA:17,0
DA:19,0
DA:64,0
LF:7
LH:0
BRDA:37,0,0,0
BRDA:45,1,0,0
BRF:2
BRH:0
end_of_record
TN:
SF:app/global-error.tsx
FN:16,GlobalError
FN:17,(anonymous_2)
FN:66,(anonymous_3)
FNF:3
FNH:0
FNDA:0,GlobalError
FNDA:0,(anonymous_2)
FNDA:0,(anonymous_3)
DA:3,0
DA:4,0
DA:5,0
DA:16,0
DA:17,0
DA:19,0
DA:66,0
LF:7
LH:0
BRDA:39,0,0,0
BRDA:47,1,0,0
BRF:2
BRH:0
end_of_record
TN:
SF:app/layout.tsx
FN:32,RootLayout
FN:52,(anonymous_5)
FN:67,(anonymous_6)
FN:68,(anonymous_7)
FN:83,(anonymous_8)
FN:91,(anonymous_9)
FN:108,(anonymous_10)
FN:154,(anonymous_11)
FN:215,(anonymous_12)
FN:228,(anonymous_13)
FN:251,(anonymous_14)
FN:265,(anonymous_15)
FN:279,(anonymous_16)
FN:344,(anonymous_17)
FN:352,(anonymous_18)
FN:360,(anonymous_19)
FNF:16
FNH:0
FNDA:0,RootLayout
FNDA:0,(anonymous_5)
FNDA:0,(anonymous_6)
FNDA:0,(anonymous_7)
FNDA:0,(anonymous_8)
FNDA:0,(anonymous_9)
FNDA:0,(anonymous_10)
FNDA:0,(anonymous_11)
FNDA:0,(anonymous_12)
FNDA:0,(anonymous_13)
FNDA:0,(anonymous_14)
FNDA:0,(anonymous_15)
FNDA:0,(anonymous_16)
FNDA:0,(anonymous_17)
FNDA:0,(anonymous_18)
FNDA:0,(anonymous_19)
DA:3,0
DA:4,0
DA:5,0
DA:22,0
DA:23,0
DA:24,0
DA:26,0
DA:32,0
DA:37,0
DA:38,0
DA:39,0
DA:40,0
DA:41,0
DA:44,0
DA:45,0
DA:48,0
DA:49,0
DA:52,0
DA:53,0
DA:54,0
DA:55,0
DA:56,0
DA:57,0
DA:58,0
DA:59,0
DA:60,0
DA:61,0
DA:62,0
DA:67,0
DA:68,0
DA:69,0
DA:70,0
DA:71,0
DA:73,0
DA:75,0
DA:79,0
DA:83,0
DA:84,0
DA:85,0
DA:86,0
DA:87,0
DA:91,0
DA:92,0
DA:94,0
DA:95,0
DA:97,0
DA:98,0
DA:99,0
DA:101,0
DA:104,0
DA:108,0
DA:109,0
DA:112,0
DA:114,0
DA:115,0
DA:117,0
DA:118,0
DA:120,0
DA:121,0
DA:123,0
DA:124,0
DA:126,0
DA:127,0
DA:132,0
DA:134,0
DA:144,0
DA:155,0
DA:215,0
DA:228,0
DA:251,0
DA:265,0
DA:279,0
DA:344,0
DA:352,0
DA:360,0
LF:75
LH:0
BRDA:53,0,0,0
BRDA:53,0,1,0
BRDA:53,1,0,0
BRDA:53,1,1,0
BRDA:55,2,0,0
BRDA:55,2,1,0
BRDA:57,3,0,0
BRDA:57,3,1,0
BRDA:59,4,0,0
BRDA:59,4,1,0
BRDA:61,5,0,0
BRDA:86,6,0,0
BRDA:92,7,0,0
BRDA:97,8,0,0
BRDA:97,8,1,0
BRDA:98,9,0,0
BRDA:98,9,1,0
BRDA:112,10,0,0
BRDA:112,10,1,0
BRDA:112,10,2,0
BRDA:112,10,3,0
BRDA:112,10,4,0
BRDA:132,11,0,0
BRDA:132,11,1,0
BRDA:132,11,2,0
BRDA:134,12,0,0
BRDA:144,13,0,0
BRDA:185,14,0,0
BRDA:185,14,1,0
BRDA:192,15,0,0
BRDA:199,16,0,0
BRDA:218,17,0,0
BRDA:218,17,1,0
BRDA:224,18,0,0
BRDA:231,19,0,0
BRDA:231,19,1,0
BRDA:238,20,0,0
BRDA:240,21,0,0
BRDA:254,22,0,0
BRDA:254,22,1,0
BRDA:260,23,0,0
BRDA:263,24,0,0
BRDA:268,25,0,0
BRDA:268,25,1,0
BRDA:274,26,0,0
BRDA:282,27,0,0
BRDA:282,27,1,0
BRDA:288,28,0,0
BRDA:299,29,0,0
BRDA:299,29,1,0
BRDA:302,30,0,0
BRDA:305,31,0,0
BRDA:305,31,1,0
BRDA:309,32,0,0
BRDA:309,32,1,0
BRDA:320,33,0,0
BRDA:320,33,1,0
BRDA:325,34,0,0
BRDA:325,34,1,0
BRDA:326,35,0,0
BRDA:326,35,1,0
BRDA:327,36,0,0
BRDA:327,36,1,0
BRDA:328,37,0,0
BRDA:328,37,1,0
BRDA:329,38,0,0
BRDA:329,38,1,0
BRDA:331,39,0,0
BRDA:345,40,0,0
BRDA:345,40,1,0
BRDA:353,41,0,0
BRDA:353,41,1,0
BRDA:361,42,0,0
BRDA:361,42,1,0
BRF:74
BRH:0
end_of_record
TN:
SF:app/loading.tsx
FN:8,Loading
FNF:1
FNH:0
FNDA:0,Loading
DA:1,0
DA:2,0
DA:8,0
LF:3
LH:0
BRF:0
BRH:0
end_of_record
TN:
SF:app/not-found.tsx
FN:11,NotFound
FN:29,(anonymous_3)
FNF:2
FNH:0
FNDA:0,NotFound
FNDA:0,(anonymous_3)
DA:3,0
DA:4,0
DA:5,0
DA:11,0
DA:29,0
LF:5
LH:0
BRF:0
BRH:0
end_of_record
TN:
SF:app/page.tsx
FN:13,HomePage
FN:16,(anonymous_6)
FNF:2
FNH:0
FNDA:0,HomePage
FNDA:0,(anonymous_6)
DA:3,0
DA:4,0
DA:5,0
DA:6,0
DA:7,0
DA:13,0
DA:14,0
DA:16,0
DA:18,0
DA:19,0
DA:24,0
LF:11
LH:0
BRDA:18,0,0,0
BRDA:24,1,0,0
BRF:2
BRH:0
end_of_record
TN:
SF:app/admin/layout.tsx
FN:5,AdminLayout
FNF:1
FNH:0
FNDA:0,AdminLayout
DA:1,0
DA:2,0
DA:3,0
DA:5,0
DA:7,0
DA:8,0
DA:9,0
LF:7
LH:0
BRDA:8,0,0,0
BRDA:8,1,0,0
BRDA:8,1,1,0
BRF:3
BRH:0
end_of_record
TN:
SF:app/admin/page.tsx
FN:54,AdminPage
FN:70,(anonymous_6)
FN:78,(anonymous_7)
FN:79,(anonymous_8)
FN:110,(anonymous_9)
FN:127,(anonymous_10)
FN:137,(anonymous_11)
FN:264,(anonymous_12)
FN:412,(anonymous_13)
FN:420,(anonymous_14)
FN:428,(anonymous_15)
FN:548,(anonymous_16)
FN:549,(anonymous_17)
FN:587,(anonymous_18)
FN:609,(anonymous_19)
FN:629,(anonymous_20)
FNF:16
FNH:0
FNDA:0,AdminPage
FNDA:0,(anonymous_6)
FNDA:0,(anonymous_7)
FNDA:0,(anonymous_8)
FNDA:0,(anonymous_9)
FNDA:0,(anonymous_10)
FNDA:0,(anonymous_11)
FNDA:0,(anonymous_12)
FNDA:0,(anonymous_13)
FNDA:0,(anonymous_14)
FNDA:0,(anonymous_15)
FNDA:0,(anonymous_16)
FNDA:0,(anonymous_17)
FNDA:0,(anonymous_18)
FNDA:0,(anonymous_19)
FNDA:0,(anonymous_20)
DA:3,0
DA:4,0
DA:5,0
DA:11,0
DA:20,0
DA:21,0
DA:48,0
DA:54,0
DA:55,0
DA:56,0
DA:57,0
DA:58,0
DA:61,0
DA:62,0
DA:63,0
DA:66,0
DA:67,0
DA:70,0
DA:71,0
DA:72,0
DA:73,0
DA:78,0
DA:79,0
DA:80,0
DA:81,0
DA:82,0
DA:85,0
DA:86,0
DA:87,0
DA:89,0
DA:91,0
DA:95,0
DA:97,0
DA:98,0
DA:99,0
DA:102,0
DA:106,0
DA:110,0
DA:111,0
DA:112,0
DA:118,0
DA:119,0
DA:120,0
DA:122,0
DA:127,0
DA:128,0
DA:129,0
DA:130,0
DA:131,0
DA:132,0
DA:137,0
DA:138,0
DA:140,0
DA:141,0
DA:143,0
DA:144,0
DA:145,0
DA:147,0
DA:150,0
DA:154,0
DA:163,0
DA:172,0
DA:179,0
DA:265,0
DA:279,0
DA:293,0
DA:412,0
DA:420,0
DA:428,0
DA:549,0
DA:551,0
DA:588,0
DA:609,0
DA:630,0
LF:74
LH:0
BRDA:71,0,0,0
BRDA:85,1,0,0
BRDA:85,2,0,0
BRDA:85,2,1,0
BRDA:86,3,0,0
BRDA:86,3,1,0
BRDA:89,4,0,0
BRDA:97,5,0,0
BRDA:129,6,0,0
BRDA:131,7,0,0
BRDA:138,8,0,0
BRDA:138,9,0,0
BRDA:138,9,1,0
BRDA:143,10,0,0
BRDA:143,10,1,0
BRDA:144,11,0,0
BRDA:144,11,1,0
BRDA:179,12,0,0
BRDA:179,13,0,0
BRDA:179,13,1,0
BRDA:279,14,0,0
BRDA:279,15,0,0
BRDA:279,15,1,0
BRDA:293,16,0,0
BRDA:293,17,0,0
BRDA:293,17,1,0
BRDA:376,18,0,0
BRDA:376,18,1,0
BRDA:376,18,2,0
BRDA:381,19,0,0
BRDA:381,19,1,0
BRDA:381,19,2,0
BRDA:399,20,0,0
BRDA:413,21,0,0
BRDA:413,21,1,0
BRDA:421,22,0,0
BRDA:421,22,1,0
BRDA:429,23,0,0
BRDA:429,23,1,0
BRDA:452,24,0,0
BRDA:452,24,1,0
BRDA:464,25,0,0
BRDA:464,25,1,0
BRDA:467,26,0,0
BRDA:467,26,1,0
BRDA:483,27,0,0
BRDA:483,27,1,0
BRDA:502,28,0,0
BRDA:502,28,1,0
BRDA:505,29,0,0
BRDA:505,29,1,0
BRDA:521,30,0,0
BRDA:521,30,1,0
BRDA:524,31,0,0
BRDA:524,31,1,0
BRDA:593,32,0,0
BRDA:593,32,1,0
BRDA:593,33,0,0
BRDA:593,33,1,0
BRDA:639,34,0,0
BRDA:639,34,1,0
BRF:61
BRH:0
end_of_record
TN:
SF:app/admin/analytics/page.tsx
FN:54,AdminAnalyticsPage
FN:74,(anonymous_6)
FN:75,(anonymous_7)
FN:106,(anonymous_8)
FN:123,(anonymous_9)
FN:133,(anonymous_10)
FN:405,(anonymous_11)
FN:413,(anonymous_12)
FN:421,(anonymous_13)
FN:433,(anonymous_14)
FN:553,(anonymous_15)
FN:560,(anonymous_16)
FN:569,(anonymous_17)
FN:571,(anonymous_18)
FN:611,(anonymous_19)
FN:633,(anonymous_20)
FN:730,(anonymous_21)
FNF:17
FNH:0
FNDA:0,AdminAnalyticsPage
FNDA:0,(anonymous_6)
FNDA:0,(anonymous_7)
FNDA:0,(anonymous_8)
FNDA:0,(anonymous_9)
FNDA:0,(anonymous_10)
FNDA:0,(anonymous_11)
FNDA:0,(anonymous_12)
FNDA:0,(anonymous_13)
FNDA:0,(anonymous_14)
FNDA:0,(anonymous_15)
FNDA:0,(anonymous_16)
FNDA:0,(anonymous_17)
FNDA:0,(anonymous_18)
FNDA:0,(anonymous_19)
FNDA:0,(anonymous_20)
FNDA:0,(anonymous_21)
DA:3,0
DA:4,0
DA:5,0
DA:11,0
DA:20,0
DA:21,0
DA:48,0
DA:54,0
DA:55,0
DA:56,0
DA:57,0
DA:58,0
DA:61,0
DA:62,0
DA:63,0
DA:66,0
DA:67,0
DA:70,0
DA:71,0
DA:74,0
DA:75,0
DA:76,0
DA:77,0
DA:78,0
DA:81,0
DA:82,0
DA:83,0
DA:85,0
DA:87,0
DA:91,0
DA:93,0
DA:94,0
DA:95,0
DA:98,0
DA:102,0
DA:106,0
DA:107,0
DA:108,0
DA:114,0
DA:115,0
DA:116,0
DA:118,0
DA:123,0
DA:124,0
DA:125,0
DA:126,0
DA:127,0
DA:128,0
DA:133,0
DA:134,0
DA:136,0
DA:137,0
DA:139,0
DA:140,0
DA:141,0
DA:143,0
DA:146,0
DA:150,0
DA:159,0
DA:170,0
DA:177,0
DA:272,0
DA:286,0
DA:405,0
DA:413,0
DA:421,0
DA:433,0
DA:553,0
DA:560,0
DA:570,0
DA:571,0
DA:573,0
DA:612,0
DA:633,0
DA:731,0
LF:75
LH:0
BRDA:81,0,0,0
BRDA:81,1,0,0
BRDA:81,1,1,0
BRDA:82,2,0,0
BRDA:82,2,1,0
BRDA:85,3,0,0
BRDA:93,4,0,0
BRDA:125,5,0,0
BRDA:127,6,0,0
BRDA:134,7,0,0
BRDA:134,8,0,0
BRDA:134,8,1,0
BRDA:139,9,0,0
BRDA:139,9,1,0
BRDA:140,10,0,0
BRDA:140,10,1,0
BRDA:177,11,0,0
BRDA:272,12,0,0
BRDA:286,13,0,0
BRDA:286,14,0,0
BRDA:286,14,1,0
BRDA:369,15,0,0
BRDA:369,15,1,0
BRDA:369,15,2,0
BRDA:374,16,0,0
BRDA:374,16,1,0
BRDA:374,16,2,0
BRDA:392,17,0,0
BRDA:406,18,0,0
BRDA:406,18,1,0
BRDA:414,19,0,0
BRDA:414,19,1,0
BRDA:422,20,0,0
BRDA:422,20,1,0
BRDA:467,21,0,0
BRDA:467,21,1,0
BRDA:470,22,0,0
BRDA:470,22,1,0
BRDA:486,23,0,0
BRDA:486,23,1,0
BRDA:505,24,0,0
BRDA:505,24,1,0
BRDA:508,25,0,0
BRDA:508,25,1,0
BRDA:524,26,0,0
BRDA:524,26,1,0
BRDA:527,27,0,0
BRDA:527,27,1,0
BRDA:551,28,0,0
BRDA:551,28,1,0
BRDA:558,29,0,0
BRDA:558,29,1,0
BRDA:569,30,0,0
BRDA:569,30,1,0
BRDA:570,31,0,0
BRDA:570,31,1,0
BRDA:571,32,0,0
BRDA:571,32,1,0
BRDA:571,33,0,0
BRDA:571,33,1,0
BRDA:571,34,0,0
BRDA:571,34,1,0
BRDA:579,35,0,0
BRDA:579,35,1,0
BRDA:583,36,0,0
BRDA:583,36,1,0
BRDA:583,37,0,0
BRDA:583,37,1,0
BRDA:583,38,0,0
BRDA:583,38,1,0
BRDA:593,39,0,0
BRDA:593,39,1,0
BRDA:617,40,0,0
BRDA:617,40,1,0
BRDA:617,41,0,0
BRDA:617,41,1,0
BRDA:660,42,0,0
BRDA:660,42,1,0
BRDA:669,43,0,0
BRDA:669,43,1,0
BRDA:740,44,0,0
BRDA:740,44,1,0
BRF:82
BRH:0
end_of_record
TN:
SF:app/admin/organizations/OrganizationActions.tsx
FN:11,OrganizationActions
FN:17,(anonymous_2)
FN:32,(anonymous_3)
FN:44,(anonymous_4)
FN:72,(anonymous_5)
FN:80,(anonymous_6)
FN:95,(anonymous_7)
FN:102,(anonymous_8)
FN:126,(anonymous_9)
FN:129,(anonymous_10)
FN:148,(anonymous_11)
FNF:11
FNH:0
FNDA:0,OrganizationActions
FNDA:0,(anonymous_2)
FNDA:0,(anonymous_3)
FNDA:0,(anonymous_4)
FNDA:0,(anonymous_5)
FNDA:0,(anonymous_6)
FNDA:0,(anonymous_7)
FNDA:0,(anonymous_8)
FNDA:0,(anonymous_9)
FNDA:0,(anonymous_10)
FNDA:0,(anonymous_11)
DA:3,0
DA:4,0
DA:11,0
DA:12,0
DA:13,0
DA:14,0
DA:15,0
DA:17,0
DA:18,0
DA:19,0
DA:20,0
DA:21,0
DA:22,0
DA:23,0
DA:24,0
DA:26,0
DA:28,0
DA:32,0
DA:33,0
DA:34,0
DA:35,0
DA:36,0
DA:38,0
DA:40,0
DA:44,0
DA:45,0
DA:46,0
DA:47,0
DA:48,0
DA:49,0
DA:51,0
DA:53,0
DA:57,0
DA:58,0
DA:72,0
DA:80,0
DA:95,0
DA:102,0
DA:127,0
DA:129,0
DA:148,0
LF:41
LH:0
BRDA:18,0,0,0
BRDA:57,1,0,0
BRDA:57,1,1,0
BRDA:63,2,0,0
BRDA:68,3,0,0
BRDA:68,3,1,0
BRDA:88,4,0,0
BRDA:109,5,0,0
BRDA:109,5,1,0
BRDA:112,6,0,0
BRDA:112,6,1,0
BRDA:120,7,0,0
BRDA:130,8,0,0
BRDA:130,8,1,0
BRDA:132,9,0,0
BRDA:132,9,1,0
BRDA:139,10,0,0
BRDA:139,10,1,0
BRDA:140,11,0,0
BRDA:140,11,1,0
BRDA:141,12,0,0
BRDA:141,12,1,0
BRF:22
BRH:0
end_of_record
TN:
SF:app/admin/organizations/page.tsx
FN:17,formatDate
FN:27,AdminOrganizationsPage
FN:31,(anonymous_7)
FN:32,(anonymous_8)
FN:253,(anonymous_9)
FNF:5
FNH:0
FNDA:0,formatDate
FNDA:0,AdminOrganizationsPage
FNDA:0,(anonymous_7)
FNDA:0,(anonymous_8)
FNDA:0,(anonymous_9)
DA:3,0
DA:4,0
DA:5,0
DA:6,0
DA:15,0
DA:18,0
DA:19,0
DA:20,0
DA:21,0
DA:23,0
DA:27,0
DA:28,0
DA:29,0
DA:31,0
DA:32,0
DA:33,0
DA:34,0
DA:35,0
DA:37,0
DA:39,0
DA:43,0
DA:46,0
DA:254,0
LF:23
LH:0
BRDA:18,0,0,0
BRDA:19,1,0,0
BRDA:46,2,0,0
BRDA:248,3,0,0
BRDA:248,3,1,0
BRDA:257,4,0,0
BRDA:257,4,1,0
BRDA:259,5,0,0
BRDA:259,5,1,0
BRF:9
BRH:0
end_of_record
TN:
SF:app/admin/system/page.tsx
FN:21,AdminSystemPage
FN:25,(anonymous_6)
FN:26,(anonymous_7)
FNF:3
FNH:0
FNDA:0,AdminSystemPage
FNDA:0,(anonymous_6)
FNDA:0,(anonymous_7)
DA:3,0
DA:4,0
DA:5,0
DA:6,0
DA:14,0
DA:21,0
DA:22,0
DA:23,0
DA:25,0
DA:26,0
DA:27,0
DA:28,0
DA:30,0
DA:31,0
DA:33,0
DA:36,0
DA:37,0
DA:38,0
DA:39,0
DA:42,0
DA:43,0
DA:46,0
DA:49,0
LF:23
LH:0
BRDA:49,0,0,0
BRDA:244,1,0,0
BRDA:244,1,1,0
BRDA:245,2,0,0
BRDA:245,2,1,0
BRDA:250,3,0,0
BRDA:250,3,1,0
BRF:7
BRH:0
end_of_record
TN:
SF:app/admin/users/UserActions.tsx
FN:11,UserActions
FN:16,(anonymous_2)
FN:29,(anonymous_3)
FN:47,(anonymous_4)
FN:54,(anonymous_5)
FN:68,(anonymous_6)
FN:71,(anonymous_7)
FN:90,(anonymous_8)
FN:110,(anonymous_9)
FNF:9
FNH:0
FNDA:0,UserActions
FNDA:0,(anonymous_2)
FNDA:0,(anonymous_3)
FNDA:0,(anonymous_4)
FNDA:0,(anonymous_5)
FNDA:0,(anonymous_6)
FNDA:0,(anonymous_7)
FNDA:0,(anonymous_8)
FNDA:0,(anonymous_9)
DA:3,0
DA:4,0
DA:11,0
DA:12,0
DA:13,0
DA:14,0
DA:16,0
DA:17,0
DA:18,0
DA:19,0
DA:20,0
DA:21,0
DA:23,0
DA:25,0
DA:29,0
DA:30,0
DA:31,0
DA:32,0
DA:33,0
DA:34,0
DA:36,0
DA:38,0
DA:42,0
DA:47,0
DA:54,0
DA:69,0
DA:71,0
DA:90,0
DA:110,0
LF:29
LH:0
BRDA:42,0,0,0
BRDA:42,0,1,0
BRDA:42,0,2,0
BRDA:62,1,0,0
BRDA:72,2,0,0
BRDA:72,2,1,0
BRDA:74,3,0,0
BRDA:74,3,1,0
BRDA:81,4,0,0
BRDA:81,4,1,0
BRDA:82,5,0,0
BRDA:82,5,1,0
BRDA:83,6,0,0
BRDA:83,6,1,0
BRDA:101,7,0,0
BRDA:120,8,0,0
BRDA:120,8,1,0
BRF:17
BRH:0
end_of_record
TN:
SF:app/admin/users/page.tsx
FN:57,AdminUsersPage
FN:79,(anonymous_6)
FN:80,(anonymous_7)
FN:111,(anonymous_8)
FN:122,(anonymous_9)
FN:127,(anonymous_10)
FN:136,(anonymous_11)
FN:141,(anonymous_12)
FN:153,(anonymous_13)
FN:163,(anonymous_14)
FN:180,(anonymous_15)
FN:190,(anonymous_16)
FN:203,(anonymous_17)
FN:219,(anonymous_18)
FN:318,(anonymous_19)
FN:462,(anonymous_20)
FN:470,(anonymous_21)
FN:478,(anonymous_22)
FN:516,(anonymous_23)
FN:527,(anonymous_24)
FN:542,(anonymous_25)
FN:578,(anonymous_26)
FN:594,(anonymous_27)
FN:610,(anonymous_28)
FN:635,(anonymous_29)
FN:691,(anonymous_30)
FN:703,(anonymous_31)
FN:712,(anonymous_32)
FN:721,(anonymous_33)
FN:731,(anonymous_34)
FNF:30
FNH:0
FNDA:0,AdminUsersPage
FNDA:0,(anonymous_6)
FNDA:0,(anonymous_7)
FNDA:0,(anonymous_8)
FNDA:0,(anonymous_9)
FNDA:0,(anonymous_10)
FNDA:0,(anonymous_11)
FNDA:0,(anonymous_12)
FNDA:0,(anonymous_13)
FNDA:0,(anonymous_14)
FNDA:0,(anonymous_15)
FNDA:0,(anonymous_16)
FNDA:0,(anonymous_17)
FNDA:0,(anonymous_18)
FNDA:0,(anonymous_19)
FNDA:0,(anonymous_20)
FNDA:0,(anonymous_21)
FNDA:0,(anonymous_22)
FNDA:0,(anonymous_23)
FNDA:0,(anonymous_24)
FNDA:0,(anonymous_25)
FNDA:0,(anonymous_26)
FNDA:0,(anonymous_27)
FNDA:0,(anonymous_28)
FNDA:0,(anonymous_29)
FNDA:0,(anonymous_30)
FNDA:0,(anonymous_31)
FNDA:0,(anonymous_32)
FNDA:0,(anonymous_33)
FNDA:0,(anonymous_34)
DA:3,0
DA:4,0
DA:5,0
DA:11,0
DA:16,0
DA:17,0
DA:19,0
DA:51,0
DA:57,0
DA:58,0
DA:59,0
DA:60,0
DA:61,0
DA:64,0
DA:65,0
DA:66,0
DA:69,0
DA:70,0
DA:73,0
DA:74,0
DA:75,0
DA:76,0
DA:79,0
DA:80,0
DA:81,0
DA:82,0
DA:83,0
DA:86,0
DA:87,0
DA:88,0
DA:90,0
DA:92,0
DA:96,0
DA:98,0
DA:99,0
DA:100,0
DA:103,0
DA:107,0
DA:111,0
DA:112,0
DA:113,0
DA:114,0
DA:115,0
DA:117,0
DA:122,0
DA:123,0
DA:126,0
DA:127,0
DA:128,0
DA:135,0
DA:136,0
DA:140,0
DA:141,0
DA:142,0
DA:143,0
DA:144,0
DA:145,0
DA:149,0
DA:153,0
DA:154,0
DA:155,0
DA:156,0
DA:157,0
DA:158,0
DA:163,0
DA:164,0
DA:166,0
DA:167,0
DA:169,0
DA:170,0
DA:171,0
DA:173,0
DA:176,0
DA:180,0
DA:181,0
DA:182,0
DA:184,0
DA:186,0
DA:190,0
DA:191,0
DA:192,0
DA:193,0
DA:195,0
DA:197,0
DA:203,0
DA:204,0
DA:206,0
DA:208,0
DA:210,0
DA:212,0
DA:214,0
DA:219,0
DA:220,0
DA:222,0
DA:224,0
DA:226,0
DA:228,0
DA:233,0
DA:319,0
DA:329,0
DA:343,0
DA:462,0
DA:470,0
DA:478,0
DA:516,0
DA:527,0
DA:542,0
DA:578,0
DA:594,0
DA:611,0
DA:612,0
DA:613,0
DA:614,0
DA:636,0
DA:691,0
DA:703,0
DA:712,0
DA:721,0
DA:731,0
LF:119
LH:0
BRDA:86,0,0,0
BRDA:86,1,0,0
BRDA:86,1,1,0
BRDA:87,2,0,0
BRDA:87,2,1,0
BRDA:90,3,0,0
BRDA:98,4,0,0
BRDA:126,5,0,0
BRDA:128,6,0,0
BRDA:128,6,1,0
BRDA:128,6,2,0
BRDA:135,7,0,0
BRDA:140,8,0,0
BRDA:142,9,0,0
BRDA:142,10,0,0
BRDA:142,10,1,0
BRDA:143,11,0,0
BRDA:144,12,0,0
BRDA:155,13,0,0
BRDA:157,14,0,0
BRDA:164,15,0,0
BRDA:164,16,0,0
BRDA:164,16,1,0
BRDA:169,17,0,0
BRDA:169,17,1,0
BRDA:170,18,0,0
BRDA:170,18,1,0
BRDA:191,19,0,0
BRDA:204,20,0,0
BRDA:204,20,1,0
BRDA:204,20,2,0
BRDA:204,20,3,0
BRDA:204,20,4,0
BRDA:220,21,0,0
BRDA:220,21,1,0
BRDA:220,21,2,0
BRDA:220,21,3,0
BRDA:233,22,0,0
BRDA:329,23,0,0
BRDA:343,24,0,0
BRDA:343,25,0,0
BRDA:343,25,1,0
BRDA:426,26,0,0
BRDA:426,26,1,0
BRDA:426,26,2,0
BRDA:431,27,0,0
BRDA:431,27,1,0
BRDA:431,27,2,0
BRDA:449,28,0,0
BRDA:463,29,0,0
BRDA:463,29,1,0
BRDA:471,30,0,0
BRDA:471,30,1,0
BRDA:479,31,0,0
BRDA:479,31,1,0
BRDA:578,32,0,0
BRDA:578,32,1,0
BRDA:611,33,0,0
BRDA:611,33,1,0
BRDA:641,34,0,0
BRDA:641,34,1,0
BRDA:649,35,0,0
BRDA:649,35,1,0
BRDA:651,36,0,0
BRDA:660,37,0,0
BRDA:668,38,0,0
BRDA:668,38,1,0
BRDA:677,39,0,0
BRDA:677,39,1,0
BRDA:678,40,0,0
BRDA:678,40,1,0
BRDA:682,41,0,0
BRDA:682,41,1,0
BRDA:683,42,0,0
BRDA:683,42,1,0
BRDA:691,43,0,0
BRDA:691,43,1,0
BRDA:696,44,0,0
BRDA:744,45,0,0
BRF:79
BRH:0
end_of_record
TN:
SF:app/clients/page.tsx
FN:18,ClientsPage
FN:29,(anonymous_6)
FN:100,(anonymous_7)
FN:102,(anonymous_8)
FN:106,(anonymous_9)
FN:110,(anonymous_10)
FN:115,(anonymous_11)
FN:124,(anonymous_12)
FN:129,(anonymous_13)
FN:135,(anonymous_14)
FN:136,(anonymous_15)
FN:139,(anonymous_16)
FN:146,(anonymous_17)
FN:147,(anonymous_18)
FN:150,(anonymous_19)
FN:151,(anonymous_20)
FN:160,(anonymous_21)
FN:162,(anonymous_22)
FN:163,(anonymous_23)
FN:164,(anonymous_24)
FN:169,(anonymous_25)
FN:173,(anonymous_26)
FN:259,(anonymous_27)
FN:270,(anonymous_28)
FN:284,(anonymous_29)
FN:319,(anonymous_30)
FNF:26
FNH:0
FNDA:0,ClientsPage
FNDA:0,(anonymous_6)
FNDA:0,(anonymous_7)
FNDA:0,(anonymous_8)
FNDA:0,(anonymous_9)
FNDA:0,(anonymous_10)
FNDA:0,(anonymous_11)
FNDA:0,(anonymous_12)
FNDA:0,(anonymous_13)
FNDA:0,(anonymous_14)
FNDA:0,(anonymous_15)
FNDA:0,(anonymous_16)
FNDA:0,(anonymous_17)
FNDA:0,(anonymous_18)
FNDA:0,(anonymous_19)
FNDA:0,(anonymous_20)
FNDA:0,(anonymous_21)
FNDA:0,(anonymous_22)
FNDA:0,(anonymous_23)
FNDA:0,(anonymous_24)
FNDA:0,(anonymous_25)
FNDA:0,(anonymous_26)
FNDA:0,(anonymous_27)
FNDA:0,(anonymous_28)
FNDA:0,(anonymous_29)
FNDA:0,(anonymous_30)
DA:3,0
DA:4,0
DA:5,0
DA:6,0
DA:7,0
DA:8,0
DA:10,0
DA:11,0
DA:12,0
DA:18,0
DA:20,0
DA:21,0
DA:22,0
DA:23,0
DA:24,0
DA:25,0
DA:26,0
DA:29,0
DA:30,0
DA:95,0
DA:96,0
DA:100,0
DA:101,0
DA:102,0
DA:103,0
DA:106,0
DA:110,0
DA:111,0
DA:114,0
DA:115,0
DA:116,0
DA:123,0
DA:124,0
DA:128,0
DA:129,0
DA:132,0
DA:135,0
DA:136,0
DA:137,0
DA:139,0
DA:146,0
DA:147,0
DA:148,0
DA:151,0
DA:152,0
DA:160,0
DA:161,0
DA:162,0
DA:163,0
DA:164,0
DA:166,0
DA:169,0
DA:170,0
DA:173,0
DA:176,0
DA:178,0
DA:181,0
DA:259,0
DA:271,0
DA:285,0
DA:319,0
LF:61
LH:0
BRDA:114,0,0,0
BRDA:116,1,0,0
BRDA:116,1,1,0
BRDA:116,1,2,0
BRDA:116,1,3,0
BRDA:123,2,0,0
BRDA:128,3,0,0
BRDA:154,4,0,0
BRDA:154,4,1,0
BRDA:317,5,0,0
BRF:10
BRH:0
end_of_record
TN:
SF:app/clients/[id]/page.tsx
FN:45,ClientProfilePage
FN:73,(anonymous_5)
FN:210,(anonymous_6)
FN:215,(anonymous_7)
FN:220,(anonymous_8)
FN:225,(anonymous_9)
FN:230,(anonymous_10)
FN:248,(anonymous_11)
FN:254,(anonymous_12)
FN:294,(anonymous_13)
FN:295,(anonymous_14)
FN:299,(anonymous_15)
FN:301,(anonymous_16)
FN:308,(anonymous_17)
FN:309,(anonymous_18)
FN:311,(anonymous_19)
FN:315,(anonymous_20)
FN:317,(anonymous_21)
FN:326,(anonymous_22)
FN:328,(anonymous_23)
FN:337,(anonymous_24)
FN:368,(anonymous_25)
FN:369,(anonymous_26)
FN:370,(anonymous_27)
FN:378,(anonymous_28)
FN:382,(anonymous_29)
FN:388,(anonymous_30)
FN:402,(anonymous_31)
FN:427,(anonymous_32)
FN:443,(anonymous_33)
FN:487,(anonymous_34)
FN:490,(anonymous_35)
FN:563,(anonymous_36)
FN:578,(anonymous_37)
FN:601,(anonymous_38)
FN:620,(anonymous_39)
FN:638,(anonymous_40)
FN:656,(anonymous_41)
FN:674,(anonymous_42)
FN:697,(anonymous_43)
FN:708,(anonymous_44)
FN:717,(anonymous_45)
FN:729,(anonymous_46)
FN:797,(anonymous_47)
FN:882,(anonymous_48)
FN:946,(anonymous_49)
FN:1006,(anonymous_50)
FN:1029,(anonymous_51)
FN:1092,(anonymous_52)
FN:1110,(anonymous_53)
FN:1157,(anonymous_54)
FNF:51
FNH:0
FNDA:0,ClientProfilePage
FNDA:0,(anonymous_5)
FNDA:0,(anonymous_6)
FNDA:0,(anonymous_7)
FNDA:0,(anonymous_8)
FNDA:0,(anonymous_9)
FNDA:0,(anonymous_10)
FNDA:0,(anonymous_11)
FNDA:0,(anonymous_12)
FNDA:0,(anonymous_13)
FNDA:0,(anonymous_14)
FNDA:0,(anonymous_15)
FNDA:0,(anonymous_16)
FNDA:0,(anonymous_17)
FNDA:0,(anonymous_18)
FNDA:0,(anonymous_19)
FNDA:0,(anonymous_20)
FNDA:0,(anonymous_21)
FNDA:0,(anonymous_22)
FNDA:0,(anonymous_23)
FNDA:0,(anonymous_24)
FNDA:0,(anonymous_25)
FNDA:0,(anonymous_26)
FNDA:0,(anonymous_27)
FNDA:0,(anonymous_28)
FNDA:0,(anonymous_29)
FNDA:0,(anonymous_30)
FNDA:0,(anonymous_31)
FNDA:0,(anonymous_32)
FNDA:0,(anonymous_33)
FNDA:0,(anonymous_34)
FNDA:0,(anonymous_35)
FNDA:0,(anonymous_36)
FNDA:0,(anonymous_37)
FNDA:0,(anonymous_38)
FNDA:0,(anonymous_39)
FNDA:0,(anonymous_40)
FNDA:0,(anonymous_41)
FNDA:0,(anonymous_42)
FNDA:0,(anonymous_43)
FNDA:0,(anonymous_44)
FNDA:0,(anonymous_45)
FNDA:0,(anonymous_46)
FNDA:0,(anonymous_47)
FNDA:0,(anonymous_48)
FNDA:0,(anonymous_49)
FNDA:0,(anonymous_50)
FNDA:0,(anonymous_51)
FNDA:0,(anonymous_52)
FNDA:0,(anonymous_53)
FNDA:0,(anonymous_54)
DA:3,0
DA:4,0
DA:24,0
DA:25,0
DA:26,0
DA:27,0
DA:28,0
DA:29,0
DA:30,0
DA:38,0
DA:39,0
DA:45,0
DA:46,0
DA:47,0
DA:48,0
DA:49,0
DA:51,0
DA:52,0
DA:53,0
DA:54,0
DA:55,0
DA:56,0
DA:57,0
DA:58,0
DA:59,0
DA:60,0
DA:61,0
DA:62,0
DA:63,0
DA:66,0
DA:73,0
DA:74,0
DA:96,0
DA:123,0
DA:147,0
DA:172,0
DA:202,0
DA:203,0
DA:204,0
DA:205,0
DA:206,0
DA:207,0
DA:210,0
DA:212,0
DA:215,0
DA:217,0
DA:220,0
DA:222,0
DA:225,0
DA:227,0
DA:230,0
DA:231,0
DA:232,0
DA:245,0
DA:248,0
DA:249,0
DA:250,0
DA:251,0
DA:254,0
DA:255,0
DA:257,0
DA:258,0
DA:260,0
DA:261,0
DA:276,0
DA:279,0
DA:284,0
DA:285,0
DA:287,0
DA:288,0
DA:290,0
DA:294,0
DA:295,0
DA:296,0
DA:299,0
DA:300,0
DA:301,0
DA:308,0
DA:309,0
DA:311,0
DA:315,0
DA:316,0
DA:317,0
DA:323,0
DA:326,0
DA:327,0
DA:328,0
DA:334,0
DA:337,0
DA:338,0
DA:340,0
DA:341,0
DA:343,0
DA:344,0
DA:351,0
DA:354,0
DA:359,0
DA:361,0
DA:362,0
DA:364,0
DA:368,0
DA:369,0
DA:370,0
DA:378,0
DA:379,0
DA:380,0
DA:381,0
DA:382,0
DA:384,0
DA:388,0
DA:389,0
DA:402,0
DA:403,0
DA:412,0
DA:420,0
DA:427,0
DA:443,0
DA:488,0
DA:490,0
DA:563,0
DA:578,0
DA:601,0
DA:620,0
DA:638,0
DA:656,0
DA:674,0
DA:698,0
DA:699,0
DA:700,0
DA:701,0
DA:702,0
DA:709,0
DA:717,0
DA:730,0
DA:798,0
DA:883,0
DA:947,0
DA:1007,0
DA:1030,0
DA:1093,0
DA:1110,0
DA:1157,0
LF:142
LH:0
BRDA:233,0,0,0
BRDA:233,0,1,0
BRDA:234,1,0,0
BRDA:234,1,1,0
BRDA:235,2,0,0
BRDA:235,2,1,0
BRDA:236,3,0,0
BRDA:236,3,1,0
BRDA:237,4,0,0
BRDA:237,4,1,0
BRDA:238,5,0,0
BRDA:238,5,1,0
BRDA:239,6,0,0
BRDA:239,6,1,0
BRDA:240,7,0,0
BRDA:240,7,1,0
BRDA:241,8,0,0
BRDA:241,8,1,0
BRDA:242,9,0,0
BRDA:242,9,1,0
BRDA:243,10,0,0
BRDA:243,10,1,0
BRDA:255,11,0,0
BRDA:255,12,0,0
BRDA:255,12,1,0
BRDA:264,13,0,0
BRDA:264,13,1,0
BRDA:265,14,0,0
BRDA:265,14,1,0
BRDA:266,15,0,0
BRDA:266,15,1,0
BRDA:271,16,0,0
BRDA:271,16,1,0
BRDA:272,17,0,0
BRDA:272,17,1,0
BRDA:272,18,0,0
BRDA:272,18,1,0
BRDA:288,19,0,0
BRDA:288,19,1,0
BRDA:300,20,0,0
BRDA:300,21,0,0
BRDA:300,21,1,0
BRDA:303,22,0,0
BRDA:303,22,1,0
BRDA:311,23,0,0
BRDA:311,23,1,0
BRDA:319,24,0,0
BRDA:319,24,1,0
BRDA:320,25,0,0
BRDA:320,25,1,0
BRDA:321,26,0,0
BRDA:321,26,1,0
BRDA:330,27,0,0
BRDA:330,27,1,0
BRDA:331,28,0,0
BRDA:331,28,1,0
BRDA:332,29,0,0
BRDA:332,29,1,0
BRDA:338,30,0,0
BRDA:338,31,0,0
BRDA:338,31,1,0
BRDA:362,32,0,0
BRDA:362,32,1,0
BRDA:373,33,0,0
BRDA:373,33,1,0
BRDA:374,34,0,0
BRDA:374,34,1,0
BRDA:396,35,0,0
BRDA:396,35,1,0
BRDA:412,36,0,0
BRDA:420,37,0,0
BRDA:492,38,0,0
BRDA:492,38,1,0
BRDA:504,39,0,0
BRDA:512,40,0,0
BRDA:523,41,0,0
BRDA:530,42,0,0
BRDA:530,42,1,0
BRDA:561,43,0,0
BRDA:562,44,0,0
BRDA:562,44,1,0
BRDA:576,45,0,0
BRDA:577,46,0,0
BRDA:577,46,1,0
BRDA:598,47,0,0
BRDA:600,48,0,0
BRDA:600,48,1,0
BRDA:617,49,0,0
BRDA:619,50,0,0
BRDA:619,50,1,0
BRDA:627,51,0,0
BRDA:627,51,1,0
BRDA:636,52,0,0
BRDA:637,53,0,0
BRDA:637,53,1,0
BRDA:645,54,0,0
BRDA:645,54,1,0
BRDA:654,55,0,0
BRDA:655,56,0,0
BRDA:655,56,1,0
BRDA:661,57,0,0
BRDA:661,57,1,0
BRDA:672,58,0,0
BRDA:673,59,0,0
BRDA:673,59,1,0
BRDA:681,60,0,0
BRDA:681,60,1,0
BRDA:692,61,0,0
BRDA:698,62,0,0
BRDA:729,63,0,0
BRDA:728,64,0,0
BRDA:728,64,1,0
BRDA:752,65,0,0
BRDA:759,66,0,0
BRDA:759,66,1,0
BRDA:789,67,0,0
BRDA:790,68,0,0
BRDA:790,68,1,0
BRDA:813,69,0,0
BRDA:813,69,1,0
BRDA:824,70,0,0
BRDA:824,70,1,0
BRDA:867,71,0,0
BRDA:877,72,0,0
BRDA:931,73,0,0
BRDA:941,74,0,0
BRDA:962,75,0,0
BRDA:973,76,0,0
BRDA:973,76,1,0
BRDA:975,77,0,0
BRDA:975,77,1,0
BRDA:991,78,0,0
BRDA:1001,79,0,0
BRDA:1019,80,0,0
BRDA:1027,81,0,0
BRDA:1027,81,1,0
BRDA:1044,82,0,0
BRDA:1087,83,0,0
BRDA:1114,84,0,0
BRDA:1133,85,0,0
BRDA:1138,86,0,0
BRDA:1138,86,1,0
BRDA:1148,87,0,0
BRDA:1164,88,0,0
BRF:144
BRH:0
end_of_record
TN:
SF:app/dashboard/error.tsx
FN:16,DashboardError
FN:17,(anonymous_2)
FN:64,(anonymous_3)
FN:72,(anonymous_4)
FN:88,(anonymous_5)
FN:96,(anonymous_6)
FNF:6
FNH:0
FNDA:0,DashboardError
FNDA:0,(anonymous_2)
FNDA:0,(anonymous_3)
FNDA:0,(anonymous_4)
FNDA:0,(anonymous_5)
FNDA:0,(anonymous_6)
DA:3,0
DA:4,0
DA:5,0
DA:16,0
DA:17,0
DA:19,0
DA:64,0
DA:72,0
DA:88,0
DA:96,0
LF:10
LH:0
BRDA:37,0,0,0
BRDA:45,1,0,0
BRF:2
BRH:0
end_of_record
TN:
SF:app/dashboard/loading.tsx
FN:8,DashboardLoading
FN:16,(anonymous_2)
FNF:2
FNH:0
FNDA:0,DashboardLoading
FNDA:0,(anonymous_2)
DA:1,0
DA:8,0
DA:17,0
LF:3
LH:0
BRF:0
BRH:0
end_of_record
TN:
SF:app/dashboard/page.tsx
FN:48,DashboardPage
FN:66,(anonymous_6)
FN:67,(anonymous_7)
FN:89,(anonymous_8)
FN:105,(anonymous_9)
FN:138,(anonymous_10)
FN:140,(anonymous_11)
FN:162,(anonymous_12)
FN:170,(anonymous_13)
FN:174,(anonymous_14)
FN:180,(anonymous_15)
FN:202,(anonymous_16)
FN:209,(anonymous_17)
FN:231,(anonymous_18)
FNF:14
FNH:0
FNDA:0,DashboardPage
FNDA:0,(anonymous_6)
FNDA:0,(anonymous_7)
FNDA:0,(anonymous_8)
FNDA:0,(anonymous_9)
FNDA:0,(anonymous_10)
FNDA:0,(anonymous_11)
FNDA:0,(anonymous_12)
FNDA:0,(anonymous_13)
FNDA:0,(anonymous_14)
FNDA:0,(anonymous_15)
FNDA:0,(anonymous_16)
FNDA:0,(anonymous_17)
FNDA:0,(anonymous_18)
DA:3,0
DA:4,0
DA:17,0
DA:18,0
DA:19,0
DA:35,0
DA:36,0
DA:37,0
DA:38,0
DA:41,0
DA:42,0
DA:48,0
DA:49,0
DA:50,0
DA:53,0
DA:54,0
DA:55,0
DA:56,0
DA:57,0
DA:58,0
DA:59,0
DA:60,0
DA:61,0
DA:62,0
DA:63,0
DA:66,0
DA:67,0
DA:68,0
DA:69,0
DA:70,0
DA:72,0
DA:74,0
DA:77,0
DA:83,0
DA:89,0
DA:90,0
DA:91,0
DA:95,0
DA:97,0
DA:101,0
DA:105,0
DA:106,0
DA:115,0
DA:125,0
DA:126,0
DA:127,0
DA:128,0
DA:129,0
DA:130,0
DA:131,0
DA:133,0
DA:138,0
DA:140,0
DA:141,0
DA:142,0
DA:144,0
DA:151,0
DA:152,0
DA:153,0
DA:154,0
DA:155,0
DA:156,0
DA:158,0
DA:162,0
DA:163,0
DA:164,0
DA:167,0
DA:168,0
DA:169,0
DA:170,0
DA:171,0
DA:172,0
DA:174,0
DA:175,0
DA:176,0
DA:180,0
DA:181,0
DA:182,0
DA:183,0
DA:185,0
DA:187,0
DA:200,0
DA:202,0
DA:203,0
DA:204,0
DA:209,0
DA:211,0
DA:214,0
DA:217,0
DA:220,0
DA:223,0
DA:227,0
DA:232,0
DA:243,0
LF:94
LH:0
BRDA:72,0,0,0
BRDA:151,1,0,0
BRDA:151,1,1,0
BRDA:151,2,0,0
BRDA:151,2,1,0
BRDA:153,3,0,0
BRDA:153,3,1,0
BRDA:153,4,0,0
BRDA:153,4,1,0
BRDA:155,5,0,0
BRDA:155,5,1,0
BRDA:155,6,0,0
BRDA:155,6,1,0
BRDA:163,7,0,0
BRDA:163,7,1,0
BRDA:163,7,2,0
BRDA:211,8,0,0
BRDA:211,8,1,0
BRDA:211,8,2,0
BRDA:211,8,3,0
BRDA:227,9,0,0
BRDA:243,10,0,0
BRDA:278,11,0,0
BRDA:278,11,1,0
BRDA:318,12,0,0
BRDA:320,13,0,0
BRDA:322,14,0,0
BRDA:333,15,0,0
BRDA:333,15,1,0
BRDA:342,16,0,0
BRDA:373,17,0,0
BRDA:390,18,0,0
BRDA:429,19,0,0
BRDA:462,20,0,0
BRF:34
BRH:0
end_of_record
TN:
SF:app/login/page.tsx
FN:16,LoginPage
FNF:1
FNH:0
FNDA:0,LoginPage
DA:1,0
DA:2,0
DA:7,0
DA:16,0
LF:4
LH:0
BRF:0
BRH:0
end_of_record
TN:
SF:app/reset-password/page.tsx
FN:16,ResetPasswordPage
FNF:1
FNH:0
FNDA:0,ResetPasswordPage
DA:1,0
DA:2,0
DA:7,0
DA:16,0
LF:4
LH:0
BRF:0
BRH:0
end_of_record
TN:
SF:app/signup/page.tsx
FN:16,SignupPage
FNF:1
FNH:0
FNDA:0,SignupPage
DA:1,0
DA:2,0
DA:7,0
DA:16,0
LF:4
LH:0
BRF:0
BRH:0
end_of_record
TN:
SF:app/view/page.tsx
FN:16,ClientViewCodeEntryPage
FN:25,(anonymous_5)
FN:49,(anonymous_6)
FNF:3
FNH:0
FNDA:0,ClientViewCodeEntryPage
FNDA:0,(anonymous_5)
FNDA:0,(anonymous_6)
DA:3,0
DA:4,0
DA:5,0
DA:6,0
DA:7,0
DA:8,0
DA:9,0
DA:10,0
DA:16,0
DA:17,0
DA:18,0
DA:19,0
DA:20,0
DA:25,0
DA:26,0
DA:28,0
DA:29,0
DA:30,0
DA:33,0
DA:34,0
DA:36,0
DA:38,0
DA:40,0
DA:42,0
DA:49,0
DA:50,0
DA:51,0
DA:52,0
LF:28
LH:0
BRDA:28,0,0,0
BRDA:28,1,0,0
BRDA:28,1,1,0
BRDA:101,2,0,0
BRDA:101,2,1,0
BRDA:105,3,0,0
BRDA:115,4,0,0
BRDA:115,4,1,0
BRDA:118,5,0,0
BRF:9
BRH:0
end_of_record
TN:
SF:app/view/[code]/page.tsx
FN:21,generateMetadata
FN:55,generateStaticParams
FN:65,ClientViewPage
FNF:3
FNH:0
FNDA:0,generateMetadata
FNDA:0,generateStaticParams
FNDA:0,ClientViewPage
DA:1,0
DA:2,0
DA:4,0
DA:5,0
DA:6,0
DA:21,0
DA:22,0
DA:24,0
DA:25,0
DA:27,0
DA:28,0
DA:34,0
DA:44,0
DA:55,0
DA:58,0
DA:65,0
DA:66,0
DA:67,0
DA:70,0
DA:71,0
DA:72,0
DA:74,0
DA:76,0
DA:77,0
DA:78,0
DA:79,0
DA:84,0
DA:86,0
DA:87,0
DA:90,0
DA:93,0
DA:94,0
DA:98,0
DA:99,0
LF:34
LH:0
BRDA:27,0,0,0
BRDA:76,1,0,0
BRDA:78,2,0,0
BRDA:86,3,0,0
BRDA:86,3,1,0
BRDA:98,4,0,0
BRDA:98,5,0,0
BRDA:98,5,1,0
BRF:8
BRH:0
end_of_record
TN:
SF:components/Auth/LoginForm.tsx
FN:31,LoginForm
FN:52,(anonymous_5)
FN:149,(anonymous_6)
FNF:3
FNH:0
FNDA:0,LoginForm
FNDA:0,(anonymous_5)
FNDA:0,(anonymous_6)
DA:3,0
DA:4,0
DA:5,0
DA:6,0
DA:7,0
DA:8,0
DA:9,0
DA:10,0
DA:11,0
DA:12,0
DA:13,0
DA:19,0
DA:31,0
DA:32,0
DA:33,0
DA:34,0
DA:35,0
DA:41,0
DA:52,0
DA:53,0
DA:54,0
DA:56,0
DA:58,0
DA:65,0
DA:67,0
DA:68,0
DA:69,0
DA:72,0
DA:75,0
DA:78,0
DA:80,0
DA:81,0
DA:83,0
DA:84,0
DA:86,0
DA:87,0
DA:89,0
DA:90,0
DA:92,0
DA:95,0
DA:149,0
LF:41
LH:0
BRDA:67,0,0,0
BRDA:67,0,1,0
BRDA:78,1,0,0
BRDA:78,1,1,0
BRDA:78,1,2,0
BRDA:78,1,3,0
BRDA:78,1,4,0
BRDA:122,2,0,0
BRDA:122,2,1,0
BRDA:125,3,0,0
BRDA:141,4,0,0
BRDA:141,4,1,0
BRDA:145,5,0,0
BRDA:145,5,1,0
BRDA:151,6,0,0
BRDA:151,6,1,0
BRDA:154,7,0,0
BRDA:160,8,0,0
BRDA:186,9,0,0
BRDA:198,10,0,0
BRDA:198,10,1,0
BRF:21
BRH:0
end_of_record
TN:
SF:components/Auth/ResetPasswordForm.tsx
FN:27,ResetPasswordForm
FN:44,(anonymous_5)
FN:101,(anonymous_6)
FNF:3
FNH:0
FNDA:0,ResetPasswordForm
FNDA:0,(anonymous_5)
FNDA:0,(anonymous_6)
DA:3,0
DA:4,0
DA:5,0
DA:6,0
DA:7,0
DA:8,0
DA:9,0
DA:10,0
DA:11,0
DA:17,0
DA:27,0
DA:28,0
DA:29,0
DA:30,0
DA:36,0
DA:44,0
DA:45,0
DA:46,0
DA:48,0
DA:50,0
DA:51,0
DA:53,0
DA:56,0
DA:58,0
DA:59,0
DA:61,0
DA:62,0
DA:64,0
DA:65,0
DA:67,0
DA:70,0
DA:74,0
DA:101,0
LF:33
LH:0
BRDA:56,0,0,0
BRDA:56,0,1,0
BRDA:56,0,2,0
BRDA:56,0,3,0
BRDA:74,1,0,0
BRDA:144,2,0,0
BRDA:144,2,1,0
BRDA:147,3,0,0
BRDA:155,4,0,0
BRDA:167,5,0,0
BRDA:167,5,1,0
BRF:11
BRH:0
end_of_record
TN:
SF:components/Auth/SignupForm.tsx
FN:38,(anonymous_4)
FN:49,SignupForm
FN:75,(anonymous_6)
FN:171,(anonymous_7)
FN:206,(anonymous_8)
FN:231,(anonymous_9)
FNF:6
FNH:0
FNDA:0,(anonymous_4)
FNDA:0,SignupForm
FNDA:0,(anonymous_6)
FNDA:0,(anonymous_7)
FNDA:0,(anonymous_8)
FNDA:0,(anonymous_9)
DA:3,0
DA:4,0
DA:5,0
DA:6,0
DA:7,0
DA:8,0
DA:9,0
DA:10,0
DA:11,0
DA:18,0
DA:19,0
DA:25,0
DA:38,0
DA:49,0
DA:50,0
DA:51,0
DA:52,0
DA:53,0
DA:54,0
DA:62,0
DA:69,0
DA:75,0
DA:76,0
DA:77,0
DA:79,0
DA:81,0
DA:90,0
DA:92,0
DA:93,0
DA:94,0
DA:97,0
DA:100,0
DA:103,0
DA:105,0
DA:106,0
DA:108,0
DA:109,0
DA:111,0
DA:112,0
DA:114,0
DA:117,0
DA:171,0
DA:206,0
DA:231,0
LF:44
LH:0
BRDA:92,0,0,0
BRDA:92,0,1,0
BRDA:103,1,0,0
BRDA:103,1,1,0
BRDA:103,1,2,0
BRDA:103,1,3,0
BRDA:144,2,0,0
BRDA:144,2,1,0
BRDA:147,3,0,0
BRDA:163,4,0,0
BRDA:163,4,1,0
BRDA:167,5,0,0
BRDA:167,5,1,0
BRDA:173,6,0,0
BRDA:173,6,1,0
BRDA:176,7,0,0
BRDA:182,8,0,0
BRDA:198,9,0,0
BRDA:198,9,1,0
BRDA:202,10,0,0
BRDA:202,10,1,0
BRDA:208,11,0,0
BRDA:208,11,1,0
BRDA:211,12,0,0
BRDA:217,13,0,0
BRDA:242,14,0,0
BRDA:242,14,1,0
BRDA:262,15,0,0
BRDA:262,15,1,0
BRDA:265,16,0,0
BRDA:290,17,0,0
BRDA:302,18,0,0
BRDA:302,18,1,0
BRF:33
BRH:0
end_of_record
TN:
SF:components/Client/AddClientForm.tsx
FN:40,AddClientForm
FN:68,(anonymous_5)
FN:69,(anonymous_6)
FN:73,(anonymous_7)
FN:74,(anonymous_8)
FN:75,(anonymous_9)
FN:83,(anonymous_10)
FN:85,(anonymous_11)
FN:93,(anonymous_12)
FN:94,(anonymous_13)
FN:96,(anonymous_14)
FN:100,(anonymous_15)
FN:123,(anonymous_16)
FN:175,(anonymous_17)
FN:229,(anonymous_18)
FN:244,(anonymous_19)
FN:261,(anonymous_20)
FN:271,(anonymous_21)
FN:300,(anonymous_22)
FN:313,(anonymous_23)
FN:337,(anonymous_24)
FN:364,(anonymous_25)
FN:378,(anonymous_26)
FN:395,(anonymous_27)
FN:404,(anonymous_28)
FNF:25
FNH:0
FNDA:0,AddClientForm
FNDA:0,(anonymous_5)
FNDA:0,(anonymous_6)
FNDA:0,(anonymous_7)
FNDA:0,(anonymous_8)
FNDA:0,(anonymous_9)
FNDA:0,(anonymous_10)
FNDA:0,(anonymous_11)
FNDA:0,(anonymous_12)
FNDA:0,(anonymous_13)
FNDA:0,(anonymous_14)
FNDA:0,(anonymous_15)
FNDA:0,(anonymous_16)
FNDA:0,(anonymous_17)
FNDA:0,(anonymous_18)
FNDA:0,(anonymous_19)
FNDA:0,(anonymous_20)
FNDA:0,(anonymous_21)
FNDA:0,(anonymous_22)
FNDA:0,(anonymous_23)
FNDA:0,(anonymous_24)
FNDA:0,(anonymous_25)
FNDA:0,(anonymous_26)
FNDA:0,(anonymous_27)
FNDA:0,(anonymous_28)
DA:3,0
DA:4,0
DA:5,0
DA:6,0
DA:7,0
DA:8,0
DA:9,0
DA:10,0
DA:11,0
DA:12,0
DA:14,0
DA:15,0
DA:40,0
DA:41,0
DA:42,0
DA:43,0
DA:44,0
DA:45,0
DA:48,0
DA:54,0
DA:68,0
DA:69,0
DA:70,0
DA:73,0
DA:74,0
DA:75,0
DA:83,0
DA:84,0
DA:85,0
DA:89,0
DA:93,0
DA:94,0
DA:96,0
DA:100,0
DA:101,0
DA:103,0
DA:104,0
DA:106,0
DA:107,0
DA:108,0
DA:109,0
DA:111,0
DA:112,0
DA:115,0
DA:116,0
DA:117,0
DA:120,0
DA:123,0
DA:124,0
DA:126,0
DA:128,0
DA:129,0
DA:130,0
DA:133,0
DA:134,0
DA:136,0
DA:137,0
DA:157,0
DA:160,0
DA:161,0
DA:163,0
DA:166,0
DA:168,0
DA:169,0
DA:171,0
DA:175,0
DA:176,0
DA:177,0
DA:178,0
DA:229,0
DA:244,0
DA:261,0
DA:271,0
DA:300,0
DA:313,0
DA:338,0
DA:364,0
DA:378,0
DA:396,0
DA:404,0
LF:80
LH:0
BRDA:78,0,0,0
BRDA:78,0,1,0
BRDA:79,1,0,0
BRDA:79,1,1,0
BRDA:84,2,0,0
BRDA:84,3,0,0
BRDA:84,3,1,0
BRDA:103,4,0,0
BRDA:106,5,0,0
BRDA:106,5,1,0
BRDA:108,6,0,0
BRDA:111,7,0,0
BRDA:115,8,0,0
BRDA:126,9,0,0
BRDA:128,10,0,0
BRDA:138,11,0,0
BRDA:138,11,1,0
BRDA:141,12,0,0
BRDA:141,12,1,0
BRDA:142,13,0,0
BRDA:142,13,1,0
BRDA:143,14,0,0
BRDA:143,14,1,0
BRDA:148,15,0,0
BRDA:148,15,1,0
BRDA:149,16,0,0
BRDA:149,16,1,0
BRDA:160,17,0,0
BRDA:160,17,1,0
BRDA:169,18,0,0
BRDA:169,18,1,0
BRDA:176,19,0,0
BRDA:208,20,0,0
BRDA:393,21,0,0
BRDA:431,22,0,0
BRDA:431,22,1,0
BRF:36
BRH:0
end_of_record
TN:
SF:components/Client/ClientList.tsx
FN:35,ClientList
FN:36,(anonymous_3)
FN:50,(anonymous_4)
FN:58,(anonymous_5)
FN:63,(anonymous_6)
FN:68,(anonymous_7)
FN:117,(anonymous_8)
FN:198,(anonymous_9)
FN:207,(anonymous_10)
FNF:9
FNH:0
FNDA:0,ClientList
FNDA:0,(anonymous_3)
FNDA:0,(anonymous_4)
FNDA:0,(anonymous_5)
FNDA:0,(anonymous_6)
FNDA:0,(anonymous_7)
FNDA:0,(anonymous_8)
FNDA:0,(anonymous_9)
FNDA:0,(anonymous_10)
DA:3,0
DA:4,0
DA:12,0
DA:13,0
DA:14,0
DA:24,0
DA:35,0
DA:36,0
DA:37,0
DA:50,0
DA:51,0
DA:58,0
DA:60,0
DA:63,0
DA:65,0
DA:68,0
DA:72,0
DA:118,0
DA:198,0
DA:207,0
LF:20
LH:0
BRDA:44,0,0,0
BRDA:44,0,1,0
BRDA:72,1,0,0
BRDA:121,2,0,0
BRDA:121,2,1,0
BRDA:133,3,0,0
BRDA:145,4,0,0
BRDA:145,4,1,0
BRDA:147,5,0,0
BRDA:159,6,0,0
BRDA:186,7,0,0
BRDA:186,7,1,0
BRF:12
BRH:0
end_of_record
TN:
SF:components/Client/EditClientForm.tsx
FN:40,EditClientForm
FN:67,(anonymous_5)
FN:68,(anonymous_6)
FN:72,(anonymous_7)
FN:73,(anonymous_8)
FN:74,(anonymous_9)
FN:82,(anonymous_10)
FN:84,(anonymous_11)
FN:92,(anonymous_12)
FN:93,(anonymous_13)
FN:95,(anonymous_14)
FN:99,(anonymous_15)
FN:122,(anonymous_16)
FN:173,(anonymous_17)
FN:227,(anonymous_18)
FN:242,(anonymous_19)
FN:259,(anonymous_20)
FN:269,(anonymous_21)
FN:298,(anonymous_22)
FN:311,(anonymous_23)
FN:335,(anonymous_24)
FN:362,(anonymous_25)
FN:376,(anonymous_26)
FN:393,(anonymous_27)
FN:402,(anonymous_28)
FNF:25
FNH:0
FNDA:0,EditClientForm
FNDA:0,(anonymous_5)
FNDA:0,(anonymous_6)
FNDA:0,(anonymous_7)
FNDA:0,(anonymous_8)
FNDA:0,(anonymous_9)
FNDA:0,(anonymous_10)
FNDA:0,(anonymous_11)
FNDA:0,(anonymous_12)
FNDA:0,(anonymous_13)
FNDA:0,(anonymous_14)
FNDA:0,(anonymous_15)
FNDA:0,(anonymous_16)
FNDA:0,(anonymous_17)
FNDA:0,(anonymous_18)
FNDA:0,(anonymous_19)
FNDA:0,(anonymous_20)
FNDA:0,(anonymous_21)
FNDA:0,(anonymous_22)
FNDA:0,(anonymous_23)
FNDA:0,(anonymous_24)
FNDA:0,(anonymous_25)
FNDA:0,(anonymous_26)
FNDA:0,(anonymous_27)
FNDA:0,(anonymous_28)
DA:3,0
DA:4,0
DA:5,0
DA:6,0
DA:7,0
DA:8,0
DA:9,0
DA:10,0
DA:11,0
DA:13,0
DA:14,0
DA:40,0
DA:41,0
DA:42,0
DA:43,0
DA:44,0
DA:47,0
DA:53,0
DA:67,0
DA:68,0
DA:69,0
DA:72,0
DA:73,0
DA:74,0
DA:82,0
DA:83,0
DA:84,0
DA:88,0
DA:92,0
DA:93,0
DA:95,0
DA:99,0
DA:100,0
DA:102,0
DA:103,0
DA:105,0
DA:106,0
DA:107,0
DA:108,0
DA:110,0
DA:111,0
DA:114,0
DA:115,0
DA:116,0
DA:119,0
DA:122,0
DA:123,0
DA:125,0
DA:127,0
DA:128,0
DA:129,0
DA:132,0
DA:133,0
DA:135,0
DA:136,0
DA:151,0
DA:154,0
DA:160,0
DA:161,0
DA:164,0
DA:166,0
DA:167,0
DA:169,0
DA:173,0
DA:174,0
DA:175,0
DA:176,0
DA:227,0
DA:242,0
DA:259,0
DA:269,0
DA:298,0
DA:311,0
DA:336,0
DA:362,0
DA:376,0
DA:394,0
DA:402,0
LF:78
LH:0
BRDA:56,0,0,0
BRDA:56,0,1,0
BRDA:57,1,0,0
BRDA:57,1,1,0
BRDA:58,2,0,0
BRDA:58,2,1,0
BRDA:61,3,0,0
BRDA:61,3,1,0
BRDA:63,4,0,0
BRDA:63,4,1,0
BRDA:64,5,0,0
BRDA:64,5,1,0
BRDA:77,6,0,0
BRDA:77,6,1,0
BRDA:78,7,0,0
BRDA:78,7,1,0
BRDA:83,8,0,0
BRDA:83,9,0,0
BRDA:83,9,1,0
BRDA:102,10,0,0
BRDA:105,11,0,0
BRDA:105,11,1,0
BRDA:107,12,0,0
BRDA:110,13,0,0
BRDA:114,14,0,0
BRDA:125,15,0,0
BRDA:127,16,0,0
BRDA:139,17,0,0
BRDA:139,17,1,0
BRDA:140,18,0,0
BRDA:140,18,1,0
BRDA:141,19,0,0
BRDA:141,19,1,0
BRDA:146,20,0,0
BRDA:146,20,1,0
BRDA:147,21,0,0
BRDA:147,21,1,0
BRDA:160,22,0,0
BRDA:167,23,0,0
BRDA:167,23,1,0
BRDA:174,24,0,0
BRDA:206,25,0,0
BRDA:391,26,0,0
BRDA:429,27,0,0
BRDA:429,27,1,0
BRF:45
BRH:0
end_of_record
TN:
SF:components/ClientView/ClientViewContent.tsx
FN:28,ClientViewContent
FN:41,(anonymous_6)
FN:42,(anonymous_7)
FN:59,(anonymous_8)
FN:71,(anonymous_9)
FN:89,(anonymous_10)
FN:121,(anonymous_11)
FN:314,(anonymous_12)
FNF:8
FNH:0
FNDA:0,ClientViewContent
FNDA:0,(anonymous_6)
FNDA:0,(anonymous_7)
FNDA:0,(anonymous_8)
FNDA:0,(anonymous_9)
FNDA:0,(anonymous_10)
FNDA:0,(anonymous_11)
FNDA:0,(anonymous_12)
DA:3,0
DA:4,0
DA:5,0
DA:6,0
DA:7,0
DA:8,0
DA:9,0
DA:12,0
DA:13,0
DA:14,0
DA:28,0
DA:34,0
DA:35,0
DA:36,0
DA:41,0
DA:42,0
DA:43,0
DA:44,0
DA:45,0
DA:46,0
DA:48,0
DA:53,0
DA:59,0
DA:60,0
DA:61,0
DA:71,0
DA:72,0
DA:74,0
DA:76,0
DA:78,0
DA:80,0
DA:82,0
DA:89,0
DA:90,0
DA:92,0
DA:94,0
DA:96,0
DA:121,0
DA:315,0
LF:39
LH:0
BRDA:43,0,0,0
BRDA:60,1,0,0
BRDA:72,2,0,0
BRDA:72,2,1,0
BRDA:72,2,2,0
BRDA:72,2,3,0
BRDA:72,2,4,0
BRDA:90,3,0,0
BRDA:90,3,1,0
BRDA:90,3,2,0
BRDA:144,4,0,0
BRDA:144,4,1,0
BRDA:191,5,0,0
BRDA:298,6,0,0
BRDA:308,7,0,0
BRDA:308,7,1,0
BRF:16
BRH:0
end_of_record
TN:
SF:components/ClientView/FeedbackForm.tsx
FN:22,FeedbackForm
FN:37,(anonymous_5)
FN:38,(anonymous_6)
FN:48,(anonymous_7)
FN:93,(anonymous_8)
FN:94,(anonymous_9)
FN:124,(anonymous_10)
FN:158,(anonymous_11)
FN:173,(anonymous_12)
FN:184,(anonymous_13)
FN:188,(anonymous_14)
FN:215,(anonymous_15)
FN:239,(anonymous_16)
FNF:13
FNH:0
FNDA:0,FeedbackForm
FNDA:0,(anonymous_5)
FNDA:0,(anonymous_6)
FNDA:0,(anonymous_7)
FNDA:0,(anonymous_8)
FNDA:0,(anonymous_9)
FNDA:0,(anonymous_10)
FNDA:0,(anonymous_11)
FNDA:0,(anonymous_12)
FNDA:0,(anonymous_13)
FNDA:0,(anonymous_14)
FNDA:0,(anonymous_15)
FNDA:0,(anonymous_16)
DA:3,0
DA:4,0
DA:5,0
DA:6,0
DA:7,0
DA:8,0
DA:9,0
DA:10,0
DA:11,0
DA:12,0
DA:22,0
DA:23,0
DA:24,0
DA:25,0
DA:26,0
DA:37,0
DA:38,0
DA:42,0
DA:48,0
DA:49,0
DA:52,0
DA:53,0
DA:54,0
DA:57,0
DA:58,0
DA:59,0
DA:62,0
DA:63,0
DA:65,0
DA:66,0
DA:75,0
DA:76,0
DA:84,0
DA:86,0
DA:93,0
DA:94,0
DA:95,0
DA:106,0
DA:124,0
DA:158,0
DA:173,0
DA:185,0
DA:188,0
DA:215,0
DA:239,0
LF:45
LH:0
BRDA:52,0,0,0
BRDA:52,1,0,0
BRDA:52,1,1,0
BRDA:52,1,2,0
BRDA:52,1,3,0
BRDA:57,2,0,0
BRDA:98,3,0,0
BRDA:98,3,1,0
BRDA:106,4,0,0
BRDA:193,5,0,0
BRDA:193,5,1,0
BRDA:201,6,0,0
BRDA:246,7,0,0
BRDA:262,8,0,0
BRF:14
BRH:0
end_of_record
TN:
SF:components/ClientView/ProjectStatus.tsx
FN:19,ProjectStatus
FN:23,(anonymous_3)
FN:35,(anonymous_4)
FN:54,(anonymous_5)
FN:72,(anonymous_6)
FN:138,(anonymous_7)
FN:218,(anonymous_8)
FNF:7
FNH:0
FNDA:0,ProjectStatus
FNDA:0,(anonymous_3)
FNDA:0,(anonymous_4)
FNDA:0,(anonymous_5)
FNDA:0,(anonymous_6)
FNDA:0,(anonymous_7)
FNDA:0,(anonymous_8)
DA:3,0
DA:4,0
DA:5,0
DA:6,0
DA:19,0
DA:23,0
DA:24,0
DA:35,0
DA:36,0
DA:37,0
DA:39,0
DA:40,0
DA:42,0
DA:43,0
DA:45,0
DA:46,0
DA:48,0
DA:54,0
DA:55,0
DA:72,0
DA:73,0
DA:74,0
DA:76,0
DA:77,0
DA:78,0
DA:79,0
DA:85,0
DA:139,0
DA:140,0
DA:142,0
DA:219,0
LF:31
LH:0
BRDA:39,0,0,0
BRDA:40,1,0,0
BRDA:43,2,0,0
BRDA:46,3,0,0
BRDA:76,4,0,0
BRDA:77,5,0,0
BRDA:78,6,0,0
BRDA:118,7,0,0
BRDA:118,7,1,0
BRDA:148,8,0,0
BRDA:148,8,1,0
BRDA:150,9,0,0
BRDA:150,9,1,0
BRDA:152,10,0,0
BRDA:152,10,1,0
BRDA:156,11,0,0
BRDA:160,12,0,0
BRDA:162,13,0,0
BRDA:162,13,1,0
BRDA:176,14,0,0
BRDA:176,14,1,0
BRDA:178,15,0,0
BRDA:178,15,1,0
BRDA:180,16,0,0
BRDA:180,16,1,0
BRDA:184,17,0,0
BRDA:184,17,1,0
BRDA:185,18,0,0
BRDA:185,18,1,0
BRDA:186,19,0,0
BRDA:186,19,1,0
BRDA:218,20,0,0
BRDA:239,21,0,0
BRDA:239,21,1,0
BRF:34
BRH:0
end_of_record
TN:
SF:components/Dashboard/ActivityFeed.tsx
FN:31,ActivityFeed
FN:32,(anonymous_3)
FN:44,(anonymous_4)
FN:56,(anonymous_5)
FN:68,(anonymous_6)
FN:97,(anonymous_7)
FN:145,(anonymous_8)
FNF:7
FNH:0
FNDA:0,ActivityFeed
FNDA:0,(anonymous_3)
FNDA:0,(anonymous_4)
FNDA:0,(anonymous_5)
FNDA:0,(anonymous_6)
FNDA:0,(anonymous_7)
FNDA:0,(anonymous_8)
DA:3,0
DA:4,0
DA:5,0
DA:6,0
DA:7,0
DA:19,0
DA:31,0
DA:32,0
DA:33,0
DA:41,0
DA:44,0
DA:45,0
DA:53,0
DA:56,0
DA:57,0
DA:65,0
DA:68,0
DA:69,0
DA:70,0
DA:72,0
DA:73,0
DA:75,0
DA:76,0
DA:78,0
DA:79,0
DA:81,0
DA:87,0
DA:98,0
DA:146,0
DA:147,0
DA:148,0
DA:150,0
LF:32
LH:0
BRDA:31,0,0,0
BRDA:41,1,0,0
BRDA:41,1,1,0
BRDA:53,2,0,0
BRDA:53,2,1,0
BRDA:65,3,0,0
BRDA:65,3,1,0
BRDA:72,4,0,0
BRDA:73,5,0,0
BRDA:76,6,0,0
BRDA:79,7,0,0
BRDA:87,8,0,0
BRDA:131,9,0,0
BRDA:181,10,0,0
BRDA:188,11,0,0
BRDA:204,12,0,0
BRF:16
BRH:0
end_of_record
TN:
SF:components/Dashboard/GreetingCard.tsx
FN:21,GreetingCard
FN:28,(anonymous_5)
FN:36,(anonymous_6)
FN:42,(anonymous_7)
FN:65,(anonymous_8)
FN:70,(anonymous_9)
FNF:6
FNH:0
FNDA:0,GreetingCard
FNDA:0,(anonymous_5)
FNDA:0,(anonymous_6)
FNDA:0,(anonymous_7)
FNDA:0,(anonymous_8)
FNDA:0,(anonymous_9)
DA:3,0
DA:4,0
DA:5,0
DA:6,0
DA:7,0
DA:8,0
DA:21,0
DA:22,0
DA:23,0
DA:24,0
DA:25,0
DA:26,0
DA:28,0
DA:30,0
DA:31,0
DA:32,0
DA:36,0
DA:37,0
DA:38,0
DA:42,0
DA:43,0
DA:44,0
DA:45,0
DA:47,0
DA:49,0
DA:62,0
DA:65,0
DA:66,0
DA:67,0
DA:70,0
DA:71,0
DA:72,0
DA:76,0
LF:33
LH:0
BRDA:53,0,0,0
BRDA:53,0,1,0
BRDA:76,1,0,0
BRDA:128,2,0,0
BRDA:136,3,0,0
BRDA:136,3,1,0
BRDA:136,3,2,0
BRDA:145,4,0,0
BRDA:145,4,1,0
BRDA:148,5,0,0
BRDA:167,6,0,0
BRDA:167,6,1,0
BRDA:167,6,2,0
BRDA:169,7,0,0
BRF:14
BRH:0
end_of_record
TN:
SF:components/Dashboard/ProjectsOverview.tsx
FN:32,ProjectsOverview
FN:33,(anonymous_3)
FN:44,(anonymous_4)
FN:55,(anonymous_5)
FN:66,(anonymous_6)
FN:74,(anonymous_7)
FN:91,(anonymous_8)
FN:105,(anonymous_9)
FN:145,(anonymous_10)
FNF:9
FNH:0
FNDA:0,ProjectsOverview
FNDA:0,(anonymous_3)
FNDA:0,(anonymous_4)
FNDA:0,(anonymous_5)
FNDA:0,(anonymous_6)
FNDA:0,(anonymous_7)
FNDA:0,(anonymous_8)
FNDA:0,(anonymous_9)
FNDA:0,(anonymous_10)
DA:3,0
DA:4,0
DA:5,0
DA:6,0
DA:19,0
DA:21,0
DA:32,0
DA:33,0
DA:34,0
DA:41,0
DA:44,0
DA:45,0
DA:52,0
DA:55,0
DA:56,0
DA:63,0
DA:66,0
DA:67,0
DA:74,0
DA:75,0
DA:76,0
DA:77,0
DA:78,0
DA:81,0
DA:92,0
DA:104,0
DA:105,0
DA:146,0
DA:147,0
DA:148,0
DA:149,0
DA:153,0
LF:32
LH:0
BRDA:32,0,0,0
BRDA:41,1,0,0
BRDA:41,1,1,0
BRDA:52,2,0,0
BRDA:52,2,1,0
BRDA:63,3,0,0
BRDA:63,3,1,0
BRDA:81,4,0,0
BRDA:128,5,0,0
BRDA:149,6,0,0
BRDA:149,6,1,0
BRDA:168,7,0,0
BRDA:203,8,0,0
BRDA:203,8,1,0
BRDA:214,9,0,0
BRDA:214,9,1,0
BRDA:217,10,0,0
BRDA:225,11,0,0
BRDA:225,11,1,0
BRDA:227,12,0,0
BRDA:227,12,1,0
BRDA:229,13,0,0
BRDA:229,13,1,0
BRDA:235,14,0,0
BRDA:235,14,1,0
BRDA:237,15,0,0
BRDA:237,15,1,0
BRDA:266,16,0,0
BRF:28
BRH:0
end_of_record
TN:
SF:components/Dashboard/QuickActions.tsx
FN:28,QuickActions
FN:38,(anonymous_3)
FN:46,(anonymous_4)
FN:54,(anonymous_5)
FN:62,(anonymous_6)
FN:66,(anonymous_7)
FN:81,(anonymous_8)
FN:96,(anonymous_9)
FNF:8
FNH:0
FNDA:0,QuickActions
FNDA:0,(anonymous_3)
FNDA:0,(anonymous_4)
FNDA:0,(anonymous_5)
FNDA:0,(anonymous_6)
FNDA:0,(anonymous_7)
FNDA:0,(anonymous_8)
FNDA:0,(anonymous_9)
DA:3,0
DA:4,0
DA:5,0
DA:16,0
DA:28,0
DA:29,0
DA:31,0
DA:38,0
DA:46,0
DA:54,0
DA:62,0
DA:66,0
DA:67,0
DA:77,0
DA:80,0
DA:81,0
DA:97,0
DA:98,0
LF:18
LH:0
BRDA:77,0,0,0
BRDA:77,0,1,0
BRDA:81,1,0,0
BRDA:81,1,1,0
BRF:4
BRH:0
end_of_record
TN:
SF:components/Dashboard/TeamWorkload.tsx
FN:48,TeamWorkload
FN:65,(anonymous_3)
FN:68,(anonymous_4)
FN:103,(anonymous_5)
FN:107,(anonymous_6)
FN:116,(anonymous_7)
FN:125,(anonymous_8)
FN:135,(anonymous_9)
FN:152,(anonymous_10)
FN:219,(anonymous_11)
FNF:10
FNH:0
FNDA:0,TeamWorkload
FNDA:0,(anonymous_3)
FNDA:0,(anonymous_4)
FNDA:0,(anonymous_5)
FNDA:0,(anonymous_6)
FNDA:0,(anonymous_7)
FNDA:0,(anonymous_8)
FNDA:0,(anonymous_9)
FNDA:0,(anonymous_10)
FNDA:0,(anonymous_11)
DA:3,0
DA:4,0
DA:5,0
DA:14,0
DA:25,0
DA:26,0
DA:27,0
DA:28,0
DA:30,0
DA:48,0
DA:49,0
DA:66,0
DA:69,0
DA:70,0
DA:71,0
DA:102,0
DA:103,0
DA:107,0
DA:116,0
DA:125,0
DA:135,0
DA:136,0
DA:137,0
DA:138,0
DA:141,0
DA:153,0
DA:220,0
DA:221,0
DA:222,0
DA:224,0
LF:30
LH:0
BRDA:48,0,0,0
BRDA:69,1,0,0
BRDA:69,1,1,0
BRDA:137,2,0,0
BRDA:141,3,0,0
BRDA:181,4,0,0
BRDA:233,5,0,0
BRDA:250,6,0,0
BRDA:258,7,0,0
BRDA:258,7,1,0
BRDA:260,8,0,0
BRDA:260,8,1,0
BRDA:264,9,0,0
BRDA:264,9,1,0
BRDA:265,10,0,0
BRDA:265,10,1,0
BRF:16
BRH:0
end_of_record
TN:
SF:components/ui/alert.tsx
FNF:0
FNH:0
DA:1,0
DA:2,0
DA:4,0
DA:6,0
DA:33,0
DA:45,0
DA:57,0
DA:59,0
LF:8
LH:0
BRF:0
BRH:0
end_of_record
TN:
SF:components/ui/badge.tsx
FN:30,Badge
FNF:1
FNH:0
FNDA:0,Badge
DA:1,0
DA:2,0
DA:4,0
DA:6,0
DA:36,0
LF:5
LH:0
BRF:0
BRH:0
end_of_record
TN:
SF:components/ui/button.tsx
FN:44,(anonymous_6)
FNF:1
FNH:0
FNDA:0,(anonymous_6)
DA:3,0
DA:4,0
DA:5,0
DA:6,0
DA:8,0
DA:43,0
DA:45,0
DA:55,0
DA:57,0
LF:9
LH:0
BRDA:44,0,0,0
BRDA:45,1,0,0
BRDA:45,1,1,0
BRF:3
BRH:0
end_of_record
TN:
SF:components/ui/card.tsx
FNF:0
FNH:0
DA:3,0
DA:5,0
DA:20,0
DA:32,0
DA:47,0
DA:59,0
DA:67,0
DA:79,0
DA:81,0
LF:9
LH:0
BRF:0
BRH:0
end_of_record
TN:
SF:components/ui/checkbox.tsx
FNF:0
FNH:0
DA:3,0
DA:4,0
DA:5,0
DA:6,0
DA:27,0
DA:29,0
LF:6
LH:0
BRF:0
BRH:0
end_of_record
TN:
SF:components/ui/input.tsx
FN:10,(anonymous_4)
FNF:1
FNH:0
FNDA:0,(anonymous_4)
DA:3,0
DA:4,0
DA:9,0
DA:24,0
DA:26,0
LF:5
LH:0
BRF:0
BRH:0
end_of_record
TN:
SF:components/ui/label.tsx
FNF:0
FNH:0
DA:3,0
DA:4,0
DA:5,0
DA:6,0
DA:8,0
DA:23,0
DA:25,0
LF:7
LH:0
BRF:0
BRH:0
end_of_record
TN:
SF:components/ui/progress.tsx
FNF:0
FNH:0
DA:3,0
DA:4,0
DA:6,0
DA:26,0
DA:28,0
LF:5
LH:0
BRDA:22,0,0,0
BRDA:22,0,1,0
BRF:2
BRH:0
end_of_record
TN:
SF:components/ui/scroll-area.tsx
FNF:0
FNH:0
DA:3,0
DA:4,0
DA:6,0
DA:24,0
DA:46,0
DA:48,0
LF:6
LH:0
BRDA:29,0,0,0
BRDA:35,1,0,0
BRDA:35,1,1,0
BRDA:37,2,0,0
BRDA:37,2,1,0
BRF:5
BRH:0
end_of_record
TN:
SF:components/ui/select.tsx
FNF:0
FNH:0
DA:3,0
DA:4,0
DA:5,0
DA:6,0
DA:8,0
DA:10,0
DA:12,0
DA:32,0
DA:49,0
DA:66,0
DA:99,0
DA:111,0
DA:134,0
DA:146,0
DA:149,0
DA:150,0
DA:151,0
DA:152,0
DA:153,0
DA:154,0
DA:155,0
DA:156,0
DA:157,0
DA:158,0
LF:24
LH:0
BRDA:72,0,0,0
BRDA:78,1,0,0
BRDA:78,1,1,0
BRDA:89,2,0,0
BRDA:89,2,1,0
BRF:5
BRH:0
end_of_record
TN:
SF:components/ui/separator.tsx
FNF:0
FNH:0
DA:3,0
DA:4,0
DA:6,0
DA:29,0
DA:31,0
LF:5
LH:0
BRDA:13,0,0,0
BRDA:13,1,0,0
BRDA:22,2,0,0
BRDA:22,2,1,0
BRF:4
BRH:0
end_of_record
TN:
SF:components/ui/skeleton.tsx
FN:5,Skeleton
FNF:1
FNH:0
FNDA:0,Skeleton
DA:3,0
DA:17,0
LF:2
LH:0
BRF:0
BRH:0
end_of_record
TN:
SF:components/ui/table.tsx
FNF:0
FNH:0
DA:1,0
DA:3,0
DA:17,0
DA:25,0
DA:37,0
DA:52,0
DA:67,0
DA:82,0
DA:94,0
DA:106,0
DA:109,0
DA:110,0
DA:111,0
DA:112,0
DA:113,0
DA:114,0
DA:115,0
DA:116,0
LF:18
LH:0
BRF:0
BRH:0
end_of_record
TN:
SF:components/ui/textarea.tsx
FN:9,(anonymous_4)
FNF:1
FNH:0
FNDA:0,(anonymous_4)
DA:1,0
DA:3,0
DA:8,0
DA:22,0
DA:24,0
LF:5
LH:0
BRF:0
BRH:0
end_of_record
TN:
SF:lib/app-admin.ts
FN:27,(anonymous_12)
FN:51,(anonymous_13)
FN:125,(anonymous_14)
FN:128,(anonymous_15)
FN:186,(anonymous_16)
FN:189,(anonymous_17)
FN:195,(anonymous_18)
FN:230,(anonymous_19)
FN:234,(anonymous_20)
FN:251,(anonymous_21)
FN:259,(anonymous_22)
FN:267,(anonymous_23)
FN:307,(anonymous_24)
FN:317,(anonymous_25)
FN:327,(anonymous_26)
FN:335,(anonymous_27)
FN:343,(anonymous_28)
FN:348,(anonymous_29)
FNF:18
FNH:0
FNDA:0,(anonymous_12)
FNDA:0,(anonymous_13)
FNDA:0,(anonymous_14)
FNDA:0,(anonymous_15)
FNDA:0,(anonymous_16)
FNDA:0,(anonymous_17)
FNDA:0,(anonymous_18)
FNDA:0,(anonymous_19)
FNDA:0,(anonymous_20)
FNDA:0,(anonymous_21)
FNDA:0,(anonymous_22)
FNDA:0,(anonymous_23)
FNDA:0,(anonymous_24)
FNDA:0,(anonymous_25)
FNDA:0,(anonymous_26)
FNDA:0,(anonymous_27)
FNDA:0,(anonymous_28)
FNDA:0,(anonymous_29)
DA:14,0
DA:15,0
DA:27,0
DA:29,0
DA:30,0
DA:34,0
DA:35,0
DA:39,0
DA:40,0
DA:43,0
DA:44,0
DA:45,0
DA:47,0
DA:51,0
DA:52,0
DA:54,0
DA:123,0
DA:124,0
DA:125,0
DA:128,0
DA:129,0
DA:131,0
DA:184,0
DA:185,0
DA:186,0
DA:189,0
DA:190,0
DA:191,0
DA:192,0
DA:195,0
DA:196,0
DA:198,0
DA:214,0
DA:216,0
DA:223,0
DA:224,0
DA:225,0
DA:226,0
DA:229,0
DA:230,0
DA:234,0
DA:235,0
DA:236,0
DA:241,0
DA:245,0
DA:246,0
DA:247,0
DA:248,0
DA:250,0
DA:252,0
DA:253,0
DA:254,0
DA:258,0
DA:260,0
DA:261,0
DA:262,0
DA:266,0
DA:268,0
DA:269,0
DA:270,0
DA:274,0
DA:289,0
DA:290,0
DA:307,0
DA:308,0
DA:309,0
DA:317,0
DA:318,0
DA:319,0
DA:327,0
DA:328,0
DA:329,0
DA:335,0
DA:336,0
DA:337,0
DA:343,0
DA:344,0
DA:345,0
DA:348,0
DA:349,0
DA:350,0
LF:81
LH:0
BRDA:29,0,0,0
BRDA:29,1,0,0
BRDA:29,1,1,0
BRDA:34,2,0,0
BRDA:39,3,0,0
BRDA:52,4,0,0
BRDA:129,5,0,0
BRDA:190,6,0,0
BRDA:192,7,0,0
BRDA:192,7,1,0
BRDA:196,8,0,0
BRDA:236,9,0,0
BRDA:236,9,1,0
BRDA:253,10,0,0
BRDA:253,10,1,0
BRDA:261,11,0,0
BRDA:261,11,1,0
BRDA:269,12,0,0
BRDA:269,12,1,0
BRDA:308,13,0,0
BRDA:318,14,0,0
BRDA:328,15,0,0
BRDA:336,16,0,0
BRDA:344,17,0,0
BRDA:349,18,0,0
BRF:25
BRH:0
end_of_record
TN:
SF:lib/auth.ts
FN:78,(anonymous_15)
FN:93,(anonymous_16)
FN:99,(anonymous_17)
FN:111,(anonymous_18)
FN:112,(anonymous_19)
FN:113,(anonymous_20)
FN:122,(anonymous_21)
FN:123,(anonymous_22)
FN:138,(anonymous_23)
FN:165,(anonymous_24)
FN:200,(anonymous_25)
FN:241,(anonymous_26)
FN:262,(anonymous_27)
FN:282,(anonymous_28)
FN:303,(anonymous_29)
FN:333,(anonymous_30)
FN:363,(anonymous_31)
FN:420,(anonymous_32)
FN:464,(anonymous_33)
FN:482,(anonymous_34)
FN:494,(anonymous_35)
FN:495,(anonymous_36)
FN:496,(anonymous_37)
FN:505,(anonymous_38)
FN:506,(anonymous_39)
FN:514,(anonymous_40)
FN:520,(anonymous_41)
FNF:27
FNH:0
FNDA:0,(anonymous_15)
FNDA:0,(anonymous_16)
FNDA:0,(anonymous_17)
FNDA:0,(anonymous_18)
FNDA:0,(anonymous_19)
FNDA:0,(anonymous_20)
FNDA:0,(anonymous_21)
FNDA:0,(anonymous_22)
FNDA:0,(anonymous_23)
FNDA:0,(anonymous_24)
FNDA:0,(anonymous_25)
FNDA:0,(anonymous_26)
FNDA:0,(anonymous_27)
FNDA:0,(anonymous_28)
FNDA:0,(anonymous_29)
FNDA:0,(anonymous_30)
FNDA:0,(anonymous_31)
FNDA:0,(anonymous_32)
FNDA:0,(anonymous_33)
FNDA:0,(anonymous_34)
FNDA:0,(anonymous_35)
FNDA:0,(anonymous_36)
FNDA:0,(anonymous_37)
FNDA:0,(anonymous_38)
FNDA:0,(anonymous_39)
FNDA:0,(anonymous_40)
FNDA:0,(anonymous_41)
DA:12,0
DA:22,0
DA:23,0
DA:26,0
DA:29,0
DA:78,0
DA:93,0
DA:99,0
DA:100,0
DA:102,0
DA:112,0
DA:113,0
DA:123,0
DA:131,0
DA:138,0
DA:139,0
DA:140,0
DA:141,0
DA:144,0
DA:145,0
DA:146,0
DA:149,0
DA:150,0
DA:151,0
DA:152,0
DA:155,0
DA:165,0
DA:170,0
DA:171,0
DA:174,0
DA:175,0
DA:178,0
DA:179,0
DA:181,0
DA:184,0
DA:185,0
DA:187,0
DA:200,0
DA:207,0
DA:208,0
DA:211,0
DA:212,0
DA:215,0
DA:216,0
DA:219,0
DA:229,0
DA:231,0
DA:233,0
DA:241,0
DA:242,0
DA:243,0
DA:246,0
DA:247,0
DA:250,0
DA:251,0
DA:253,0
DA:262,0
DA:263,0
DA:264,0
DA:267,0
DA:268,0
DA:271,0
DA:272,0
DA:274,0
DA:282,0
DA:283,0
DA:284,0
DA:287,0
DA:288,0
DA:291,0
DA:292,0
DA:294,0
DA:303,0
DA:304,0
DA:305,0
DA:308,0
DA:309,0
DA:310,0
DA:313,0
DA:314,0
DA:316,0
DA:317,0
DA:320,0
DA:322,0
DA:323,0
DA:333,0
DA:337,0
DA:338,0
DA:339,0
DA:342,0
DA:343,0
DA:346,0
DA:347,0
DA:353,0
DA:363,0
DA:367,0
DA:369,0
DA:379,0
DA:380,0
DA:381,0
DA:384,0
DA:385,0
DA:386,0
DA:387,0
DA:389,0
DA:390,0
DA:393,0
DA:394,0
DA:397,0
DA:398,0
DA:402,0
DA:403,0
DA:406,0
DA:408,0
DA:409,0
DA:420,0
DA:425,0
DA:427,0
DA:428,0
DA:429,0
DA:432,0
DA:433,0
DA:436,0
DA:438,0
DA:440,0
DA:441,0
DA:443,0
DA:451,0
DA:453,0
DA:455,0
DA:464,0
DA:465,0
DA:467,0
DA:469,0
DA:471,0
DA:473,0
DA:482,0
DA:483,0
DA:485,0
DA:495,0
DA:496,0
DA:506,0
DA:513,0
DA:517,0
DA:518,0
DA:519,0
DA:523,0
LF:147
LH:0
BRDA:26,0,0,0
BRDA:26,0,1,0
BRDA:93,1,0,0
BRDA:93,1,1,0
BRDA:100,2,0,0
BRDA:100,3,0,0
BRDA:100,3,1,0
BRDA:131,4,0,0
BRDA:131,4,1,0
BRDA:139,5,0,0
BRDA:139,6,0,0
BRDA:139,6,1,0
BRDA:144,7,0,0
BRDA:150,8,0,0
BRDA:168,9,0,0
BRDA:170,10,0,0
BRDA:170,11,0,0
BRDA:170,11,1,0
BRDA:174,12,0,0
BRDA:179,13,0,0
BRDA:207,14,0,0
BRDA:207,15,0,0
BRDA:207,15,1,0
BRDA:211,16,0,0
BRDA:211,17,0,0
BRDA:211,17,1,0
BRDA:242,18,0,0
BRDA:242,19,0,0
BRDA:242,19,1,0
BRDA:246,20,0,0
BRDA:263,21,0,0
BRDA:263,22,0,0
BRDA:263,22,1,0
BRDA:267,23,0,0
BRDA:283,24,0,0
BRDA:283,25,0,0
BRDA:283,25,1,0
BRDA:287,26,0,0
BRDA:304,27,0,0
BRDA:304,28,0,0
BRDA:304,28,1,0
BRDA:308,29,0,0
BRDA:316,30,0,0
BRDA:337,31,0,0
BRDA:337,32,0,0
BRDA:337,32,1,0
BRDA:342,33,0,0
BRDA:367,34,0,0
BRDA:367,35,0,0
BRDA:367,35,1,0
BRDA:379,36,0,0
BRDA:389,37,0,0
BRDA:397,38,0,0
BRDA:397,39,0,0
BRDA:397,39,1,0
BRDA:402,40,0,0
BRDA:402,41,0,0
BRDA:402,41,1,0
BRDA:423,42,0,0
BRDA:425,43,0,0
BRDA:425,44,0,0
BRDA:425,44,1,0
BRDA:432,45,0,0
BRDA:432,46,0,0
BRDA:432,46,1,0
BRDA:448,47,0,0
BRDA:448,47,1,0
BRDA:465,48,0,0
BRDA:465,48,1,0
BRDA:465,48,2,0
BRDA:465,48,3,0
BRDA:483,49,0,0
BRDA:483,50,0,0
BRDA:483,50,1,0
BRDA:517,51,0,0
BRF:75
BRH:0
end_of_record
TN:
SF:lib/client-view.ts
FN:22,(anonymous_11)
FN:78,(anonymous_12)
FN:100,(anonymous_13)
FN:123,(anonymous_14)
FN:131,(anonymous_15)
FN:137,(anonymous_16)
FN:160,(anonymous_17)
FN:168,(anonymous_18)
FN:179,(anonymous_19)
FN:187,(anonymous_20)
FN:199,(anonymous_21)
FN:201,(anonymous_22)
FN:214,(anonymous_23)
FN:222,(anonymous_24)
FN:238,(anonymous_25)
FN:272,(anonymous_26)
FN:295,(anonymous_27)
FN:325,(anonymous_28)
FN:356,(anonymous_29)
FNF:19
FNH:0
FNDA:0,(anonymous_11)
FNDA:0,(anonymous_12)
FNDA:0,(anonymous_13)
FNDA:0,(anonymous_14)
FNDA:0,(anonymous_15)
FNDA:0,(anonymous_16)
FNDA:0,(anonymous_17)
FNDA:0,(anonymous_18)
FNDA:0,(anonymous_19)
FNDA:0,(anonymous_20)
FNDA:0,(anonymous_21)
FNDA:0,(anonymous_22)
FNDA:0,(anonymous_23)
FNDA:0,(anonymous_24)
FNDA:0,(anonymous_25)
FNDA:0,(anonymous_26)
FNDA:0,(anonymous_27)
FNDA:0,(anonymous_28)
FNDA:0,(anonymous_29)
DA:13,0
DA:14,0
DA:22,0
DA:23,0
DA:24,0
DA:25,0
DA:28,0
DA:29,0
DA:35,0
DA:37,0
DA:38,0
DA:41,0
DA:42,0
DA:45,0
DA:46,0
DA:50,0
DA:51,0
DA:55,0
DA:66,0
DA:67,0
DA:78,0
DA:83,0
DA:84,0
DA:85,0
DA:88,0
DA:89,0
DA:97,0
DA:98,0
DA:100,0
DA:101,0
DA:102,0
DA:109,0
DA:111,0
DA:112,0
DA:123,0
DA:128,0
DA:129,0
DA:130,0
DA:131,0
DA:134,0
DA:135,0
DA:138,0
DA:139,0
DA:142,0
DA:143,0
DA:154,0
DA:157,0
DA:161,0
DA:162,0
DA:166,0
DA:167,0
DA:168,0
DA:179,0
DA:184,0
DA:185,0
DA:186,0
DA:187,0
DA:190,0
DA:191,0
DA:199,0
DA:200,0
DA:201,0
DA:202,0
DA:203,0
DA:209,0
DA:212,0
DA:213,0
DA:214,0
DA:222,0
DA:223,0
DA:224,0
DA:225,0
DA:226,0
DA:228,0
DA:238,0
DA:243,0
DA:244,0
DA:247,0
DA:248,0
DA:249,0
DA:250,0
DA:253,0
DA:260,0
DA:262,0
DA:263,0
DA:272,0
DA:273,0
DA:274,0
DA:277,0
DA:278,0
DA:285,0
DA:286,0
DA:295,0
DA:300,0
DA:301,0
DA:303,0
DA:304,0
DA:307,0
DA:308,0
DA:311,0
DA:313,0
DA:314,0
DA:325,0
DA:330,0
DA:331,0
DA:332,0
DA:335,0
DA:336,0
DA:345,0
DA:347,0
DA:356,0
DA:364,0
DA:365,0
DA:366,0
DA:369,0
DA:370,0
DA:376,0
DA:378,0
DA:379,0
LF:119
LH:0
BRDA:23,0,0,0
BRDA:37,1,0,0
BRDA:45,2,0,0
BRDA:46,3,0,0
BRDA:46,3,1,0
BRDA:50,4,0,0
BRDA:58,5,0,0
BRDA:58,5,1,0
BRDA:61,6,0,0
BRDA:61,6,1,0
BRDA:62,7,0,0
BRDA:62,7,1,0
BRDA:81,8,0,0
BRDA:83,9,0,0
BRDA:105,10,0,0
BRDA:105,10,1,0
BRDA:128,11,0,0
BRDA:138,12,0,0
BRDA:138,12,1,0
BRDA:142,13,0,0
BRDA:142,13,1,0
BRDA:146,14,0,0
BRDA:146,14,1,0
BRDA:149,15,0,0
BRDA:149,15,1,0
BRDA:150,16,0,0
BRDA:150,16,1,0
BRDA:184,17,0,0
BRDA:206,18,0,0
BRDA:206,18,1,0
BRDA:241,19,0,0
BRDA:243,20,0,0
BRDA:273,21,0,0
BRDA:303,22,0,0
BRDA:307,23,0,0
BRDA:330,24,0,0
BRDA:341,25,0,0
BRDA:341,25,1,0
BRDA:364,26,0,0
BRF:39
BRH:0
end_of_record
TN:
SF:lib/clients.ts
FN:36,getClients
FN:69,(anonymous_14)
FN:93,getClient
FN:145,createClient
FN:181,updateClient
FN:230,deleteClient
FN:269,(anonymous_19)
FN:279,(anonymous_20)
FN:289,(anonymous_21)
FN:306,getClientViewCodes
FN:320,(anonymous_23)
FN:345,getClientCommunications
FN:364,(anonymous_25)
FN:387,getClientNotes
FN:416,(anonymous_27)
FN:439,getClientProjects
FN:453,(anonymous_29)
FN:484,addClientCommunication
FN:511,addClientNote
FN:541,searchClients
FN:584,(anonymous_33)
FNF:21
FNH:0
FNDA:0,getClients
FNDA:0,(anonymous_14)
FNDA:0,getClient
FNDA:0,createClient
FNDA:0,updateClient
FNDA:0,deleteClient
FNDA:0,(anonymous_19)
FNDA:0,(anonymous_20)
FNDA:0,(anonymous_21)
FNDA:0,getClientViewCodes
FNDA:0,(anonymous_23)
FNDA:0,getClientCommunications
FNDA:0,(anonymous_25)
FNDA:0,getClientNotes
FNDA:0,(anonymous_27)
FNDA:0,getClientProjects
FNDA:0,(anonymous_29)
FNDA:0,addClientCommunication
FNDA:0,addClientNote
FNDA:0,searchClients
FNDA:0,(anonymous_33)
DA:1,0
DA:16,0
DA:36,0
DA:37,0
DA:39,0
DA:40,0
DA:41,0
DA:44,0
DA:45,0
DA:49,0
DA:51,0
DA:58,0
DA:66,0
DA:67,0
DA:69,0
DA:70,0
DA:71,0
DA:80,0
DA:82,0
DA:83,0
DA:93,0
DA:94,0
DA:95,0
DA:97,0
DA:98,0
DA:101,0
DA:104,0
DA:105,0
DA:106,0
DA:109,0
DA:110,0
DA:111,0
DA:114,0
DA:115,0
DA:119,0
DA:120,0
DA:122,0
DA:123,0
DA:126,0
DA:134,0
DA:135,0
DA:145,0
DA:146,0
DA:148,0
DA:149,0
DA:150,0
DA:153,0
DA:154,0
DA:156,0
DA:157,0
DA:160,0
DA:166,0
DA:167,0
DA:169,0
DA:170,0
DA:181,0
DA:186,0
DA:188,0
DA:189,0
DA:190,0
DA:193,0
DA:194,0
DA:197,0
DA:198,0
DA:199,0
DA:202,0
DA:205,0
DA:206,0
DA:208,0
DA:209,0
DA:212,0
DA:217,0
DA:219,0
DA:220,0
DA:230,0
DA:231,0
DA:233,0
DA:234,0
DA:235,0
DA:238,0
DA:239,0
DA:241,0
DA:242,0
DA:246,0
DA:251,0
DA:253,0
DA:254,0
DA:258,0
DA:261,0
DA:264,0
DA:268,0
DA:269,0
DA:270,0
DA:274,0
DA:278,0
DA:279,0
DA:280,0
DA:284,0
DA:288,0
DA:289,0
DA:290,0
DA:293,0
DA:295,0
DA:296,0
DA:306,0
DA:307,0
DA:309,0
DA:311,0
DA:317,0
DA:318,0
DA:320,0
DA:321,0
DA:322,0
DA:331,0
DA:333,0
DA:334,0
DA:345,0
DA:350,0
DA:352,0
DA:354,0
DA:361,0
DA:362,0
DA:364,0
DA:365,0
DA:366,0
DA:373,0
DA:375,0
DA:376,0
DA:387,0
DA:392,0
DA:394,0
DA:398,0
DA:399,0
DA:405,0
DA:413,0
DA:414,0
DA:416,0
DA:417,0
DA:418,0
DA:426,0
DA:428,0
DA:429,0
DA:439,0
DA:440,0
DA:442,0
DA:444,0
DA:450,0
DA:451,0
DA:453,0
DA:454,0
DA:455,0
DA:471,0
DA:473,0
DA:474,0
DA:484,0
DA:488,0
DA:490,0
DA:492,0
DA:497,0
DA:498,0
DA:500,0
DA:501,0
DA:511,0
DA:515,0
DA:517,0
DA:519,0
DA:525,0
DA:526,0
DA:528,0
DA:529,0
DA:541,0
DA:550,0
DA:552,0
DA:553,0
DA:554,0
DA:557,0
DA:558,0
DA:561,0
DA:563,0
DA:564,0
DA:567,0
DA:568,0
DA:571,0
DA:572,0
DA:575,0
DA:581,0
DA:582,0
DA:584,0
DA:585,0
DA:586,0
DA:595,0
DA:600,0
DA:604,0
DA:606,0
DA:607,0
LF:195
LH:0
BRDA:40,0,0,0
BRDA:45,1,0,0
BRDA:45,1,1,0
BRDA:49,2,0,0
BRDA:49,2,1,0
BRDA:49,3,0,0
BRDA:49,3,1,0
BRDA:74,4,0,0
BRDA:74,4,1,0
BRDA:75,5,0,0
BRDA:75,5,1,0
BRDA:76,6,0,0
BRDA:76,6,1,0
BRDA:97,7,0,0
BRDA:105,8,0,0
BRDA:110,9,0,0
BRDA:110,9,1,0
BRDA:114,10,0,0
BRDA:119,11,0,0
BRDA:119,11,1,0
BRDA:122,12,0,0
BRDA:122,13,0,0
BRDA:122,13,1,0
BRDA:129,14,0,0
BRDA:129,14,1,0
BRDA:130,15,0,0
BRDA:130,15,1,0
BRDA:131,16,0,0
BRDA:131,16,1,0
BRDA:149,17,0,0
BRDA:154,18,0,0
BRDA:154,18,1,0
BRDA:156,19,0,0
BRDA:156,20,0,0
BRDA:156,20,1,0
BRDA:189,21,0,0
BRDA:194,22,0,0
BRDA:194,22,1,0
BRDA:198,23,0,0
BRDA:205,24,0,0
BRDA:205,24,1,0
BRDA:208,25,0,0
BRDA:208,26,0,0
BRDA:208,26,1,0
BRDA:234,27,0,0
BRDA:239,28,0,0
BRDA:239,28,1,0
BRDA:241,29,0,0
BRDA:241,30,0,0
BRDA:241,30,1,0
BRDA:253,31,0,0
BRDA:325,32,0,0
BRDA:325,32,1,0
BRDA:326,33,0,0
BRDA:326,33,1,0
BRDA:327,34,0,0
BRDA:327,34,1,0
BRDA:348,35,0,0
BRDA:369,36,0,0
BRDA:369,36,1,0
BRDA:390,37,0,0
BRDA:398,38,0,0
BRDA:398,38,1,0
BRDA:421,39,0,0
BRDA:421,39,1,0
BRDA:422,40,0,0
BRDA:422,40,1,0
BRDA:462,41,0,0
BRDA:462,41,1,0
BRDA:463,42,0,0
BRDA:463,42,1,0
BRDA:464,43,0,0
BRDA:464,43,1,0
BRDA:465,44,0,0
BRDA:465,44,1,0
BRDA:466,45,0,0
BRDA:466,45,1,0
BRDA:467,46,0,0
BRDA:467,46,1,0
BRDA:544,47,0,0
BRDA:553,48,0,0
BRDA:558,49,0,0
BRDA:558,49,1,0
BRDA:563,50,0,0
BRDA:563,51,0,0
BRDA:563,51,1,0
BRDA:567,52,0,0
BRDA:567,53,0,0
BRDA:567,53,1,0
BRDA:571,54,0,0
BRDA:571,55,0,0
BRDA:571,55,1,0
BRDA:589,56,0,0
BRDA:589,56,1,0
BRDA:590,57,0,0
BRDA:590,57,1,0
BRDA:591,58,0,0
BRDA:591,58,1,0
BRDA:595,59,0,0
BRDA:595,60,0,0
BRDA:595,60,1,0
BRDA:595,60,2,0
BRDA:595,60,3,0
BRDA:595,60,4,0
BRF:104
BRH:0
end_of_record
TN:
SF:lib/dashboard.ts
FN:44,(anonymous_13)
FN:98,(anonymous_14)
FN:143,(anonymous_15)
FN:161,(anonymous_16)
FN:172,(anonymous_17)
FN:334,(anonymous_18)
FN:371,(anonymous_19)
FN:398,(anonymous_20)
FN:435,(anonymous_21)
FN:461,(anonymous_22)
FN:498,(anonymous_23)
FN:519,(anonymous_24)
FN:562,(anonymous_25)
FN:589,(anonymous_26)
FN:659,(anonymous_27)
FN:667,(anonymous_28)
FN:673,(anonymous_29)
FN:692,(anonymous_30)
FN:694,(anonymous_31)
FN:711,(anonymous_32)
FN:722,(anonymous_33)
FN:730,(anonymous_34)
FN:736,(anonymous_35)
FN:757,(anonymous_36)
FN:759,(anonymous_37)
FN:772,(anonymous_38)
FNF:26
FNH:0
FNDA:0,(anonymous_13)
FNDA:0,(anonymous_14)
FNDA:0,(anonymous_15)
FNDA:0,(anonymous_16)
FNDA:0,(anonymous_17)
FNDA:0,(anonymous_18)
FNDA:0,(anonymous_19)
FNDA:0,(anonymous_20)
FNDA:0,(anonymous_21)
FNDA:0,(anonymous_22)
FNDA:0,(anonymous_23)
FNDA:0,(anonymous_24)
FNDA:0,(anonymous_25)
FNDA:0,(anonymous_26)
FNDA:0,(anonymous_27)
FNDA:0,(anonymous_28)
FNDA:0,(anonymous_29)
FNDA:0,(anonymous_30)
FNDA:0,(anonymous_31)
FNDA:0,(anonymous_32)
FNDA:0,(anonymous_33)
FNDA:0,(anonymous_34)
FNDA:0,(anonymous_35)
FNDA:0,(anonymous_36)
FNDA:0,(anonymous_37)
FNDA:0,(anonymous_38)
DA:16,0
DA:17,0
DA:18,0
DA:44,0
DA:45,0
DA:48,0
DA:49,0
DA:57,0
DA:58,0
DA:66,0
DA:67,0
DA:75,0
DA:76,0
DA:85,0
DA:98,0
DA:99,0
DA:102,0
DA:103,0
DA:109,0
DA:110,0
DA:116,0
DA:117,0
DA:123,0
DA:124,0
DA:131,0
DA:143,0
DA:144,0
DA:146,0
DA:147,0
DA:148,0
DA:149,0
DA:150,0
DA:151,0
DA:153,0
DA:161,0
DA:162,0
DA:172,0
DA:173,0
DA:210,0
DA:244,0
DA:284,0
DA:295,0
DA:318,0
DA:334,0
DA:339,0
DA:340,0
DA:343,0
DA:344,0
DA:345,0
DA:348,0
DA:351,0
DA:353,0
DA:360,0
DA:368,0
DA:369,0
DA:371,0
DA:372,0
DA:373,0
DA:384,0
DA:386,0
DA:387,0
DA:398,0
DA:403,0
DA:404,0
DA:407,0
DA:408,0
DA:409,0
DA:412,0
DA:415,0
DA:417,0
DA:424,0
DA:432,0
DA:433,0
DA:435,0
DA:436,0
DA:437,0
DA:447,0
DA:449,0
DA:450,0
DA:461,0
DA:466,0
DA:467,0
DA:470,0
DA:471,0
DA:472,0
DA:475,0
DA:478,0
DA:480,0
DA:487,0
DA:495,0
DA:496,0
DA:498,0
DA:499,0
DA:500,0
DA:507,0
DA:509,0
DA:510,0
DA:519,0
DA:520,0
DA:521,0
DA:524,0
DA:525,0
DA:526,0
DA:535,0
DA:538,0
DA:546,0
DA:547,0
DA:562,0
DA:565,0
DA:566,0
DA:569,0
DA:570,0
DA:573,0
DA:576,0
DA:578,0
DA:579,0
DA:589,0
DA:593,0
DA:594,0
DA:607,0
DA:608,0
DA:609,0
DA:622,0
DA:625,0
DA:637,0
DA:638,0
DA:659,0
DA:664,0
DA:666,0
DA:667,0
DA:670,0
DA:671,0
DA:672,0
DA:673,0
DA:676,0
DA:679,0
DA:680,0
DA:685,0
DA:692,0
DA:693,0
DA:694,0
DA:695,0
DA:696,0
DA:706,0
DA:709,0
DA:710,0
DA:711,0
DA:722,0
DA:727,0
DA:729,0
DA:730,0
DA:733,0
DA:734,0
DA:735,0
DA:736,0
DA:739,0
DA:742,0
DA:743,0
DA:749,0
DA:757,0
DA:758,0
DA:759,0
DA:760,0
DA:761,0
DA:767,0
DA:770,0
DA:771,0
DA:772,0
LF:168
LH:0
BRDA:48,0,0,0
BRDA:48,0,1,0
BRDA:48,1,0,0
BRDA:48,1,1,0
BRDA:57,2,0,0
BRDA:57,2,1,0
BRDA:57,3,0,0
BRDA:57,3,1,0
BRDA:66,4,0,0
BRDA:66,4,1,0
BRDA:66,5,0,0
BRDA:66,5,1,0
BRDA:75,6,0,0
BRDA:75,6,1,0
BRDA:75,7,0,0
BRDA:75,7,1,0
BRDA:102,8,0,0
BRDA:102,8,1,0
BRDA:102,9,0,0
BRDA:102,9,1,0
BRDA:109,10,0,0
BRDA:109,10,1,0
BRDA:109,11,0,0
BRDA:109,11,1,0
BRDA:116,12,0,0
BRDA:116,12,1,0
BRDA:116,13,0,0
BRDA:116,13,1,0
BRDA:123,14,0,0
BRDA:123,14,1,0
BRDA:123,15,0,0
BRDA:123,15,1,0
BRDA:146,16,0,0
BRDA:146,16,1,0
BRDA:146,17,0,0
BRDA:146,17,1,0
BRDA:148,18,0,0
BRDA:148,18,1,0
BRDA:148,19,0,0
BRDA:148,19,1,0
BRDA:150,20,0,0
BRDA:150,20,1,0
BRDA:150,21,0,0
BRDA:150,21,1,0
BRDA:339,22,0,0
BRDA:343,23,0,0
BRDA:351,24,0,0
BRDA:351,24,1,0
BRDA:376,25,0,0
BRDA:376,25,1,0
BRDA:379,26,0,0
BRDA:379,26,1,0
BRDA:380,27,0,0
BRDA:380,27,1,0
BRDA:403,28,0,0
BRDA:407,29,0,0
BRDA:415,30,0,0
BRDA:415,30,1,0
BRDA:442,31,0,0
BRDA:442,31,1,0
BRDA:443,32,0,0
BRDA:443,32,1,0
BRDA:464,33,0,0
BRDA:466,34,0,0
BRDA:470,35,0,0
BRDA:478,36,0,0
BRDA:478,36,1,0
BRDA:503,37,0,0
BRDA:503,37,1,0
BRDA:520,38,0,0
BRDA:524,39,0,0
BRDA:565,40,0,0
BRDA:569,41,0,0
BRDA:569,42,0,0
BRDA:569,42,1,0
BRDA:593,43,0,0
BRDA:607,44,0,0
BRDA:664,45,0,0
BRDA:670,46,0,0
BRDA:679,47,0,0
BRDA:679,47,1,0
BRDA:699,48,0,0
BRDA:699,48,1,0
BRDA:702,49,0,0
BRDA:702,49,1,0
BRDA:703,50,0,0
BRDA:703,50,1,0
BRDA:727,51,0,0
BRDA:733,52,0,0
BRDA:742,53,0,0
BRDA:742,53,1,0
BRDA:764,54,0,0
BRDA:764,54,1,0
BRF:93
BRH:0
end_of_record
TN:
SF:lib/firebase.ts
FNF:0
FNH:0
DA:1,0
DA:2,0
DA:3,0
DA:6,0
DA:9,0
DA:15,0
DA:27,0
DA:28,0
DA:29,0
DA:32,0
DA:33,0
DA:34,0
DA:35,0
DA:36,0
DA:41,0
DA:42,0
DA:43,0
DA:44,0
DA:46,0
DA:50,0
DA:57,0
DA:58,0
LF:22
LH:0
BRDA:6,0,0,0
BRDA:6,0,1,0
BRDA:16,1,0,0
BRDA:16,1,1,0
BRDA:17,2,0,0
BRDA:17,2,1,0
BRDA:18,3,0,0
BRDA:18,3,1,0
BRDA:19,4,0,0
BRDA:19,4,1,0
BRDA:20,5,0,0
BRDA:20,5,1,0
BRDA:21,6,0,0
BRDA:21,6,1,0
BRDA:32,7,0,0
BRDA:32,8,0,0
BRDA:32,8,1,0
BRDA:32,8,2,0
BRDA:32,8,3,0
BRDA:34,9,0,0
BRDA:34,9,1,0
BRDA:41,10,0,0
BRDA:41,11,0,0
BRDA:41,11,1,0
BRF:24
BRH:0
end_of_record
TN:
SF:lib/organizations.ts
FN:32,(anonymous_13)
FN:100,(anonymous_14)
FN:125,(anonymous_15)
FN:156,(anonymous_16)
FN:190,(anonymous_17)
FN:216,(anonymous_18)
FN:250,(anonymous_19)
FN:263,(anonymous_20)
FN:291,(anonymous_21)
FN:330,(anonymous_22)
FN:347,(anonymous_23)
FN:360,(anonymous_24)
FN:409,(anonymous_25)
FN:416,(anonymous_26)
FN:421,(anonymous_27)
FN:428,(anonymous_28)
FN:442,(anonymous_29)
FNF:17
FNH:0
FNDA:0,(anonymous_13)
FNDA:0,(anonymous_14)
FNDA:0,(anonymous_15)
FNDA:0,(anonymous_16)
FNDA:0,(anonymous_17)
FNDA:0,(anonymous_18)
FNDA:0,(anonymous_19)
FNDA:0,(anonymous_20)
FNDA:0,(anonymous_21)
FNDA:0,(anonymous_22)
FNDA:0,(anonymous_23)
FNDA:0,(anonymous_24)
FNDA:0,(anonymous_25)
FNDA:0,(anonymous_26)
FNDA:0,(anonymous_27)
FNDA:0,(anonymous_28)
FNDA:0,(anonymous_29)
DA:15,0
DA:16,0
DA:32,0
DA:37,0
DA:38,0
DA:41,0
DA:42,0
DA:44,0
DA:69,0
DA:79,0
DA:82,0
DA:88,0
DA:90,0
DA:91,0
DA:100,0
DA:101,0
DA:102,0
DA:103,0
DA:106,0
DA:107,0
DA:109,0
DA:110,0
DA:113,0
DA:115,0
DA:116,0
DA:125,0
DA:126,0
DA:127,0
DA:128,0
DA:131,0
DA:132,0
DA:137,0
DA:139,0
DA:140,0
DA:141,0
DA:144,0
DA:146,0
DA:147,0
DA:156,0
DA:157,0
DA:158,0
DA:159,0
DA:162,0
DA:164,0
DA:166,0
DA:167,0
DA:170,0
DA:171,0
DA:173,0
DA:174,0
DA:177,0
DA:179,0
DA:180,0
DA:190,0
DA:194,0
DA:195,0
DA:198,0
DA:199,0
DA:204,0
DA:205,0
DA:216,0
DA:221,0
DA:222,0
DA:225,0
DA:227,0
DA:228,0
DA:233,0
DA:239,0
DA:240,0
DA:250,0
DA:254,0
DA:255,0
DA:258,0
DA:260,0
DA:261,0
DA:262,0
DA:263,0
DA:265,0
DA:271,0
DA:277,0
DA:278,0
DA:291,0
DA:298,0
DA:299,0
DA:302,0
DA:303,0
DA:306,0
DA:317,0
DA:318,0
DA:320,0
DA:321,0
DA:330,0
DA:333,0
DA:334,0
DA:335,0
DA:338,0
DA:339,0
DA:346,0
DA:347,0
DA:349,0
DA:350,0
DA:360,0
DA:364,0
DA:365,0
DA:368,0
DA:369,0
DA:370,0
DA:372,0
DA:373,0
DA:376,0
DA:379,0
DA:380,0
DA:382,0
DA:383,0
DA:387,0
DA:394,0
DA:398,0
DA:399,0
DA:409,0
DA:413,0
DA:414,0
DA:415,0
DA:416,0
DA:419,0
DA:422,0
DA:423,0
DA:425,0
DA:429,0
DA:430,0
DA:442,0
DA:447,0
DA:448,0
DA:451,0
DA:452,0
DA:454,0
DA:455,0
DA:458,0
DA:460,0
DA:461,0
DA:464,0
DA:471,0
DA:472,0
DA:474,0
DA:476,0
DA:477,0
LF:145
LH:0
BRDA:37,0,0,0
BRDA:101,1,0,0
BRDA:109,2,0,0
BRDA:126,3,0,0
BRDA:139,4,0,0
BRDA:157,5,0,0
BRDA:166,6,0,0
BRDA:173,7,0,0
BRDA:194,8,0,0
BRDA:219,9,0,0
BRDA:221,10,0,0
BRDA:229,11,0,0
BRDA:229,11,1,0
BRDA:254,12,0,0
BRDA:262,13,0,0
BRDA:262,13,1,0
BRDA:298,14,0,0
BRDA:333,15,0,0
BRDA:364,16,0,0
BRDA:372,17,0,0
BRDA:380,18,0,0
BRDA:380,18,1,0
BRDA:382,19,0,0
BRDA:413,20,0,0
BRDA:422,21,0,0
BRDA:422,21,1,0
BRDA:445,22,0,0
BRDA:447,23,0,0
BRDA:454,24,0,0
BRDA:460,25,0,0
BRDA:471,26,0,0
BRDA:471,26,1,0
BRDA:472,27,0,0
BRDA:472,27,1,0
BRF:34
BRH:0
end_of_record
TN:
SF:lib/useAuth.ts
FN:10,(anonymous_1)
FN:14,(anonymous_2)
FN:15,(anonymous_3)
FNF:3
FNH:0
FNDA:0,(anonymous_1)
FNDA:0,(anonymous_2)
FNDA:0,(anonymous_3)
DA:3,0
DA:4,0
DA:10,0
DA:11,0
DA:12,0
DA:14,0
DA:15,0
DA:16,0
DA:17,0
DA:18,0
DA:20,0
DA:21,0
DA:23,0
DA:27,0
DA:30,0
LF:15
LH:0
BRF:0
BRH:0
end_of_record
TN:
SF:lib/utils.ts
FN:9,cn
FNF:1
FNH:0
FNDA:0,cn
DA:1,0
DA:2,0
DA:9,0
DA:10,0
LF:4
LH:0
BRF:0
BRH:0
end_of_record
TN:
SF:lib/weather.ts
FN:15,(anonymous_8)
FN:16,(anonymous_9)
FN:23,(anonymous_10)
FN:31,(anonymous_11)
FN:47,(anonymous_12)
FN:78,(anonymous_13)
FN:124,(anonymous_14)
FN:150,(anonymous_15)
FN:159,(anonymous_16)
FN:186,(anonymous_17)
FNF:10
FNH:0
FNDA:0,(anonymous_8)
FNDA:0,(anonymous_9)
FNDA:0,(anonymous_10)
FNDA:0,(anonymous_11)
FNDA:0,(anonymous_12)
FNDA:0,(anonymous_13)
FNDA:0,(anonymous_14)
FNDA:0,(anonymous_15)
FNDA:0,(anonymous_16)
FNDA:0,(anonymous_17)
DA:8,0
DA:9,0
DA:15,0
DA:16,0
DA:17,0
DA:18,0
DA:19,0
DA:22,0
DA:24,0
DA:32,0
DA:47,0
DA:48,0
DA:50,0
DA:51,0
DA:53,0
DA:54,0
DA:57,0
DA:64,0
DA:78,0
DA:82,0
DA:83,0
DA:87,0
DA:88,0
DA:91,0
DA:93,0
DA:104,0
DA:107,0
DA:124,0
DA:125,0
DA:127,0
DA:128,0
DA:130,0
DA:132,0
DA:134,0
DA:135,0
DA:137,0
DA:140,0
DA:150,0
DA:151,0
DA:159,0
DA:160,0
DA:178,0
DA:186,0
DA:187,0
DA:190,0
DA:214,0
DA:215,0
DA:216,0
DA:221,0
DA:222,0
DA:223,0
DA:228,0
LF:52
LH:0
BRDA:8,0,0,0
BRDA:8,0,1,0
BRDA:17,1,0,0
BRDA:53,2,0,0
BRDA:87,3,0,0
BRDA:178,4,0,0
BRDA:178,4,1,0
BRDA:215,5,0,0
BRDA:222,6,0,0
BRDA:222,7,0,0
BRDA:222,7,1,0
BRF:11
BRH:0
end_of_record
